#
# There is insufficient memory for the Java Runtime Environment to continue.
# Native memory allocation (malloc) failed to allocate 1682736 bytes for Chunk::new
# Possible reasons:
#   The system is out of physical RAM or swap space
#   The process is running with CompressedOops enabled, and the Java Heap may be blocking the growth of the native heap
# Possible solutions:
#   Reduce memory load on the system
#   Increase physical memory or swap space
#   Check if swap backing store is full
#   Decrease Java heap size (-Xmx/-Xms)
#   Decrease number of Java threads
#   Decrease Java thread stack sizes (-Xss)
#   Set larger code cache with -XX:ReservedCodeCacheSize=
#   JVM is running with Unscaled Compressed Oops mode in which the Java heap is
#     placed in the first 4GB address space. The Java Heap base address is the
#     maximum limit for the native heap growth. Please use -XX:HeapBaseMinAddress
#     to set the Java Heap base and to place the Java Heap above 4GB virtual address.
# This output file may be truncated or incomplete.
#
#  Out of Memory Error (arena.cpp:189), pid=10344, tid=16580
#
# JRE version: Java(TM) SE Runtime Environment (17.0.10+11) (build 17.0.10+11-LTS-240)
# Java VM: Java HotSpot(TM) 64-Bit Server VM (17.0.10+11-LTS-240, mixed mode, sharing, tiered, compressed oops, compressed class ptrs, g1 gc, windows-amd64)
# No core dump will be written. Minidumps are not enabled by default on client versions of Windows
#

---------------  S U M M A R Y ------------

Command Line: -javaagent:C:\Program Files\Java\IntelliJ IDEA Community Edition 2022.3.2\lib\idea_rt.jar=52525:C:\Program Files\Java\IntelliJ IDEA Community Edition 2022.3.2\bin -Dfile.encoding=UTF-8 com.financiera.springboot.app.springbootcrud.SpringbootCrudApplication

Host: Intel(R) Core(TM) i5-6600 CPU @ 3.30GHz, 4 cores, 7G,  Windows 10 , 64 bit Build 19041 (10.0.19041.3636)
Time: Mon Jan 29 16:25:37 2024 Hora est. Pacífico, Sudamérica elapsed time: 1.690053 seconds (0d 0h 0m 1s)

---------------  T H R E A D  ---------------

Current thread (0x00000249f72f88d0):  JavaThread "C2 CompilerThread1" daemon [_thread_in_native, id=16580, stack(0x000000f2f5600000,0x000000f2f5700000)]


Current CompileTask:
C2:   1690 1749       4       jdk.internal.org.objectweb.asm.Frame::execute (2305 bytes)

Stack: [0x000000f2f5600000,0x000000f2f5700000]
Native frames: (J=compiled Java code, j=interpreted, Vv=VM code, C=native code)
V  [jvm.dll+0x677a5a]
V  [jvm.dll+0x7d8b2d]
V  [jvm.dll+0x7da48e]
V  [jvm.dll+0x7daaf3]
V  [jvm.dll+0x2455ff]
V  [jvm.dll+0xaaafb]
V  [jvm.dll+0xab09c]
V  [jvm.dll+0x361b5f]
V  [jvm.dll+0x32c211]
V  [jvm.dll+0x32b6aa]
V  [jvm.dll+0x21794f]
V  [jvm.dll+0x216d81]
V  [jvm.dll+0x1a3410]
V  [jvm.dll+0x226aeb]
V  [jvm.dll+0x224cab]
V  [jvm.dll+0x78e45c]
V  [jvm.dll+0x78888a]
V  [jvm.dll+0x676935]
C  [ucrtbase.dll+0x21bb2]
C  [KERNEL32.DLL+0x17344]
C  [ntdll.dll+0x526b1]


---------------  P R O C E S S  ---------------

Threads class SMR info:
_java_thread_list=0x00000249f7d35be0, length=16, elements={
0x00000249d4d39a20, 0x00000249f02af5e0, 0x00000249f02b0460, 0x00000249f02c2750,
0x00000249f02c3310, 0x00000249f02c63f0, 0x00000249f02c6db0, 0x00000249f02c7eb0,
0x00000249f02cbdb0, 0x00000249f274c840, 0x00000249f0296460, 0x00000249f7173990,
0x00000249f7173e70, 0x00000249f72f88d0, 0x00000249f7aad010, 0x00000249f7352600
}

Java Threads: ( => current thread )
  0x00000249d4d39a20 JavaThread "main" [_thread_blocked, id=16668, stack(0x000000f2f4200000,0x000000f2f4300000)]
  0x00000249f02af5e0 JavaThread "Reference Handler" daemon [_thread_blocked, id=11000, stack(0x000000f2f4900000,0x000000f2f4a00000)]
  0x00000249f02b0460 JavaThread "Finalizer" daemon [_thread_blocked, id=17312, stack(0x000000f2f4a00000,0x000000f2f4b00000)]
  0x00000249f02c2750 JavaThread "Signal Dispatcher" daemon [_thread_blocked, id=4548, stack(0x000000f2f4b00000,0x000000f2f4c00000)]
  0x00000249f02c3310 JavaThread "Attach Listener" daemon [_thread_blocked, id=16728, stack(0x000000f2f4c00000,0x000000f2f4d00000)]
  0x00000249f02c63f0 JavaThread "Service Thread" daemon [_thread_blocked, id=15644, stack(0x000000f2f4d00000,0x000000f2f4e00000)]
  0x00000249f02c6db0 JavaThread "Monitor Deflation Thread" daemon [_thread_blocked, id=10512, stack(0x000000f2f4e00000,0x000000f2f4f00000)]
  0x00000249f02c7eb0 JavaThread "C2 CompilerThread0" daemon [_thread_in_native, id=3464, stack(0x000000f2f4f00000,0x000000f2f5000000)]
  0x00000249f02cbdb0 JavaThread "C1 CompilerThread0" daemon [_thread_in_vm, id=4104, stack(0x000000f2f5000000,0x000000f2f5100000)]
  0x00000249f274c840 JavaThread "Sweeper thread" daemon [_thread_blocked, id=7092, stack(0x000000f2f5100000,0x000000f2f5200000)]
  0x00000249f0296460 JavaThread "Common-Cleaner" daemon [_thread_blocked, id=9260, stack(0x000000f2f5200000,0x000000f2f5300000)]
  0x00000249f7173990 JavaThread "Monitor Ctrl-Break" daemon [_thread_in_native, id=16008, stack(0x000000f2f5300000,0x000000f2f5400000)]
  0x00000249f7173e70 JavaThread "Notification Thread" daemon [_thread_blocked, id=3484, stack(0x000000f2f5400000,0x000000f2f5500000)]
=>0x00000249f72f88d0 JavaThread "C2 CompilerThread1" daemon [_thread_in_native, id=16580, stack(0x000000f2f5600000,0x000000f2f5700000)]
  0x00000249f7aad010 JavaThread "Thread-0" [_thread_blocked, id=11260, stack(0x000000f2f5a00000,0x000000f2f5b00000)]
  0x00000249f7352600 JavaThread "restartedMain" [_thread_in_vm, id=12056, stack(0x000000f2f5b00000,0x000000f2f5c00000)]

Other Threads:
  0x00000249f02a79d0 VMThread "VM Thread" [stack: 0x000000f2f4800000,0x000000f2f4900000] [id=10492]
  0x00000249f722d580 WatcherThread [stack: 0x000000f2f5500000,0x000000f2f5600000] [id=1176]
  0x00000249f00f0b70 GCTaskThread "GC Thread#0" [stack: 0x000000f2f4300000,0x000000f2f4400000] [id=16072]
  0x00000249f75ddf20 GCTaskThread "GC Thread#1" [stack: 0x000000f2f5700000,0x000000f2f5800000] [id=12416]
  0x00000249f75de1e0 GCTaskThread "GC Thread#2" [stack: 0x000000f2f5800000,0x000000f2f5900000] [id=16372]
  0x00000249f733d860 GCTaskThread "GC Thread#3" [stack: 0x000000f2f5900000,0x000000f2f5a00000] [id=1792]
  0x00000249d4d82ea0 ConcurrentGCThread "G1 Main Marker" [stack: 0x000000f2f4400000,0x000000f2f4500000] [id=17380]
  0x00000249d4d84420 ConcurrentGCThread "G1 Conc#0" [stack: 0x000000f2f4500000,0x000000f2f4600000] [id=3488]
  0x00000249f0160070 ConcurrentGCThread "G1 Refine#0" [stack: 0x000000f2f4600000,0x000000f2f4700000] [id=6216]
  0x00000249f01609b0 ConcurrentGCThread "G1 Service" [stack: 0x000000f2f4700000,0x000000f2f4800000] [id=4640]

Threads with active compile tasks:
C2 CompilerThread0     2176 2025   !   4       java.net.URL::<init> (543 bytes)
C1 CompilerThread0     2176 2242       3       org.springframework.util.AntPathMatcher::skipSegment (75 bytes)
C2 CompilerThread1     2176 1749       4       jdk.internal.org.objectweb.asm.Frame::execute (2305 bytes)

VM state: not at safepoint (normal execution)

VM Mutex/Monitor currently owned by a thread:  ([mutex/lock_event])
[0x00000249d4d33bc0] Metaspace_lock - owner thread: 0x00000249f02cbdb0
[0x00000249d4d359e0] MethodData_lock - owner thread: 0x00000249f02cbdb0

Heap address: 0x0000000081600000, size: 2026 MB, Compressed Oops mode: 32-bit

CDS archive(s) mapped at: [0x0000024980000000-0x0000024980bd0000-0x0000024980bd0000), size 12386304, SharedBaseAddress: 0x0000024980000000, ArchiveRelocationMode: 1.
Compressed class space mapped at: 0x0000024981000000-0x00000249c1000000, reserved size: 1073741824
Narrow klass base: 0x0000024980000000, Narrow klass shift: 0, Narrow klass range: 0x100000000

GC Precious Log:
 CPUs: 4 total, 4 available
 Memory: 8101M
 Large Page Support: Disabled
 NUMA Support: Disabled
 Compressed Oops: Enabled (32-bit)
 Heap Region Size: 1M
 Heap Min Capacity: 8M
 Heap Initial Capacity: 128M
 Heap Max Capacity: 2026M
 Pre-touch: Disabled
 Parallel Workers: 4
 Concurrent Workers: 1
 Concurrent Refinement Workers: 4
 Periodic GC: Disabled

Heap:
 garbage-first heap   total 131072K, used 28691K [0x0000000081600000, 0x0000000100000000)
  region size 1024K, 25 young (25600K), 4 survivors (4096K)
 Metaspace       used 16215K, committed 16448K, reserved 1114112K
  class space    used 1978K, committed 2112K, reserved 1048576K

Heap Regions: E=young(eden), S=young(survivor), O=old, HS=humongous(starts), HC=humongous(continues), CS=collection set, F=free, OA=open archive, CA=closed archive, TAMS=top-at-mark-start (previous, next)
|   0|0x0000000081600000, 0x0000000081700000, 0x0000000081700000|100%|HS|  |TAMS 0x0000000081600000, 0x0000000081600000| Complete 
|   1|0x0000000081700000, 0x0000000081800000, 0x0000000081800000|100%| O|  |TAMS 0x0000000081700000, 0x0000000081700000| Untracked 
|   2|0x0000000081800000, 0x0000000081900000, 0x0000000081900000|100%| O|  |TAMS 0x0000000081800000, 0x0000000081800000| Untracked 
|   3|0x0000000081900000, 0x0000000081a00000, 0x0000000081a00000|100%| O|  |TAMS 0x0000000081900000, 0x0000000081900000| Untracked 
|   4|0x0000000081a00000, 0x0000000081b00000, 0x0000000081b00000|100%| O|  |TAMS 0x0000000081a00000, 0x0000000081a00000| Untracked 
|   5|0x0000000081b00000, 0x0000000081bf7200, 0x0000000081c00000| 96%| O|  |TAMS 0x0000000081b00000, 0x0000000081b00000| Untracked 
|   6|0x0000000081c00000, 0x0000000081c00000, 0x0000000081d00000|  0%| F|  |TAMS 0x0000000081c00000, 0x0000000081c00000| Untracked 
|   7|0x0000000081d00000, 0x0000000081d00000, 0x0000000081e00000|  0%| F|  |TAMS 0x0000000081d00000, 0x0000000081d00000| Untracked 
|   8|0x0000000081e00000, 0x0000000081e00000, 0x0000000081f00000|  0%| F|  |TAMS 0x0000000081e00000, 0x0000000081e00000| Untracked 
|   9|0x0000000081f00000, 0x0000000081f00000, 0x0000000082000000|  0%| F|  |TAMS 0x0000000081f00000, 0x0000000081f00000| Untracked 
|  10|0x0000000082000000, 0x0000000082000000, 0x0000000082100000|  0%| F|  |TAMS 0x0000000082000000, 0x0000000082000000| Untracked 
|  11|0x0000000082100000, 0x0000000082100000, 0x0000000082200000|  0%| F|  |TAMS 0x0000000082100000, 0x0000000082100000| Untracked 
|  12|0x0000000082200000, 0x0000000082200000, 0x0000000082300000|  0%| F|  |TAMS 0x0000000082200000, 0x0000000082200000| Untracked 
|  13|0x0000000082300000, 0x0000000082300000, 0x0000000082400000|  0%| F|  |TAMS 0x0000000082300000, 0x0000000082300000| Untracked 
|  14|0x0000000082400000, 0x0000000082400000, 0x0000000082500000|  0%| F|  |TAMS 0x0000000082400000, 0x0000000082400000| Untracked 
|  15|0x0000000082500000, 0x0000000082500000, 0x0000000082600000|  0%| F|  |TAMS 0x0000000082500000, 0x0000000082500000| Untracked 
|  16|0x0000000082600000, 0x0000000082600000, 0x0000000082700000|  0%| F|  |TAMS 0x0000000082600000, 0x0000000082600000| Untracked 
|  17|0x0000000082700000, 0x0000000082700000, 0x0000000082800000|  0%| F|  |TAMS 0x0000000082700000, 0x0000000082700000| Untracked 
|  18|0x0000000082800000, 0x0000000082800000, 0x0000000082900000|  0%| F|  |TAMS 0x0000000082800000, 0x0000000082800000| Untracked 
|  19|0x0000000082900000, 0x0000000082900000, 0x0000000082a00000|  0%| F|  |TAMS 0x0000000082900000, 0x0000000082900000| Untracked 
|  20|0x0000000082a00000, 0x0000000082a00000, 0x0000000082b00000|  0%| F|  |TAMS 0x0000000082a00000, 0x0000000082a00000| Untracked 
|  21|0x0000000082b00000, 0x0000000082b00000, 0x0000000082c00000|  0%| F|  |TAMS 0x0000000082b00000, 0x0000000082b00000| Untracked 
|  22|0x0000000082c00000, 0x0000000082c00000, 0x0000000082d00000|  0%| F|  |TAMS 0x0000000082c00000, 0x0000000082c00000| Untracked 
|  23|0x0000000082d00000, 0x0000000082d00000, 0x0000000082e00000|  0%| F|  |TAMS 0x0000000082d00000, 0x0000000082d00000| Untracked 
|  24|0x0000000082e00000, 0x0000000082e00000, 0x0000000082f00000|  0%| F|  |TAMS 0x0000000082e00000, 0x0000000082e00000| Untracked 
|  25|0x0000000082f00000, 0x0000000082f00000, 0x0000000083000000|  0%| F|  |TAMS 0x0000000082f00000, 0x0000000082f00000| Untracked 
|  26|0x0000000083000000, 0x0000000083000000, 0x0000000083100000|  0%| F|  |TAMS 0x0000000083000000, 0x0000000083000000| Untracked 
|  27|0x0000000083100000, 0x0000000083100000, 0x0000000083200000|  0%| F|  |TAMS 0x0000000083100000, 0x0000000083100000| Untracked 
|  28|0x0000000083200000, 0x0000000083200000, 0x0000000083300000|  0%| F|  |TAMS 0x0000000083200000, 0x0000000083200000| Untracked 
|  29|0x0000000083300000, 0x0000000083300000, 0x0000000083400000|  0%| F|  |TAMS 0x0000000083300000, 0x0000000083300000| Untracked 
|  30|0x0000000083400000, 0x0000000083400000, 0x0000000083500000|  0%| F|  |TAMS 0x0000000083400000, 0x0000000083400000| Untracked 
|  31|0x0000000083500000, 0x0000000083500000, 0x0000000083600000|  0%| F|  |TAMS 0x0000000083500000, 0x0000000083500000| Untracked 
|  32|0x0000000083600000, 0x0000000083600000, 0x0000000083700000|  0%| F|  |TAMS 0x0000000083600000, 0x0000000083600000| Untracked 
|  33|0x0000000083700000, 0x0000000083700000, 0x0000000083800000|  0%| F|  |TAMS 0x0000000083700000, 0x0000000083700000| Untracked 
|  34|0x0000000083800000, 0x0000000083800000, 0x0000000083900000|  0%| F|  |TAMS 0x0000000083800000, 0x0000000083800000| Untracked 
|  35|0x0000000083900000, 0x0000000083900000, 0x0000000083a00000|  0%| F|  |TAMS 0x0000000083900000, 0x0000000083900000| Untracked 
|  36|0x0000000083a00000, 0x0000000083a00000, 0x0000000083b00000|  0%| F|  |TAMS 0x0000000083a00000, 0x0000000083a00000| Untracked 
|  37|0x0000000083b00000, 0x0000000083b00000, 0x0000000083c00000|  0%| F|  |TAMS 0x0000000083b00000, 0x0000000083b00000| Untracked 
|  38|0x0000000083c00000, 0x0000000083c00000, 0x0000000083d00000|  0%| F|  |TAMS 0x0000000083c00000, 0x0000000083c00000| Untracked 
|  39|0x0000000083d00000, 0x0000000083d00000, 0x0000000083e00000|  0%| F|  |TAMS 0x0000000083d00000, 0x0000000083d00000| Untracked 
|  40|0x0000000083e00000, 0x0000000083e00000, 0x0000000083f00000|  0%| F|  |TAMS 0x0000000083e00000, 0x0000000083e00000| Untracked 
|  41|0x0000000083f00000, 0x0000000083f00000, 0x0000000084000000|  0%| F|  |TAMS 0x0000000083f00000, 0x0000000083f00000| Untracked 
|  42|0x0000000084000000, 0x0000000084000000, 0x0000000084100000|  0%| F|  |TAMS 0x0000000084000000, 0x0000000084000000| Untracked 
|  43|0x0000000084100000, 0x0000000084100000, 0x0000000084200000|  0%| F|  |TAMS 0x0000000084100000, 0x0000000084100000| Untracked 
|  44|0x0000000084200000, 0x0000000084200000, 0x0000000084300000|  0%| F|  |TAMS 0x0000000084200000, 0x0000000084200000| Untracked 
|  45|0x0000000084300000, 0x0000000084300000, 0x0000000084400000|  0%| F|  |TAMS 0x0000000084300000, 0x0000000084300000| Untracked 
|  46|0x0000000084400000, 0x0000000084400000, 0x0000000084500000|  0%| F|  |TAMS 0x0000000084400000, 0x0000000084400000| Untracked 
|  47|0x0000000084500000, 0x0000000084500000, 0x0000000084600000|  0%| F|  |TAMS 0x0000000084500000, 0x0000000084500000| Untracked 
|  48|0x0000000084600000, 0x0000000084600000, 0x0000000084700000|  0%| F|  |TAMS 0x0000000084600000, 0x0000000084600000| Untracked 
|  49|0x0000000084700000, 0x0000000084700000, 0x0000000084800000|  0%| F|  |TAMS 0x0000000084700000, 0x0000000084700000| Untracked 
|  50|0x0000000084800000, 0x0000000084800000, 0x0000000084900000|  0%| F|  |TAMS 0x0000000084800000, 0x0000000084800000| Untracked 
|  51|0x0000000084900000, 0x0000000084900000, 0x0000000084a00000|  0%| F|  |TAMS 0x0000000084900000, 0x0000000084900000| Untracked 
|  52|0x0000000084a00000, 0x0000000084a00000, 0x0000000084b00000|  0%| F|  |TAMS 0x0000000084a00000, 0x0000000084a00000| Untracked 
|  53|0x0000000084b00000, 0x0000000084b00000, 0x0000000084c00000|  0%| F|  |TAMS 0x0000000084b00000, 0x0000000084b00000| Untracked 
|  54|0x0000000084c00000, 0x0000000084c00000, 0x0000000084d00000|  0%| F|  |TAMS 0x0000000084c00000, 0x0000000084c00000| Untracked 
|  55|0x0000000084d00000, 0x0000000084d00000, 0x0000000084e00000|  0%| F|  |TAMS 0x0000000084d00000, 0x0000000084d00000| Untracked 
|  56|0x0000000084e00000, 0x0000000084e00000, 0x0000000084f00000|  0%| F|  |TAMS 0x0000000084e00000, 0x0000000084e00000| Untracked 
|  57|0x0000000084f00000, 0x0000000084f00000, 0x0000000085000000|  0%| F|  |TAMS 0x0000000084f00000, 0x0000000084f00000| Untracked 
|  58|0x0000000085000000, 0x0000000085000000, 0x0000000085100000|  0%| F|  |TAMS 0x0000000085000000, 0x0000000085000000| Untracked 
|  59|0x0000000085100000, 0x0000000085100000, 0x0000000085200000|  0%| F|  |TAMS 0x0000000085100000, 0x0000000085100000| Untracked 
|  60|0x0000000085200000, 0x0000000085200000, 0x0000000085300000|  0%| F|  |TAMS 0x0000000085200000, 0x0000000085200000| Untracked 
|  61|0x0000000085300000, 0x0000000085300000, 0x0000000085400000|  0%| F|  |TAMS 0x0000000085300000, 0x0000000085300000| Untracked 
|  62|0x0000000085400000, 0x0000000085400000, 0x0000000085500000|  0%| F|  |TAMS 0x0000000085400000, 0x0000000085400000| Untracked 
|  63|0x0000000085500000, 0x0000000085500000, 0x0000000085600000|  0%| F|  |TAMS 0x0000000085500000, 0x0000000085500000| Untracked 
|  64|0x0000000085600000, 0x0000000085600000, 0x0000000085700000|  0%| F|  |TAMS 0x0000000085600000, 0x0000000085600000| Untracked 
|  65|0x0000000085700000, 0x0000000085700000, 0x0000000085800000|  0%| F|  |TAMS 0x0000000085700000, 0x0000000085700000| Untracked 
|  66|0x0000000085800000, 0x0000000085800000, 0x0000000085900000|  0%| F|  |TAMS 0x0000000085800000, 0x0000000085800000| Untracked 
|  67|0x0000000085900000, 0x0000000085900000, 0x0000000085a00000|  0%| F|  |TAMS 0x0000000085900000, 0x0000000085900000| Untracked 
|  68|0x0000000085a00000, 0x0000000085a00000, 0x0000000085b00000|  0%| F|  |TAMS 0x0000000085a00000, 0x0000000085a00000| Untracked 
|  69|0x0000000085b00000, 0x0000000085b00000, 0x0000000085c00000|  0%| F|  |TAMS 0x0000000085b00000, 0x0000000085b00000| Untracked 
|  70|0x0000000085c00000, 0x0000000085c00000, 0x0000000085d00000|  0%| F|  |TAMS 0x0000000085c00000, 0x0000000085c00000| Untracked 
|  71|0x0000000085d00000, 0x0000000085d00000, 0x0000000085e00000|  0%| F|  |TAMS 0x0000000085d00000, 0x0000000085d00000| Untracked 
|  72|0x0000000085e00000, 0x0000000085e00000, 0x0000000085f00000|  0%| F|  |TAMS 0x0000000085e00000, 0x0000000085e00000| Untracked 
|  73|0x0000000085f00000, 0x0000000085f00000, 0x0000000086000000|  0%| F|  |TAMS 0x0000000085f00000, 0x0000000085f00000| Untracked 
|  74|0x0000000086000000, 0x0000000086000000, 0x0000000086100000|  0%| F|  |TAMS 0x0000000086000000, 0x0000000086000000| Untracked 
|  75|0x0000000086100000, 0x0000000086100000, 0x0000000086200000|  0%| F|  |TAMS 0x0000000086100000, 0x0000000086100000| Untracked 
|  76|0x0000000086200000, 0x0000000086200000, 0x0000000086300000|  0%| F|  |TAMS 0x0000000086200000, 0x0000000086200000| Untracked 
|  77|0x0000000086300000, 0x0000000086300000, 0x0000000086400000|  0%| F|  |TAMS 0x0000000086300000, 0x0000000086300000| Untracked 
|  78|0x0000000086400000, 0x0000000086400000, 0x0000000086500000|  0%| F|  |TAMS 0x0000000086400000, 0x0000000086400000| Untracked 
|  79|0x0000000086500000, 0x0000000086500000, 0x0000000086600000|  0%| F|  |TAMS 0x0000000086500000, 0x0000000086500000| Untracked 
|  80|0x0000000086600000, 0x0000000086600000, 0x0000000086700000|  0%| F|  |TAMS 0x0000000086600000, 0x0000000086600000| Untracked 
|  81|0x0000000086700000, 0x0000000086700000, 0x0000000086800000|  0%| F|  |TAMS 0x0000000086700000, 0x0000000086700000| Untracked 
|  82|0x0000000086800000, 0x0000000086800000, 0x0000000086900000|  0%| F|  |TAMS 0x0000000086800000, 0x0000000086800000| Untracked 
|  83|0x0000000086900000, 0x0000000086900000, 0x0000000086a00000|  0%| F|  |TAMS 0x0000000086900000, 0x0000000086900000| Untracked 
|  84|0x0000000086a00000, 0x0000000086a00000, 0x0000000086b00000|  0%| F|  |TAMS 0x0000000086a00000, 0x0000000086a00000| Untracked 
|  85|0x0000000086b00000, 0x0000000086b00000, 0x0000000086c00000|  0%| F|  |TAMS 0x0000000086b00000, 0x0000000086b00000| Untracked 
|  86|0x0000000086c00000, 0x0000000086c00000, 0x0000000086d00000|  0%| F|  |TAMS 0x0000000086c00000, 0x0000000086c00000| Untracked 
|  87|0x0000000086d00000, 0x0000000086d00000, 0x0000000086e00000|  0%| F|  |TAMS 0x0000000086d00000, 0x0000000086d00000| Untracked 
|  88|0x0000000086e00000, 0x0000000086e00000, 0x0000000086f00000|  0%| F|  |TAMS 0x0000000086e00000, 0x0000000086e00000| Untracked 
|  89|0x0000000086f00000, 0x0000000086f00000, 0x0000000087000000|  0%| F|  |TAMS 0x0000000086f00000, 0x0000000086f00000| Untracked 
|  90|0x0000000087000000, 0x0000000087000000, 0x0000000087100000|  0%| F|  |TAMS 0x0000000087000000, 0x0000000087000000| Untracked 
|  91|0x0000000087100000, 0x0000000087100000, 0x0000000087200000|  0%| F|  |TAMS 0x0000000087100000, 0x0000000087100000| Untracked 
|  92|0x0000000087200000, 0x0000000087200000, 0x0000000087300000|  0%| F|  |TAMS 0x0000000087200000, 0x0000000087200000| Untracked 
|  93|0x0000000087300000, 0x0000000087300000, 0x0000000087400000|  0%| F|  |TAMS 0x0000000087300000, 0x0000000087300000| Untracked 
|  94|0x0000000087400000, 0x0000000087400000, 0x0000000087500000|  0%| F|  |TAMS 0x0000000087400000, 0x0000000087400000| Untracked 
|  95|0x0000000087500000, 0x0000000087500000, 0x0000000087600000|  0%| F|  |TAMS 0x0000000087500000, 0x0000000087500000| Untracked 
|  96|0x0000000087600000, 0x0000000087600000, 0x0000000087700000|  0%| F|  |TAMS 0x0000000087600000, 0x0000000087600000| Untracked 
|  97|0x0000000087700000, 0x000000008770da38, 0x0000000087800000|  5%| S|CS|TAMS 0x0000000087700000, 0x0000000087700000| Complete 
|  98|0x0000000087800000, 0x0000000087900000, 0x0000000087900000|100%| S|CS|TAMS 0x0000000087800000, 0x0000000087800000| Complete 
|  99|0x0000000087900000, 0x0000000087a00000, 0x0000000087a00000|100%| S|CS|TAMS 0x0000000087900000, 0x0000000087900000| Complete 
| 100|0x0000000087a00000, 0x0000000087b00000, 0x0000000087b00000|100%| S|CS|TAMS 0x0000000087a00000, 0x0000000087a00000| Complete 
| 101|0x0000000087b00000, 0x0000000087b00000, 0x0000000087c00000|  0%| F|  |TAMS 0x0000000087b00000, 0x0000000087b00000| Untracked 
| 102|0x0000000087c00000, 0x0000000087c00000, 0x0000000087d00000|  0%| F|  |TAMS 0x0000000087c00000, 0x0000000087c00000| Untracked 
| 103|0x0000000087d00000, 0x0000000087d00000, 0x0000000087e00000|  0%| F|  |TAMS 0x0000000087d00000, 0x0000000087d00000| Untracked 
| 104|0x0000000087e00000, 0x0000000087e00000, 0x0000000087f00000|  0%| F|  |TAMS 0x0000000087e00000, 0x0000000087e00000| Untracked 
| 105|0x0000000087f00000, 0x0000000087f00000, 0x0000000088000000|  0%| F|  |TAMS 0x0000000087f00000, 0x0000000087f00000| Untracked 
| 106|0x0000000088000000, 0x0000000088000000, 0x0000000088100000|  0%| F|  |TAMS 0x0000000088000000, 0x0000000088000000| Untracked 
| 107|0x0000000088100000, 0x0000000088200000, 0x0000000088200000|100%| E|  |TAMS 0x0000000088100000, 0x0000000088100000| Complete 
| 108|0x0000000088200000, 0x0000000088300000, 0x0000000088300000|100%| E|CS|TAMS 0x0000000088200000, 0x0000000088200000| Complete 
| 109|0x0000000088300000, 0x0000000088400000, 0x0000000088400000|100%| E|CS|TAMS 0x0000000088300000, 0x0000000088300000| Complete 
| 110|0x0000000088400000, 0x0000000088500000, 0x0000000088500000|100%| E|CS|TAMS 0x0000000088400000, 0x0000000088400000| Complete 
| 111|0x0000000088500000, 0x0000000088600000, 0x0000000088600000|100%| E|CS|TAMS 0x0000000088500000, 0x0000000088500000| Complete 
| 112|0x0000000088600000, 0x0000000088700000, 0x0000000088700000|100%| E|CS|TAMS 0x0000000088600000, 0x0000000088600000| Complete 
| 113|0x0000000088700000, 0x0000000088800000, 0x0000000088800000|100%| E|CS|TAMS 0x0000000088700000, 0x0000000088700000| Complete 
| 114|0x0000000088800000, 0x0000000088900000, 0x0000000088900000|100%| E|CS|TAMS 0x0000000088800000, 0x0000000088800000| Complete 
| 115|0x0000000088900000, 0x0000000088a00000, 0x0000000088a00000|100%| E|CS|TAMS 0x0000000088900000, 0x0000000088900000| Complete 
| 116|0x0000000088a00000, 0x0000000088b00000, 0x0000000088b00000|100%| E|CS|TAMS 0x0000000088a00000, 0x0000000088a00000| Complete 
| 117|0x0000000088b00000, 0x0000000088c00000, 0x0000000088c00000|100%| E|CS|TAMS 0x0000000088b00000, 0x0000000088b00000| Complete 
| 118|0x0000000088c00000, 0x0000000088d00000, 0x0000000088d00000|100%| E|CS|TAMS 0x0000000088c00000, 0x0000000088c00000| Complete 
| 119|0x0000000088d00000, 0x0000000088e00000, 0x0000000088e00000|100%| E|CS|TAMS 0x0000000088d00000, 0x0000000088d00000| Complete 
| 120|0x0000000088e00000, 0x0000000088f00000, 0x0000000088f00000|100%| E|CS|TAMS 0x0000000088e00000, 0x0000000088e00000| Complete 
| 121|0x0000000088f00000, 0x0000000089000000, 0x0000000089000000|100%| E|CS|TAMS 0x0000000088f00000, 0x0000000088f00000| Complete 
| 122|0x0000000089000000, 0x0000000089100000, 0x0000000089100000|100%| E|CS|TAMS 0x0000000089000000, 0x0000000089000000| Complete 
| 123|0x0000000089100000, 0x0000000089200000, 0x0000000089200000|100%| E|CS|TAMS 0x0000000089100000, 0x0000000089100000| Complete 
| 124|0x0000000089200000, 0x0000000089300000, 0x0000000089300000|100%| E|CS|TAMS 0x0000000089200000, 0x0000000089200000| Complete 
| 125|0x0000000089300000, 0x0000000089400000, 0x0000000089400000|100%| E|CS|TAMS 0x0000000089300000, 0x0000000089300000| Complete 
| 126|0x0000000089400000, 0x0000000089500000, 0x0000000089500000|100%| E|  |TAMS 0x0000000089400000, 0x0000000089400000| Complete 
| 127|0x0000000089500000, 0x0000000089600000, 0x0000000089600000|100%| E|CS|TAMS 0x0000000089500000, 0x0000000089500000| Complete 

Card table byte_map: [0x00000249eb970000,0x00000249ebd70000] _byte_map_base: 0x00000249eb565000

Marking Bits (Prev, Next): (CMBitMap*) 0x00000249d4d72830, (CMBitMap*) 0x00000249d4d72870
 Prev Bits: [0x00000249ec170000, 0x00000249ee118000)
 Next Bits: [0x00000249ee120000, 0x00000249f00c8000)

Polling page: 0x00000249d3e30000

Metaspace:

Usage:
  Non-class:     13.90 MB used.
      Class:      1.93 MB used.
       Both:     15.84 MB used.

Virtual space:
  Non-class space:       64.00 MB reserved,      14.00 MB ( 22%) committed,  1 nodes.
      Class space:        1.00 GB reserved,       2.06 MB ( <1%) committed,  1 nodes.
             Both:        1.06 GB reserved,      16.06 MB (  1%) committed. 

Chunk freelists:
   Non-Class:  1.42 MB
       Class:  13.95 MB
        Both:  15.38 MB

MaxMetaspaceSize: unlimited
CompressedClassSpaceSize: 1.00 GB
Initial GC threshold: 21.00 MB
Current GC threshold: 21.00 MB
CDS: on
MetaspaceReclaimPolicy: balanced
 - commit_granule_bytes: 65536.
 - commit_granule_words: 8192.
 - virtual_space_node_default_size: 8388608.
 - enlarge_chunks_in_place: 1.
 - new_chunks_are_fully_committed: 0.
 - uncommit_free_chunks: 1.
 - use_allocation_guard: 0.
 - handle_deallocations: 1.


Internal statistics:

num_allocs_failed_limit: 0.
num_arena_births: 204.
num_arena_deaths: 0.
num_vsnodes_births: 2.
num_vsnodes_deaths: 0.
num_space_committed: 257.
num_space_uncommitted: 0.
num_chunks_returned_to_freelist: 0.
num_chunks_taken_from_freelist: 703.
num_chunk_merges: 0.
num_chunk_splits: 488.
num_chunks_enlarged: 388.
num_inconsistent_stats: 0.

CodeHeap 'non-profiled nmethods': size=120000Kb used=769Kb max_used=769Kb free=119230Kb
 bounds [0x00000249e4040000, 0x00000249e42b0000, 0x00000249eb570000]
CodeHeap 'profiled nmethods': size=120000Kb used=4430Kb max_used=4430Kb free=115569Kb
 bounds [0x00000249dc570000, 0x00000249dc9d0000, 0x00000249e3aa0000]
CodeHeap 'non-nmethods': size=5760Kb used=1195Kb max_used=1224Kb free=4564Kb
 bounds [0x00000249e3aa0000, 0x00000249e3d10000, 0x00000249e4040000]
 total_blobs=2718 nmethods=2227 adapters=403
 compilation: enabled
              stopped_count=0, restarted_count=0
 full_count=0

Compilation events (20 events):
Event: 1.674 Thread 0x00000249f02cbdb0 nmethod 1870 0x00000249dc8d9c10 code [0x00000249dc8d9e80, 0x00000249dc8dad78]
Event: 1.674 Thread 0x00000249f02cbdb0 1871   !   3       java.lang.invoke.MethodHandles$Lookup::canBeCached (150 bytes)
Event: 1.677 Thread 0x00000249f02cbdb0 nmethod 1871 0x00000249dc8db110 code [0x00000249dc8db560, 0x00000249dc8dd888]
Event: 1.678 Thread 0x00000249f02cbdb0 1873       3       java.lang.Class::isAnnotation (17 bytes)
Event: 1.678 Thread 0x00000249f02cbdb0 nmethod 1873 0x00000249dc8de410 code [0x00000249dc8de5a0, 0x00000249dc8de738]
Event: 1.679 Thread 0x00000249f02cbdb0 1874       3       java.lang.invoke.TypeConvertingMethodAdapter::<init> (8 bytes)
Event: 1.679 Thread 0x00000249f02cbdb0 nmethod 1874 0x00000249dc8de810 code [0x00000249dc8de9a0, 0x00000249dc8deae8]
Event: 1.679 Thread 0x00000249f02cbdb0 1875       3       jdk.internal.org.objectweb.asm.MethodVisitor::visitCode (15 bytes)
Event: 1.679 Thread 0x00000249f02cbdb0 nmethod 1875 0x00000249dc8deb90 code [0x00000249dc8ded40, 0x00000249dc8def48]
Event: 1.679 Thread 0x00000249f02cbdb0 1876       3       jdk.internal.org.objectweb.asm.MethodVisitor::visitMethodInsn (80 bytes)
Event: 1.679 Thread 0x00000249f02cbdb0 nmethod 1876 0x00000249dc8df010 code [0x00000249dc8df1e0, 0x00000249dc8df6c8]
Event: 1.682 Thread 0x00000249f02c7eb0 nmethod 1855 0x00000249e40ea010 code [0x00000249e40ea220, 0x00000249e40ead90]
Event: 1.682 Thread 0x00000249f02c7eb0 1856       4       java.lang.String::indexOf (113 bytes)
Event: 1.682 Thread 0x00000249f02cbdb0 1877   !   3       java.lang.invoke.InnerClassLambdaMetafactory::generateInnerClass (618 bytes)
Event: 1.684 Thread 0x00000249f02c7eb0 nmethod 1856 0x00000249e40eb410 code [0x00000249e40eb5a0, 0x00000249e40eb8d8]
Event: 1.684 Thread 0x00000249f02cbdb0 nmethod 1877 0x00000249dc8df810 code [0x00000249dc8dfd20, 0x00000249dc8e2668]
Event: 1.685 Thread 0x00000249f02cbdb0 1878       3       java.lang.invoke.InnerClassLambdaMetafactory::generateConstructor (154 bytes)
Event: 1.686 Thread 0x00000249f02cbdb0 nmethod 1878 0x00000249dc8e3690 code [0x00000249dc8e3960, 0x00000249dc8e4908]
Event: 1.686 Thread 0x00000249f02cbdb0 1879       3       java.lang.invoke.InnerClassLambdaMetafactory$ForwardingMethodGenerator::<init> (11 bytes)
Event: 1.686 Thread 0x00000249f02cbdb0 nmethod 1879 0x00000249dc8e4e90 code [0x00000249dc8e5040, 0x00000249dc8e5248]

GC Heap History (6 events):
Event: 0.763 GC heap before
{Heap before GC invocations=0 (full 0):
 garbage-first heap   total 131072K, used 13312K [0x0000000081600000, 0x0000000100000000)
  region size 1024K, 13 young (13312K), 0 survivors (0K)
 Metaspace       used 3630K, committed 3776K, reserved 1114112K
  class space    used 382K, committed 448K, reserved 1048576K
}
Event: 0.767 GC heap after
{Heap after GC invocations=1 (full 0):
 garbage-first heap   total 131072K, used 5946K [0x0000000081600000, 0x0000000100000000)
  region size 1024K, 2 young (2048K), 2 survivors (2048K)
 Metaspace       used 3630K, committed 3776K, reserved 1114112K
  class space    used 382K, committed 448K, reserved 1048576K
}
Event: 1.086 GC heap before
{Heap before GC invocations=1 (full 0):
 garbage-first heap   total 131072K, used 17210K [0x0000000081600000, 0x0000000100000000)
  region size 1024K, 14 young (14336K), 2 survivors (2048K)
 Metaspace       used 6561K, committed 6784K, reserved 1114112K
  class space    used 753K, committed 832K, reserved 1048576K
}
Event: 1.089 GC heap after
{Heap after GC invocations=2 (full 0):
 garbage-first heap   total 131072K, used 7305K [0x0000000081600000, 0x0000000100000000)
  region size 1024K, 2 young (2048K), 2 survivors (2048K)
 Metaspace       used 6561K, committed 6784K, reserved 1114112K
  class space    used 753K, committed 832K, reserved 1048576K
}
Event: 1.579 GC heap before
{Heap before GC invocations=2 (full 0):
 garbage-first heap   total 131072K, used 31881K [0x0000000081600000, 0x0000000100000000)
  region size 1024K, 27 young (27648K), 2 survivors (2048K)
 Metaspace       used 13046K, committed 13248K, reserved 1114112K
  class space    used 1554K, committed 1664K, reserved 1048576K
}
Event: 1.584 GC heap after
{Heap after GC invocations=3 (full 0):
 garbage-first heap   total 131072K, used 9235K [0x0000000081600000, 0x0000000100000000)
  region size 1024K, 4 young (4096K), 4 survivors (4096K)
 Metaspace       used 13046K, committed 13248K, reserved 1114112K
  class space    used 1554K, committed 1664K, reserved 1048576K
}

Deoptimization events (20 events):
Event: 1.559 Thread 0x00000249f7352600 Uncommon trap: trap_request=0xffffffc6 fr.pc=0x00000249e40d4464 relative=0x0000000000000e24
Event: 1.559 Thread 0x00000249f7352600 Uncommon trap: reason=bimorphic_or_optimized_type_check action=maybe_recompile pc=0x00000249e40d4464 method=java.util.HashMap.putVal(ILjava/lang/Object;Ljava/lang/Object;ZZ)Ljava/lang/Object; @ 152 c2
Event: 1.559 Thread 0x00000249f7352600 DEOPT PACKING pc=0x00000249e40d4464 sp=0x000000f2f5bfe170
Event: 1.559 Thread 0x00000249f7352600 DEOPT UNPACKING pc=0x00000249e3af23a3 sp=0x000000f2f5bfe100 mode 2
Event: 1.560 Thread 0x00000249f7352600 Uncommon trap: trap_request=0xffffffc6 fr.pc=0x00000249e40d4464 relative=0x0000000000000e24
Event: 1.560 Thread 0x00000249f7352600 Uncommon trap: reason=bimorphic_or_optimized_type_check action=maybe_recompile pc=0x00000249e40d4464 method=java.util.HashMap.putVal(ILjava/lang/Object;Ljava/lang/Object;ZZ)Ljava/lang/Object; @ 152 c2
Event: 1.560 Thread 0x00000249f7352600 DEOPT PACKING pc=0x00000249e40d4464 sp=0x000000f2f5bfe170
Event: 1.560 Thread 0x00000249f7352600 DEOPT UNPACKING pc=0x00000249e3af23a3 sp=0x000000f2f5bfe100 mode 2
Event: 1.610 Thread 0x00000249f7352600 Uncommon trap: trap_request=0xffffff45 fr.pc=0x00000249e40ac8ec relative=0x0000000000000e4c
Event: 1.610 Thread 0x00000249f7352600 Uncommon trap: reason=unstable_if action=reinterpret pc=0x00000249e40ac8ec method=java.util.concurrent.ConcurrentHashMap.putVal(Ljava/lang/Object;Ljava/lang/Object;Z)Ljava/lang/Object; @ 112 c2
Event: 1.610 Thread 0x00000249f7352600 DEOPT PACKING pc=0x00000249e40ac8ec sp=0x000000f2f5bf9fb0
Event: 1.610 Thread 0x00000249f7352600 DEOPT UNPACKING pc=0x00000249e3af23a3 sp=0x000000f2f5bf9f30 mode 2
Event: 1.610 Thread 0x00000249f7352600 Uncommon trap: trap_request=0xffffff45 fr.pc=0x00000249e40b3afc relative=0x00000000000001bc
Event: 1.610 Thread 0x00000249f7352600 Uncommon trap: reason=unstable_if action=reinterpret pc=0x00000249e40b3afc method=java.util.concurrent.ConcurrentHashMap.addCount(JI)V @ 171 c2
Event: 1.610 Thread 0x00000249f7352600 DEOPT PACKING pc=0x00000249e40b3afc sp=0x000000f2f5bf9f00
Event: 1.610 Thread 0x00000249f7352600 DEOPT UNPACKING pc=0x00000249e3af23a3 sp=0x000000f2f5bf9e60 mode 2
Event: 1.618 Thread 0x00000249f7352600 Uncommon trap: trap_request=0xffffffc6 fr.pc=0x00000249e40d4464 relative=0x0000000000000e24
Event: 1.618 Thread 0x00000249f7352600 Uncommon trap: reason=bimorphic_or_optimized_type_check action=maybe_recompile pc=0x00000249e40d4464 method=java.util.HashMap.putVal(ILjava/lang/Object;Ljava/lang/Object;ZZ)Ljava/lang/Object; @ 152 c2
Event: 1.618 Thread 0x00000249f7352600 DEOPT PACKING pc=0x00000249e40d4464 sp=0x000000f2f5bfe270
Event: 1.618 Thread 0x00000249f7352600 DEOPT UNPACKING pc=0x00000249e3af23a3 sp=0x000000f2f5bfe200 mode 2

Classes unloaded (0 events):
No events

Classes redefined (0 events):
No events

Internal exceptions (20 events):
Event: 1.156 Thread 0x00000249f7352600 Exception <a 'java/lang/NoSuchMethodError'{0x00000000893e0f78}: 'java.lang.Object java.lang.invoke.DirectMethodHandle$Holder.newInvokeSpecial(java.lang.Object, java.lang.Object, java.lang.Object, java.lang.Object, java.lang.Object, java.lang.Object, int)'> (0x00000000893e0f78) 
thrown [s\open\src\hotspot\share\interpreter\linkResolver.cpp, line 759]
Event: 1.156 Thread 0x00000249f7352600 Exception <a 'java/lang/NoSuchMethodError'{0x00000000893e5fb8}: 'java.lang.Object java.lang.invoke.DirectMethodHandle$Holder.invokeSpecial(java.lang.Object, java.lang.Object, java.lang.Object, java.lang.Object, java.lang.Object, java.lang.Object, java.lang.Object, int)'> (0x00000000893e5fb8) 
thrown [s\open\src\hotspot\share\interpreter\linkResolver.cpp, line 759]
Event: 1.195 Thread 0x00000249f7352600 Exception <a 'java/lang/NoSuchMethodError'{0x0000000089118918}: 'int java.lang.invoke.DirectMethodHandle$Holder.invokeInterface(java.lang.Object, java.lang.Object)'> (0x0000000089118918) 
thrown [s\open\src\hotspot\share\interpreter\linkResolver.cpp, line 759]
Event: 1.233 Thread 0x00000249f7352600 Exception <a 'java/lang/NoSuchMethodError'{0x000000008903af40}: 'java.lang.Object java.lang.invoke.DirectMethodHandle$Holder.invokeSpecial(java.lang.Object, java.lang.Object, java.lang.Object, int, java.lang.Object)'> (0x000000008903af40) 
thrown [s\open\src\hotspot\share\interpreter\linkResolver.cpp, line 759]
Event: 1.234 Thread 0x00000249f7352600 Exception <a 'java/lang/NoSuchMethodError'{0x00000000890437e8}: 'java.lang.Object java.lang.invoke.DirectMethodHandle$Holder.newInvokeSpecial(java.lang.Object, java.lang.Object, java.lang.Object, int, java.lang.Object)'> (0x00000000890437e8) 
thrown [s\open\src\hotspot\share\interpreter\linkResolver.cpp, line 759]
Event: 1.235 Thread 0x00000249f7352600 Exception <a 'java/lang/NoSuchMethodError'{0x000000008904b1b8}: 'java.lang.Object java.lang.invoke.Invokers$Holder.linkToTargetMethod(java.lang.Object, java.lang.Object, int, java.lang.Object, java.lang.Object)'> (0x000000008904b1b8) 
thrown [s\open\src\hotspot\share\interpreter\linkResolver.cpp, line 759]
Event: 1.236 Thread 0x00000249f7352600 Exception <a 'java/lang/NoSuchMethodError'{0x000000008905a770}: 'java.lang.Object java.lang.invoke.DirectMethodHandle$Holder.newInvokeSpecial(java.lang.Object, int, java.lang.Object)'> (0x000000008905a770) 
thrown [s\open\src\hotspot\share\interpreter\linkResolver.cpp, line 759]
Event: 1.237 Thread 0x00000249f7352600 Exception <a 'java/lang/NoSuchMethodError'{0x000000008905f450}: 'int java.lang.invoke.DirectMethodHandle$Holder.invokeSpecialIFC(java.lang.Object, java.lang.Object, java.lang.Object, java.lang.Object)'> (0x000000008905f450) 
thrown [s\open\src\hotspot\share\interpreter\linkResolver.cpp, line 759]
Event: 1.256 Thread 0x00000249f7352600 Exception <a 'java/lang/NoSuchMethodError'{0x0000000088f2b060}: 'void java.lang.invoke.DirectMethodHandle$Holder.invokeInterface(java.lang.Object, java.lang.Object, java.lang.Object)'> (0x0000000088f2b060) 
thrown [s\open\src\hotspot\share\interpreter\linkResolver.cpp, line 759]
Event: 1.276 Thread 0x00000249f7352600 Exception <a 'java/lang/NoSuchMethodError'{0x0000000088fbe088}: 'void java.lang.invoke.DirectMethodHandle$Holder.invokeStaticInit(java.lang.Object, java.lang.Object)'> (0x0000000088fbe088) 
thrown [s\open\src\hotspot\share\interpreter\linkResolver.cpp, line 759]
Event: 1.278 Thread 0x00000249f7352600 Exception <a 'java/lang/NoSuchMethodError'{0x0000000088fcb698}: 'void java.lang.invoke.DirectMethodHandle$Holder.invokeStaticInit(java.lang.Object, java.lang.Object, java.lang.Object)'> (0x0000000088fcb698) 
thrown [s\open\src\hotspot\share\interpreter\linkResolver.cpp, line 759]
Event: 1.284 Thread 0x00000249f7352600 Exception <a 'java/lang/NoSuchMethodError'{0x0000000088e08e80}: 'java.lang.Object java.lang.invoke.DirectMethodHandle$Holder.invokeStatic(java.lang.Object, java.lang.Object, long, java.lang.Object)'> (0x0000000088e08e80) 
thrown [s\open\src\hotspot\share\interpreter\linkResolver.cpp, line 759]
Event: 1.284 Thread 0x00000249f7352600 Exception <a 'java/lang/NoSuchMethodError'{0x0000000088e0c918}: 'java.lang.Object java.lang.invoke.DirectMethodHandle$Holder.invokeStaticInit(java.lang.Object, java.lang.Object, long, java.lang.Object)'> (0x0000000088e0c918) 
thrown [s\open\src\hotspot\share\interpreter\linkResolver.cpp, line 759]
Event: 1.285 Thread 0x00000249f7352600 Exception <a 'java/lang/NoSuchMethodError'{0x0000000088e13020}: 'java.lang.Object java.lang.invoke.DirectMethodHandle$Holder.newInvokeSpecial(java.lang.Object, java.lang.Object, long)'> (0x0000000088e13020) 
thrown [s\open\src\hotspot\share\interpreter\linkResolver.cpp, line 759]
Event: 1.285 Thread 0x00000249f7352600 Exception <a 'java/lang/NoSuchMethodError'{0x0000000088e16b90}: 'java.lang.Object java.lang.invoke.Invokers$Holder.linkToTargetMethod(java.lang.Object, long, java.lang.Object)'> (0x0000000088e16b90) 
thrown [s\open\src\hotspot\share\interpreter\linkResolver.cpp, line 759]
Event: 1.297 Thread 0x00000249f7352600 Exception <a 'java/lang/NoSuchMethodError'{0x0000000088e675f0}: 'void java.lang.invoke.DirectMethodHandle$Holder.invokeVirtual(java.lang.Object, java.lang.Object, java.lang.Object, java.lang.Object)'> (0x0000000088e675f0) 
thrown [s\open\src\hotspot\share\interpreter\linkResolver.cpp, line 759]
Event: 1.339 Thread 0x00000249f7352600 Exception <a 'java/lang/NoSuchMethodError'{0x0000000088dbcbe8}: 'void java.lang.invoke.DirectMethodHandle$Holder.invokeSpecial(java.lang.Object, java.lang.Object, java.lang.Object)'> (0x0000000088dbcbe8) 
thrown [s\open\src\hotspot\share\interpreter\linkResolver.cpp, line 759]
Event: 1.345 Thread 0x00000249f7352600 Exception <a 'java/lang/NoSuchMethodError'{0x0000000088dc31c0}: 'void java.lang.invoke.DirectMethodHandle$Holder.invokeSpecial(java.lang.Object, java.lang.Object, java.lang.Object, java.lang.Object, java.lang.Object)'> (0x0000000088dc31c0) 
thrown [s\open\src\hotspot\share\interpreter\linkResolver.cpp, line 759]
Event: 1.367 Thread 0x00000249f7352600 Exception <a 'java/lang/IncompatibleClassChangeError'{0x0000000088df0dd8}: Found class java.lang.Object, but interface was expected> (0x0000000088df0dd8) 
thrown [s\open\src\hotspot\share\interpreter\linkResolver.cpp, line 826]
Event: 1.375 Thread 0x00000249f7a85240 Exception <a 'java/lang/NoClassDefFoundError'{0x0000000088c14698}: jakarta/validation/Validation> (0x0000000088c14698) 
thrown [s\open\src\hotspot\share\classfile\systemDictionary.cpp, line 245]

VM Operations (20 events):
Event: 1.209 Executing VM operation: HandshakeAllThreads
Event: 1.209 Executing VM operation: HandshakeAllThreads done
Event: 1.251 Executing VM operation: HandshakeAllThreads
Event: 1.251 Executing VM operation: HandshakeAllThreads done
Event: 1.329 Executing VM operation: HandshakeAllThreads
Event: 1.329 Executing VM operation: HandshakeAllThreads done
Event: 1.334 Executing VM operation: HandshakeAllThreads
Event: 1.334 Executing VM operation: HandshakeAllThreads done
Event: 1.334 Executing VM operation: HandshakeAllThreads
Event: 1.334 Executing VM operation: HandshakeAllThreads done
Event: 1.500 Executing VM operation: HandshakeAllThreads
Event: 1.500 Executing VM operation: HandshakeAllThreads done
Event: 1.579 Executing VM operation: G1CollectForAllocation
Event: 1.584 Executing VM operation: G1CollectForAllocation done
Event: 1.619 Executing VM operation: HandshakeAllThreads
Event: 1.619 Executing VM operation: HandshakeAllThreads done
Event: 1.665 Executing VM operation: HandshakeAllThreads
Event: 1.665 Executing VM operation: HandshakeAllThreads done
Event: 1.685 Executing VM operation: HandshakeAllThreads
Event: 1.685 Executing VM operation: HandshakeAllThreads done

Events (20 events):
Event: 1.663 loading class java/beans/SimpleBeanInfo
Event: 1.663 loading class java/beans/SimpleBeanInfo done
Event: 1.664 loading class com/sun/beans/TypeResolver
Event: 1.664 loading class com/sun/beans/TypeResolver done
Event: 1.664 loading class com/sun/beans/WeakCache
Event: 1.664 loading class com/sun/beans/WeakCache done
Event: 1.665 loading class sun/reflect/generics/scope/MethodScope
Event: 1.665 loading class sun/reflect/generics/scope/MethodScope done
Event: 1.665 loading class sun/reflect/generics/repository/MethodRepository
Event: 1.665 loading class sun/reflect/generics/repository/MethodRepository done
Event: 1.665 loading class com/sun/beans/WildcardTypeImpl
Event: 1.665 loading class com/sun/beans/WildcardTypeImpl done
Event: 1.666 loading class java/util/AbstractList$ListItr
Event: 1.666 loading class java/util/AbstractList$Itr
Event: 1.666 loading class java/util/AbstractList$Itr done
Event: 1.666 loading class java/util/AbstractList$ListItr done
Event: 1.672 loading class java/util/concurrent/ConcurrentLinkedDeque$Itr
Event: 1.672 loading class java/util/concurrent/ConcurrentLinkedDeque$AbstractItr
Event: 1.672 loading class java/util/concurrent/ConcurrentLinkedDeque$AbstractItr done
Event: 1.672 loading class java/util/concurrent/ConcurrentLinkedDeque$Itr done


Dynamic libraries:
0x00007ff73a780000 - 0x00007ff73a790000 	C:\Program Files\Java\jdk-17\bin\java.exe
0x00007ffff5dd0000 - 0x00007ffff5fc8000 	C:\WINDOWS\SYSTEM32\ntdll.dll
0x00007ffff4ba0000 - 0x00007ffff4c5d000 	C:\WINDOWS\System32\KERNEL32.DLL
0x00007ffff3870000 - 0x00007ffff3b66000 	C:\WINDOWS\System32\KERNELBASE.dll
0x00007ffff3ba0000 - 0x00007ffff3ca0000 	C:\WINDOWS\System32\ucrtbase.dll
0x00007fffe3b10000 - 0x00007fffe3b2b000 	C:\Program Files\Java\jdk-17\bin\VCRUNTIME140.dll
0x00007fffe3b50000 - 0x00007fffe3b69000 	C:\Program Files\Java\jdk-17\bin\jli.dll
0x00007ffff46d0000 - 0x00007ffff477f000 	C:\WINDOWS\System32\ADVAPI32.dll
0x00007ffff4c60000 - 0x00007ffff4cfe000 	C:\WINDOWS\System32\msvcrt.dll
0x00007ffff57c0000 - 0x00007ffff585c000 	C:\WINDOWS\System32\sechost.dll
0x00007ffff4f90000 - 0x00007ffff50b6000 	C:\WINDOWS\System32\RPCRT4.dll
0x00007ffff48e0000 - 0x00007ffff4a7e000 	C:\WINDOWS\System32\USER32.dll
0x00007ffff34b0000 - 0x00007ffff34d2000 	C:\WINDOWS\System32\win32u.dll
0x00007ffff4780000 - 0x00007ffff47ac000 	C:\WINDOWS\System32\GDI32.dll
0x00007ffff3d10000 - 0x00007ffff3e2a000 	C:\WINDOWS\System32\gdi32full.dll
0x00007ffff34e0000 - 0x00007ffff357d000 	C:\WINDOWS\System32\msvcp_win.dll
0x00007fffeb550000 - 0x00007fffeb55a000 	C:\WINDOWS\SYSTEM32\VERSION.dll
0x00007fffdd4f0000 - 0x00007fffdd78a000 	C:\WINDOWS\WinSxS\amd64_microsoft.windows.common-controls_6595b64144ccf1df_6.0.19041.3636_none_60b6a03d71f818d5\COMCTL32.dll
0x00007ffff4f60000 - 0x00007ffff4f90000 	C:\WINDOWS\System32\IMM32.DLL
0x00007fffda0b0000 - 0x00007fffda241000 	C:\WINDOWS\system32\tmumh\20019\AddOn\8.55.0.1257\TmUmEvt64.dll
0x00007ffff4f50000 - 0x00007ffff4f58000 	C:\WINDOWS\System32\PSAPI.DLL
0x0000000058a00000 - 0x0000000058b73000 	C:\WINDOWS\system32\tmumh\20019\TmMon\2.9.0.1048\tmmon64.dll
0x00007ffff0c20000 - 0x00007ffff0c2c000 	C:\Program Files\Java\jdk-17\bin\vcruntime140_1.dll
0x00007fffd1160000 - 0x00007fffd11ee000 	C:\Program Files\Java\jdk-17\bin\msvcp140.dll
0x00007fffbbb30000 - 0x00007fffbc70f000 	C:\Program Files\Java\jdk-17\bin\server\jvm.dll
0x00007fffe0ec0000 - 0x00007fffe0ec9000 	C:\WINDOWS\SYSTEM32\WSOCK32.dll
0x00007ffff4ec0000 - 0x00007ffff4f2b000 	C:\WINDOWS\System32\WS2_32.dll
0x00007fffe4890000 - 0x00007fffe48b7000 	C:\WINDOWS\SYSTEM32\WINMM.dll
0x00007ffff1390000 - 0x00007ffff13a2000 	C:\WINDOWS\SYSTEM32\kernel.appcore.dll
0x00007fffef000000 - 0x00007fffef00a000 	C:\Program Files\Java\jdk-17\bin\jimage.dll
0x00007fffeebb0000 - 0x00007fffeed94000 	C:\WINDOWS\SYSTEM32\DBGHELP.DLL
0x00007fffeeb30000 - 0x00007fffeeb64000 	C:\WINDOWS\SYSTEM32\dbgcore.DLL
0x00007ffff3630000 - 0x00007ffff36b2000 	C:\WINDOWS\System32\bcryptPrimitives.dll
0x00007ffff0c60000 - 0x00007ffff0c6e000 	C:\Program Files\Java\jdk-17\bin\instrument.dll
0x00007fffe32d0000 - 0x00007fffe32f5000 	C:\Program Files\Java\jdk-17\bin\java.dll
0x00007fffd0b80000 - 0x00007fffd0c57000 	C:\Program Files\Java\jdk-17\bin\jsvml.dll
0x00007ffff3f80000 - 0x00007ffff46c5000 	C:\WINDOWS\System32\SHELL32.dll
0x00007ffff1590000 - 0x00007ffff1d2b000 	C:\WINDOWS\SYSTEM32\windows.storage.dll
0x00007ffff51f0000 - 0x00007ffff5544000 	C:\WINDOWS\System32\combase.dll
0x00007ffff2e20000 - 0x00007ffff2e4d000 	C:\WINDOWS\SYSTEM32\Wldp.dll
0x00007ffff5710000 - 0x00007ffff57bd000 	C:\WINDOWS\System32\SHCORE.dll
0x00007ffff5d30000 - 0x00007ffff5d85000 	C:\WINDOWS\System32\shlwapi.dll
0x00007ffff33e0000 - 0x00007ffff3405000 	C:\WINDOWS\SYSTEM32\profapi.dll
0x00007fffe1870000 - 0x00007fffe1888000 	C:\Program Files\Java\jdk-17\bin\zip.dll
0x00007fffe2bf0000 - 0x00007fffe2c09000 	C:\Program Files\Java\jdk-17\bin\net.dll
0x00007fffe6c70000 - 0x00007fffe6d7a000 	C:\WINDOWS\SYSTEM32\WINHTTP.dll
0x00007ffff2b80000 - 0x00007ffff2bea000 	C:\WINDOWS\system32\mswsock.dll
0x00007fffe2760000 - 0x00007fffe2776000 	C:\Program Files\Java\jdk-17\bin\nio.dll
0x00007fffe3c30000 - 0x00007fffe3c4a000 	C:\Program Files\Java\IntelliJ IDEA Community Edition 2022.3.2\bin\breakgen64.dll
0x00007ffff0c50000 - 0x00007ffff0c5a000 	C:\Program Files\Java\jdk-17\bin\management.dll
0x00007ffff0c40000 - 0x00007ffff0c4b000 	C:\Program Files\Java\jdk-17\bin\management_ext.dll

dbghelp: loaded successfully - version: 4.0.5 - missing functions: none
symbol engine: initialized successfully - sym options: 0x614 - pdb path: .;C:\Program Files\Java\jdk-17\bin;C:\WINDOWS\SYSTEM32;C:\WINDOWS\WinSxS\amd64_microsoft.windows.common-controls_6595b64144ccf1df_6.0.19041.3636_none_60b6a03d71f818d5;C:\WINDOWS\system32\tmumh\20019\AddOn\8.55.0.1257;C:\WINDOWS\system32\tmumh\20019\TmMon\2.9.0.1048;C:\Program Files\Java\jdk-17\bin\server;C:\Program Files\Java\IntelliJ IDEA Community Edition 2022.3.2\bin

VM Arguments:
jvm_args: -javaagent:C:\Program Files\Java\IntelliJ IDEA Community Edition 2022.3.2\lib\idea_rt.jar=52525:C:\Program Files\Java\IntelliJ IDEA Community Edition 2022.3.2\bin -Dfile.encoding=UTF-8 
java_command: com.financiera.springboot.app.springbootcrud.SpringbootCrudApplication
java_class_path (initial): C:\nuevo\springboot-crud\target\classes;C:\Users\usuario\.m2\repository\org\springframework\boot\spring-boot-starter-data-jpa\3.1.5\spring-boot-starter-data-jpa-3.1.5.jar;C:\Users\usuario\.m2\repository\org\springframework\boot\spring-boot-starter-aop\3.1.5\spring-boot-starter-aop-3.1.5.jar;C:\Users\usuario\.m2\repository\org\springframework\spring-aop\6.0.13\spring-aop-6.0.13.jar;C:\Users\usuario\.m2\repository\org\aspectj\aspectjweaver\1.9.20\aspectjweaver-1.9.20.jar;C:\Users\usuario\.m2\repository\org\springframework\boot\spring-boot-starter-jdbc\3.1.5\spring-boot-starter-jdbc-3.1.5.jar;C:\Users\usuario\.m2\repository\com\zaxxer\HikariCP\5.0.1\HikariCP-5.0.1.jar;C:\Users\usuario\.m2\repository\org\springframework\spring-jdbc\6.0.13\spring-jdbc-6.0.13.jar;C:\Users\usuario\.m2\repository\org\hibernate\orm\hibernate-core\6.2.13.Final\hibernate-core-6.2.13.Final.jar;C:\Users\usuario\.m2\repository\jakarta\persistence\jakarta.persistence-api\3.1.0\jakarta.persistence-api-3.1.0.jar;C:\Users\usuario\.m2\repository\jakarta\transaction\jakarta.transaction-api\2.0.1\jakarta.transaction-api-2.0.1.jar;C:\Users\usuario\.m2\repository\org\jboss\logging\jboss-logging\3.5.3.Final\jboss-logging-3.5.3.Final.jar;C:\Users\usuario\.m2\repository\org\hibernate\common\hibernate-commons-annotations\6.0.6.Final\hibernate-commons-annotations-6.0.6.Final.jar;C:\Users\usuario\.m2\repository\io\smallrye\jandex\3.0.5\jandex-3.0.5.jar;C:\Users\usuario\.m2\repository\net\bytebuddy\byte-buddy\1.14.9\byte-buddy-1.14.9.jar;C:\Users\usuario\.m2\repository\org\glassfish\jaxb\jaxb-runtime\4.0.3\jaxb-runtime-4.0.3.jar;C:\Users\usuario\.m2\repository\org\glassfish\jaxb\jaxb-core\4.0.3\jaxb-core-4.0.3.jar;C:\Users\usuario\.m2\repository\org\eclipse\angus\angus-activation\2.0.1\angus-activation-2.0.1.jar;C:\Users\usuario\.m2\repository\org\glassfish\jaxb\txw2\4.0.3\txw2-4.0.3.jar;C:\Users\usuario\.m2\repository\com\sun\istack\istack-commons-runtime\4.1.2\istack-commons-runtim
Launcher Type: SUN_STANDARD

[Global flags]
     intx CICompilerCount                          = 3                                         {product} {ergonomic}
     uint ConcGCThreads                            = 1                                         {product} {ergonomic}
     uint G1ConcRefinementThreads                  = 4                                         {product} {ergonomic}
   size_t G1HeapRegionSize                         = 1048576                                   {product} {ergonomic}
    uintx GCDrainStackTargetSize                   = 64                                        {product} {ergonomic}
   size_t InitialHeapSize                          = 134217728                                 {product} {ergonomic}
   size_t MarkStackSize                            = 4194304                                   {product} {ergonomic}
   size_t MaxHeapSize                              = 2124414976                                {product} {ergonomic}
   size_t MaxNewSize                               = 1274019840                                {product} {ergonomic}
   size_t MinHeapDeltaBytes                        = 1048576                                   {product} {ergonomic}
   size_t MinHeapSize                              = 8388608                                   {product} {ergonomic}
    uintx NonNMethodCodeHeapSize                   = 5832780                                {pd product} {ergonomic}
    uintx NonProfiledCodeHeapSize                  = 122912730                              {pd product} {ergonomic}
    uintx ProfiledCodeHeapSize                     = 122912730                              {pd product} {ergonomic}
    uintx ReservedCodeCacheSize                    = 251658240                              {pd product} {ergonomic}
     bool SegmentedCodeCache                       = true                                      {product} {ergonomic}
   size_t SoftMaxHeapSize                          = 2124414976                             {manageable} {ergonomic}
     bool UseCompressedClassPointers               = true                           {product lp64_product} {ergonomic}
     bool UseCompressedOops                        = true                           {product lp64_product} {ergonomic}
     bool UseG1GC                                  = true                                      {product} {ergonomic}
     bool UseLargePagesIndividualAllocation        = false                                  {pd product} {ergonomic}

Logging:
Log output configuration:
 #0: stdout all=warning uptime,level,tags
 #1: stderr all=off uptime,level,tags

Environment Variables:
JAVA_HOME=C:\Program Files\Java\jdk-17
PATH=c:\huawei\cti;c:\huawei\csp6;C:\WINDOWS\system32;C:\WINDOWS;C:\WINDOWS\System32\Wbem;C:\WINDOWS\System32\WindowsPowerShell\v1.0\;C:\WINDOWS\System32\OpenSSH\;C:\Program Files\Java\jdk-17\bin;C:\apache-maven-3.9.6\bin;C:\Python39\Scripts\;C:\Python39\;C:\Users\usuario\AppData\Local\Microsoft\WindowsApps;;C:\Program Files\Java\IntelliJ IDEA Community Edition 2022.3.2\bin;;C:\Users\usuario\AppData\Local\Programs\Microsoft VS Code\bin
USERNAME=usuario
OS=Windows_NT
PROCESSOR_IDENTIFIER=Intel64 Family 6 Model 94 Stepping 3, GenuineIntel



---------------  S Y S T E M  ---------------

OS:
 Windows 10 , 64 bit Build 19041 (10.0.19041.3636)
OS uptime: 0 days 1:43 hours

CPU: total 4 (initial active 4) (4 cores per cpu, 1 threads per core) family 6 model 94 stepping 3 microcode 0xcc, cx8, cmov, fxsr, mmx, 3dnowpref, sse, sse2, sse3, ssse3, sse4.1, sse4.2, popcnt, lzcnt, tsc, tscinvbit, avx, avx2, aes, erms, clmul, bmi1, bmi2, rtm, adx, fma, vzeroupper, clflush, clflushopt

Memory: 4k page, system-wide physical 8101M (1516M free)
TotalPageFile size 10149M (AvailPageFile size 0M)
current process WorkingSet (physical memory assigned to process): 117M, peak: 117M
current process commit charge ("private bytes"): 247M, peak: 247M

vm_info: Java HotSpot(TM) 64-Bit Server VM (17.0.10+11-LTS-240) for windows-amd64 JRE (17.0.10+11-LTS-240), built on Dec 19 2023 21:47:25 by "mach5one" with MS VC++ 17.1 (VS2022)

END.
