#
# There is insufficient memory for the Java Runtime Environment to continue.
# Native memory allocation (mmap) failed to map 55574528 bytes for G1 virtual space
# Possible reasons:
#   The system is out of physical RAM or swap space
#   The process is running with CompressedOops enabled, and the Java Heap may be blocking the growth of the native heap
# Possible solutions:
#   Reduce memory load on the system
#   Increase physical memory or swap space
#   Check if swap backing store is full
#   Decrease Java heap size (-Xmx/-Xms)
#   Decrease number of Java threads
#   Decrease Java thread stack sizes (-Xss)
#   Set larger code cache with -XX:ReservedCodeCacheSize=
#   JVM is running with Unscaled Compressed Oops mode in which the Java heap is
#     placed in the first 4GB address space. The Java Heap base address is the
#     maximum limit for the native heap growth. Please use -XX:HeapBaseMinAddress
#     to set the Java Heap base and to place the Java Heap above 4GB virtual address.
# This output file may be truncated or incomplete.
#
#  Out of Memory Error (os_windows.cpp:3548), pid=16956, tid=16056
#
# JRE version: Java(TM) SE Runtime Environment (17.0.10+11) (build 17.0.10+11-LTS-240)
# Java VM: Java HotSpot(TM) 64-Bit Server VM (17.0.10+11-LTS-240, mixed mode, sharing, tiered, compressed oops, compressed class ptrs, g1 gc, windows-amd64)
# No core dump will be written. Minidumps are not enabled by default on client versions of Windows
#

---------------  S U M M A R Y ------------

Command Line: -javaagent:C:\Program Files\Java\IntelliJ IDEA Community Edition 2022.3.2\lib\idea_rt.jar=53564:C:\Program Files\Java\IntelliJ IDEA Community Edition 2022.3.2\bin -Dfile.encoding=UTF-8 com.financiera.springboot.app.springbootcrud.SpringbootCrudApplication

Host: Intel(R) Core(TM) i5-6600 CPU @ 3.30GHz, 4 cores, 7G,  Windows 10 , 64 bit Build 19041 (10.0.19041.3636)
Time: Mon Jan 29 17:18:34 2024 Hora est. Pacífico, Sudamérica elapsed time: 6.818049 seconds (0d 0h 0m 6s)

---------------  T H R E A D  ---------------

Current thread (0x000002244a872010):  VMThread "VM Thread" [stack: 0x000000a397400000,0x000000a397500000] [id=16056]

Stack: [0x000000a397400000,0x000000a397500000]
Native frames: (J=compiled Java code, j=interpreted, Vv=VM code, C=native code)
V  [jvm.dll+0x677a5a]
V  [jvm.dll+0x7d8b2d]
V  [jvm.dll+0x7da48e]
V  [jvm.dll+0x7daaf3]
V  [jvm.dll+0x2455ff]
V  [jvm.dll+0x6749b9]
V  [jvm.dll+0x669382]
V  [jvm.dll+0x302e96]
V  [jvm.dll+0x30a416]
V  [jvm.dll+0x359cbe]
V  [jvm.dll+0x359eef]
V  [jvm.dll+0x2d9e88]
V  [jvm.dll+0x2d8295]
V  [jvm.dll+0x2d789c]
V  [jvm.dll+0x31b18b]
V  [jvm.dll+0x7df30b]
V  [jvm.dll+0x7e0044]
V  [jvm.dll+0x7e055d]
V  [jvm.dll+0x7e0934]
V  [jvm.dll+0x7e0a00]
V  [jvm.dll+0x78888a]
V  [jvm.dll+0x676935]
C  [ucrtbase.dll+0x21bb2]
C  [KERNEL32.DLL+0x17344]
C  [ntdll.dll+0x526b1]

VM_Operation (0x000000a3986fde30): G1CollectForAllocation, mode: safepoint, requested by thread 0x0000022491095fd0


---------------  P R O C E S S  ---------------

Threads class SMR info:
_java_thread_list=0x0000022492f33550, length=18, elements={
0x000002242cf66f50, 0x000002244a8734b0, 0x00000224484dba50, 0x00000224484ef810,
0x00000224484f03d0, 0x00000224484f2ea0, 0x00000224484f3c70, 0x00000224484f7e60,
0x000002244a87bf80, 0x000002244a87c980, 0x000002244a9775e0, 0x000002244aaf8a60,
0x000002244aaa5120, 0x0000022491097410, 0x0000022491098850, 0x0000022491840050,
0x0000022491096f00, 0x0000022491095fd0
}

Java Threads: ( => current thread )
  0x000002242cf66f50 JavaThread "main" [_thread_blocked, id=8792, stack(0x000000a396e00000,0x000000a396f00000)]
  0x000002244a8734b0 JavaThread "Reference Handler" daemon [_thread_blocked, id=2932, stack(0x000000a397500000,0x000000a397600000)]
  0x00000224484dba50 JavaThread "Finalizer" daemon [_thread_blocked, id=11952, stack(0x000000a397600000,0x000000a397700000)]
  0x00000224484ef810 JavaThread "Signal Dispatcher" daemon [_thread_blocked, id=5656, stack(0x000000a397700000,0x000000a397800000)]
  0x00000224484f03d0 JavaThread "Attach Listener" daemon [_thread_blocked, id=6848, stack(0x000000a397800000,0x000000a397900000)]
  0x00000224484f2ea0 JavaThread "Service Thread" daemon [_thread_blocked, id=4032, stack(0x000000a397900000,0x000000a397a00000)]
  0x00000224484f3c70 JavaThread "Monitor Deflation Thread" daemon [_thread_blocked, id=11776, stack(0x000000a397a00000,0x000000a397b00000)]
  0x00000224484f7e60 JavaThread "C2 CompilerThread0" daemon [_thread_blocked, id=3964, stack(0x000000a397b00000,0x000000a397c00000)]
  0x000002244a87bf80 JavaThread "C1 CompilerThread0" daemon [_thread_blocked, id=936, stack(0x000000a397c00000,0x000000a397d00000)]
  0x000002244a87c980 JavaThread "Sweeper thread" daemon [_thread_blocked, id=13076, stack(0x000000a397d00000,0x000000a397e00000)]
  0x000002244a9775e0 JavaThread "Common-Cleaner" daemon [_thread_blocked, id=16748, stack(0x000000a397e00000,0x000000a397f00000)]
  0x000002244aaf8a60 JavaThread "Monitor Ctrl-Break" daemon [_thread_in_native, id=16472, stack(0x000000a398000000,0x000000a398100000)]
  0x000002244aaa5120 JavaThread "Notification Thread" daemon [_thread_blocked, id=10140, stack(0x000000a398100000,0x000000a398200000)]
  0x0000022491097410 JavaThread "HikariPool-1 housekeeper" daemon [_thread_blocked, id=812, stack(0x000000a398900000,0x000000a398a00000)]
  0x0000022491098850 JavaThread "HikariPool-1 connection adder" daemon [_thread_blocked, id=1520, stack(0x000000a398a00000,0x000000a398b00000)]
  0x0000022491840050 JavaThread "C2 CompilerThread1" daemon [_thread_blocked, id=8712, stack(0x000000a397f00000,0x000000a398000000)]
  0x0000022491096f00 JavaThread "Live Reload Server" daemon [_thread_in_native, id=7612, stack(0x000000a398d00000,0x000000a398e00000)]
  0x0000022491095fd0 JavaThread "SpringApplicationShutdownHook" [_thread_blocked, id=8920, stack(0x000000a398600000,0x000000a398700000)]

Other Threads:
=>0x000002244a872010 VMThread "VM Thread" [stack: 0x000000a397400000,0x000000a397500000] [id=16056]
  0x000002244aaa5ae0 WatcherThread [stack: 0x000000a398200000,0x000000a398300000] [id=1564]
  0x0000022448320b70 GCTaskThread "GC Thread#0" [stack: 0x000000a396f00000,0x000000a397000000] [id=9540]
  0x000002249040fb00 GCTaskThread "GC Thread#1" [stack: 0x000000a398300000,0x000000a398400000] [id=11452]
  0x000002249040fdc0 GCTaskThread "GC Thread#2" [stack: 0x000000a398400000,0x000000a398500000] [id=2804]
  0x0000022490674c70 GCTaskThread "GC Thread#3" [stack: 0x000000a398500000,0x000000a398600000] [id=4320]
  0x000002242cfb15e0 ConcurrentGCThread "G1 Main Marker" [stack: 0x000000a397000000,0x000000a397100000] [id=1416]
  0x000002242cfb2b60 ConcurrentGCThread "G1 Conc#0" [stack: 0x000000a397100000,0x000000a397200000] [id=5864]
  0x000002244838d920 ConcurrentGCThread "G1 Refine#0" [stack: 0x000000a397200000,0x000000a397300000] [id=9464]
  0x00000224916930e0 ConcurrentGCThread "G1 Refine#1" [stack: 0x000000a398800000,0x000000a398900000] [id=248]
  0x000002244838e350 ConcurrentGCThread "G1 Service" [stack: 0x000000a397300000,0x000000a397400000] [id=5136]

Threads with active compile tasks:
C2 CompilerThread0     7317 4338   !   4       org.springframework.core.annotation.AnnotationsScanner::processMethodHierarchy (276 bytes)
C2 CompilerThread1     7317 4404       4       org.springframework.core.annotation.TypeMappedAnnotations::get (52 bytes)

VM state: at safepoint (normal execution)

VM Mutex/Monitor currently owned by a thread:  ([mutex/lock_event])
[0x000002242cf61c20] Threads_lock - owner thread: 0x000002244a872010
[0x000002242cf62760] Heap_lock - owner thread: 0x0000022491095fd0

Heap address: 0x0000000081600000, size: 2026 MB, Compressed Oops mode: 32-bit

CDS archive(s) mapped at: [0x000002244b000000-0x000002244bbd0000-0x000002244bbd0000), size 12386304, SharedBaseAddress: 0x000002244b000000, ArchiveRelocationMode: 1.
Compressed class space mapped at: 0x000002244c000000-0x000002248c000000, reserved size: 1073741824
Narrow klass base: 0x000002244b000000, Narrow klass shift: 0, Narrow klass range: 0x100000000

GC Precious Log:
 CPUs: 4 total, 4 available
 Memory: 8101M
 Large Page Support: Disabled
 NUMA Support: Disabled
 Compressed Oops: Enabled (32-bit)
 Heap Region Size: 1M
 Heap Min Capacity: 8M
 Heap Initial Capacity: 128M
 Heap Max Capacity: 2026M
 Pre-touch: Disabled
 Parallel Workers: 4
 Concurrent Workers: 1
 Concurrent Refinement Workers: 4
 Periodic GC: Disabled

Heap:
 garbage-first heap   total 60416K, used 22725K [0x0000000081600000, 0x0000000100000000)
  region size 1024K, 3 young (3072K), 3 survivors (3072K)
 Metaspace       used 52017K, committed 52480K, reserved 1114112K
  class space    used 7087K, committed 7296K, reserved 1048576K

Heap Regions: E=young(eden), S=young(survivor), O=old, HS=humongous(starts), HC=humongous(continues), CS=collection set, F=free, OA=open archive, CA=closed archive, TAMS=top-at-mark-start (previous, next)
|   0|0x0000000081600000, 0x0000000081700000, 0x0000000081700000|100%|HS|  |TAMS 0x0000000081700000, 0x0000000081600000| Complete 
|   1|0x0000000081700000, 0x0000000081800000, 0x0000000081800000|100%| O|  |TAMS 0x0000000081800000, 0x0000000081700000| Untracked 
|   2|0x0000000081800000, 0x0000000081900000, 0x0000000081900000|100%| O|  |TAMS 0x0000000081900000, 0x0000000081800000| Untracked 
|   3|0x0000000081900000, 0x0000000081a00000, 0x0000000081a00000|100%| O|  |TAMS 0x0000000081a00000, 0x0000000081900000| Untracked 
|   4|0x0000000081a00000, 0x0000000081b00000, 0x0000000081b00000|100%| O|  |TAMS 0x0000000081b00000, 0x0000000081a00000| Untracked 
|   5|0x0000000081b00000, 0x0000000081c00000, 0x0000000081c00000|100%| O|  |TAMS 0x0000000081c00000, 0x0000000081b00000| Untracked 
|   6|0x0000000081c00000, 0x0000000081d00000, 0x0000000081d00000|100%| O|  |TAMS 0x0000000081d00000, 0x0000000081c00000| Untracked 
|   7|0x0000000081d00000, 0x0000000081e00000, 0x0000000081e00000|100%| O|  |TAMS 0x0000000081e00000, 0x0000000081d00000| Untracked 
|   8|0x0000000081e00000, 0x0000000081f00000, 0x0000000081f00000|100%| O|  |TAMS 0x0000000081f00000, 0x0000000081e00000| Untracked 
|   9|0x0000000081f00000, 0x0000000082000000, 0x0000000082000000|100%| O|  |TAMS 0x0000000082000000, 0x0000000081f00000| Untracked 
|  10|0x0000000082000000, 0x0000000082100000, 0x0000000082100000|100%| O|  |TAMS 0x0000000082100000, 0x0000000082000000| Untracked 
|  11|0x0000000082100000, 0x0000000082200000, 0x0000000082200000|100%| O|  |TAMS 0x0000000082200000, 0x0000000082100000| Untracked 
|  12|0x0000000082200000, 0x0000000082300000, 0x0000000082300000|100%| O|  |TAMS 0x0000000082300000, 0x0000000082200000| Untracked 
|  13|0x0000000082300000, 0x0000000082400000, 0x0000000082400000|100%| O|  |TAMS 0x0000000082300000, 0x0000000082300000| Untracked 
|  14|0x0000000082400000, 0x0000000082500000, 0x0000000082500000|100%| O|  |TAMS 0x0000000082500000, 0x0000000082400000| Untracked 
|  15|0x0000000082500000, 0x0000000082600000, 0x0000000082600000|100%| O|  |TAMS 0x0000000082600000, 0x0000000082500000| Untracked 
|  16|0x0000000082600000, 0x0000000082600000, 0x0000000082700000|  0%| F|  |TAMS 0x0000000082600000, 0x0000000082600000| Untracked 
|  17|0x0000000082700000, 0x0000000082800000, 0x0000000082800000|100%| O|  |TAMS 0x0000000082800000, 0x0000000082700000| Untracked 
|  18|0x0000000082800000, 0x0000000082900000, 0x0000000082900000|100%| O|  |TAMS 0x0000000082900000, 0x0000000082800000| Untracked 
|  19|0x0000000082900000, 0x0000000082a00000, 0x0000000082a00000|100%| O|  |TAMS 0x0000000082908400, 0x0000000082900000| Untracked 
|  20|0x0000000082a00000, 0x0000000082b00000, 0x0000000082b00000|100%| O|  |TAMS 0x0000000082a00000, 0x0000000082a00000| Untracked 
|  21|0x0000000082b00000, 0x0000000082b29600, 0x0000000082c00000| 16%| O|  |TAMS 0x0000000082b00000, 0x0000000082b00000| Untracked 
|  22|0x0000000082c00000, 0x0000000082c00000, 0x0000000082d00000|  0%| F|  |TAMS 0x0000000082c00000, 0x0000000082c00000| Untracked 
|  23|0x0000000082d00000, 0x0000000082d00000, 0x0000000082e00000|  0%| F|  |TAMS 0x0000000082d00000, 0x0000000082d00000| Untracked 
|  24|0x0000000082e00000, 0x0000000082e00000, 0x0000000082f00000|  0%| F|  |TAMS 0x0000000082e00000, 0x0000000082e00000| Untracked 
|  25|0x0000000082f00000, 0x0000000082f00000, 0x0000000083000000|  0%| F|  |TAMS 0x0000000082f00000, 0x0000000082f00000| Untracked 
|  26|0x0000000083000000, 0x0000000083000000, 0x0000000083100000|  0%| F|  |TAMS 0x0000000083000000, 0x0000000083000000| Untracked 
|  27|0x0000000083100000, 0x0000000083100000, 0x0000000083200000|  0%| F|  |TAMS 0x0000000083100000, 0x0000000083100000| Untracked 
|  28|0x0000000083200000, 0x00000000832080b8, 0x0000000083300000|  3%| S|CS|TAMS 0x0000000083200000, 0x0000000083200000| Complete 
|  29|0x0000000083300000, 0x0000000083400000, 0x0000000083400000|100%| S|CS|TAMS 0x0000000083300000, 0x0000000083300000| Complete 
|  30|0x0000000083400000, 0x0000000083500000, 0x0000000083500000|100%| S|CS|TAMS 0x0000000083400000, 0x0000000083400000| Complete 
|  31|0x0000000083500000, 0x0000000083500000, 0x0000000083600000|  0%| F|  |TAMS 0x0000000083500000, 0x0000000083500000| Untracked 
|  32|0x0000000083600000, 0x0000000083600000, 0x0000000083700000|  0%| F|  |TAMS 0x0000000083600000, 0x0000000083600000| Untracked 
|  33|0x0000000083700000, 0x0000000083700000, 0x0000000083800000|  0%| F|  |TAMS 0x0000000083700000, 0x0000000083700000| Untracked 
|  34|0x0000000083800000, 0x0000000083800000, 0x0000000083900000|  0%| F|  |TAMS 0x0000000083800000, 0x0000000083800000| Untracked 
|  35|0x0000000083900000, 0x0000000083900000, 0x0000000083a00000|  0%| F|  |TAMS 0x0000000083900000, 0x0000000083900000| Untracked 
|  36|0x0000000083a00000, 0x0000000083a00000, 0x0000000083b00000|  0%| F|  |TAMS 0x0000000083a00000, 0x0000000083a00000| Untracked 
|  37|0x0000000083b00000, 0x0000000083b00000, 0x0000000083c00000|  0%| F|  |TAMS 0x0000000083b00000, 0x0000000083b00000| Untracked 
|  38|0x0000000083c00000, 0x0000000083c00000, 0x0000000083d00000|  0%| F|  |TAMS 0x0000000083c00000, 0x0000000083c00000| Untracked 
|  39|0x0000000083d00000, 0x0000000083d00000, 0x0000000083e00000|  0%| F|  |TAMS 0x0000000083d00000, 0x0000000083d00000| Untracked 
|  40|0x0000000083e00000, 0x0000000083e00000, 0x0000000083f00000|  0%| F|  |TAMS 0x0000000083e00000, 0x0000000083e00000| Untracked 
|  41|0x0000000083f00000, 0x0000000083f00000, 0x0000000084000000|  0%| F|  |TAMS 0x0000000083f00000, 0x0000000083f00000| Untracked 
|  42|0x0000000084000000, 0x0000000084000000, 0x0000000084100000|  0%| F|  |TAMS 0x0000000084000000, 0x0000000084000000| Untracked 
|  43|0x0000000084100000, 0x0000000084100000, 0x0000000084200000|  0%| F|  |TAMS 0x0000000084100000, 0x0000000084100000| Untracked 
|  44|0x0000000084200000, 0x0000000084200000, 0x0000000084300000|  0%| F|  |TAMS 0x0000000084200000, 0x0000000084200000| Untracked 
|  45|0x0000000084300000, 0x0000000084300000, 0x0000000084400000|  0%| F|  |TAMS 0x0000000084300000, 0x0000000084300000| Untracked 
|  46|0x0000000084400000, 0x0000000084400000, 0x0000000084500000|  0%| F|  |TAMS 0x0000000084400000, 0x0000000084400000| Untracked 
|  47|0x0000000084500000, 0x0000000084500000, 0x0000000084600000|  0%| F|  |TAMS 0x0000000084500000, 0x0000000084500000| Untracked 
|  48|0x0000000084600000, 0x0000000084600000, 0x0000000084700000|  0%| F|  |TAMS 0x0000000084600000, 0x0000000084600000| Untracked 
|  49|0x0000000084700000, 0x0000000084700000, 0x0000000084800000|  0%| F|  |TAMS 0x0000000084700000, 0x0000000084700000| Untracked 
|  50|0x0000000084800000, 0x0000000084800000, 0x0000000084900000|  0%| F|  |TAMS 0x0000000084800000, 0x0000000084800000| Untracked 
|  51|0x0000000084900000, 0x0000000084900000, 0x0000000084a00000|  0%| F|  |TAMS 0x0000000084900000, 0x0000000084900000| Untracked 
|  52|0x0000000084a00000, 0x0000000084a00000, 0x0000000084b00000|  0%| F|  |TAMS 0x0000000084a00000, 0x0000000084a00000| Untracked 
|  53|0x0000000084b00000, 0x0000000084b00000, 0x0000000084c00000|  0%| F|  |TAMS 0x0000000084b00000, 0x0000000084b00000| Untracked 
|  54|0x0000000084c00000, 0x0000000084c00000, 0x0000000084d00000|  0%| F|  |TAMS 0x0000000084c00000, 0x0000000084c00000| Untracked 
|  55|0x0000000084d00000, 0x0000000084d00000, 0x0000000084e00000|  0%| F|  |TAMS 0x0000000084d00000, 0x0000000084d00000| Untracked 
|  56|0x0000000084e00000, 0x0000000084e00000, 0x0000000084f00000|  0%| F|  |TAMS 0x0000000084e00000, 0x0000000084e00000| Untracked 
|  57|0x0000000084f00000, 0x0000000084f00000, 0x0000000085000000|  0%| F|  |TAMS 0x0000000084f00000, 0x0000000084f00000| Untracked 
| 127|0x0000000089500000, 0x0000000089500000, 0x0000000089600000|  0%| F|  |TAMS 0x0000000089500000, 0x0000000089500000| Untracked 

Card table byte_map: [0x0000022443ba0000,0x0000022443fa0000] _byte_map_base: 0x0000022443795000

Marking Bits (Prev, Next): (CMBitMap*) 0x000002242cfa0fb0, (CMBitMap*) 0x000002242cfa0f70
 Prev Bits: [0x0000022446350000, 0x00000224482f8000)
 Next Bits: [0x00000224443a0000, 0x0000022446348000)

Polling page: 0x000002242bf50000

Metaspace:

Usage:
  Non-class:     43.88 MB used.
      Class:      6.92 MB used.
       Both:     50.80 MB used.

Virtual space:
  Non-class space:       64.00 MB reserved,      44.12 MB ( 69%) committed,  1 nodes.
      Class space:        1.00 GB reserved,       7.12 MB ( <1%) committed,  1 nodes.
             Both:        1.06 GB reserved,      51.25 MB (  5%) committed. 

Chunk freelists:
   Non-Class:  3.80 MB
       Class:  8.81 MB
        Both:  12.61 MB

MaxMetaspaceSize: unlimited
CompressedClassSpaceSize: 1.00 GB
Initial GC threshold: 21.00 MB
Current GC threshold: 77.81 MB
CDS: on
MetaspaceReclaimPolicy: balanced
 - commit_granule_bytes: 65536.
 - commit_granule_words: 8192.
 - virtual_space_node_default_size: 8388608.
 - enlarge_chunks_in_place: 1.
 - new_chunks_are_fully_committed: 0.
 - uncommit_free_chunks: 1.
 - use_allocation_guard: 0.
 - handle_deallocations: 1.


Internal statistics:

num_allocs_failed_limit: 9.
num_arena_births: 556.
num_arena_deaths: 0.
num_vsnodes_births: 2.
num_vsnodes_deaths: 0.
num_space_committed: 820.
num_space_uncommitted: 0.
num_chunks_returned_to_freelist: 9.
num_chunks_taken_from_freelist: 2445.
num_chunk_merges: 6.
num_chunk_splits: 1790.
num_chunks_enlarged: 1411.
num_inconsistent_stats: 0.

CodeHeap 'non-profiled nmethods': size=120000Kb used=2739Kb max_used=2739Kb free=117260Kb
 bounds [0x000002243c270000, 0x000002243c520000, 0x00000224437a0000]
CodeHeap 'profiled nmethods': size=120000Kb used=9940Kb max_used=9940Kb free=110060Kb
 bounds [0x00000224347a0000, 0x0000022435160000, 0x000002243bcd0000]
CodeHeap 'non-nmethods': size=5760Kb used=1303Kb max_used=1372Kb free=4456Kb
 bounds [0x000002243bcd0000, 0x000002243bf40000, 0x000002243c270000]
 total_blobs=5339 nmethods=4713 adapters=538
 compilation: enabled
              stopped_count=0, restarted_count=0
 full_count=0

Compilation events (20 events):
Event: 6.794 Thread 0x000002244a87bf80 4734       2       org.springframework.util.ConcurrentReferenceHashMap$Segment::restructureIfNecessary (56 bytes)
Event: 6.794 Thread 0x000002244a87bf80 nmethod 4734 0x0000022435151b10 code [0x0000022435151cc0, 0x0000022435151ff8]
Event: 6.794 Thread 0x000002244a87bf80 4735       2       sun.reflect.generics.reflectiveObjects.WildcardTypeImpl::getLowerBounds (34 bytes)
Event: 6.795 Thread 0x000002244a87bf80 nmethod 4735 0x0000022435152210 code [0x00000224351523c0, 0x0000022435152698]
Event: 6.799 Thread 0x000002244a87bf80 4736       1       java.util.logging.LogManager$LoggerContext::getOwner (5 bytes)
Event: 6.799 Thread 0x000002244a87bf80 nmethod 4736 0x000002243c51c090 code [0x000002243c51c220, 0x000002243c51c2f8]
Event: 6.800 Thread 0x000002244a87bf80 4737       2       org.springframework.context.event.GenericApplicationListenerAdapter::resolveDeclaredEventType (57 bytes)
Event: 6.800 Thread 0x000002244a87bf80 nmethod 4737 0x0000022435152790 code [0x0000022435152980, 0x0000022435152cc8]
Event: 6.800 Thread 0x000002244a87bf80 4739       3       org.springframework.core.ResolvableType$WildcardBounds::get (136 bytes)
Event: 6.801 Thread 0x000002244a87bf80 nmethod 4739 0x0000022435152e90 code [0x0000022435153120, 0x0000022435154018]
Event: 6.801 Thread 0x000002244a87bf80 4738       2       org.springframework.context.event.AbstractApplicationEventMulticaster::supportsEvent (56 bytes)
Event: 6.801 Thread 0x000002244a87bf80 nmethod 4738 0x0000022435154490 code [0x0000022435154680, 0x0000022435154af8]
Event: 6.804 Thread 0x000002244a87bf80 4740       1       java.time.ZoneOffset::getTotalSeconds (5 bytes)
Event: 6.804 Thread 0x000002244a87bf80 nmethod 4740 0x000002243c51c390 code [0x000002243c51c520, 0x000002243c51c5f8]
Event: 6.806 Thread 0x000002244a87bf80 4741       2       org.h2.mvstore.Page::getKeyCount (6 bytes)
Event: 6.806 Thread 0x000002244a87bf80 nmethod 4741 0x0000022435154c90 code [0x0000022435154e20, 0x0000022435154f38]
Event: 6.806 Thread 0x000002244a87bf80 4742       1       org.h2.mvstore.Page$Leaf::getNodeType (2 bytes)
Event: 6.806 Thread 0x000002244a87bf80 nmethod 4742 0x000002243c51c690 code [0x000002243c51c820, 0x000002243c51c8f8]
Event: 6.806 Thread 0x000002244a87bf80 4743       1       org.hibernate.service.spi.ServiceBinding::getLifecycleOwner (5 bytes)
Event: 6.806 Thread 0x000002244a87bf80 nmethod 4743 0x000002243c51c990 code [0x000002243c51cb20, 0x000002243c51cbf8]

GC Heap History (20 events):
Event: 3.269 GC heap after
{Heap after GC invocations=4 (full 0):
 garbage-first heap   total 131072K, used 13687K [0x0000000081600000, 0x0000000100000000)
  region size 1024K, 8 young (8192K), 8 survivors (8192K)
 Metaspace       used 21179K, committed 21504K, reserved 1114112K
  class space    used 2604K, committed 2752K, reserved 1048576K
}
Event: 3.986 GC heap before
{Heap before GC invocations=5 (full 0):
 garbage-first heap   total 51200K, used 36215K [0x0000000081600000, 0x0000000100000000)
  region size 1024K, 30 young (30720K), 8 survivors (8192K)
 Metaspace       used 26140K, committed 26560K, reserved 1114112K
  class space    used 3224K, committed 3392K, reserved 1048576K
}
Event: 4.002 GC heap after
{Heap after GC invocations=6 (full 0):
 garbage-first heap   total 51200K, used 16227K [0x0000000081600000, 0x0000000100000000)
  region size 1024K, 3 young (3072K), 3 survivors (3072K)
 Metaspace       used 26140K, committed 26560K, reserved 1114112K
  class space    used 3224K, committed 3392K, reserved 1048576K
}
Event: 4.026 GC heap before
{Heap before GC invocations=6 (full 0):
 garbage-first heap   total 51200K, used 17251K [0x0000000081600000, 0x0000000100000000)
  region size 1024K, 4 young (4096K), 3 survivors (3072K)
 Metaspace       used 26556K, committed 26944K, reserved 1114112K
  class space    used 3263K, committed 3392K, reserved 1048576K
}
Event: 4.037 GC heap after
{Heap after GC invocations=7 (full 0):
 garbage-first heap   total 51200K, used 16605K [0x0000000081600000, 0x0000000100000000)
  region size 1024K, 1 young (1024K), 1 survivors (1024K)
 Metaspace       used 26556K, committed 26944K, reserved 1114112K
  class space    used 3263K, committed 3392K, reserved 1048576K
}
Event: 4.566 GC heap before
{Heap before GC invocations=7 (full 0):
 garbage-first heap   total 51200K, used 35037K [0x0000000081600000, 0x0000000100000000)
  region size 1024K, 20 young (20480K), 1 survivors (1024K)
 Metaspace       used 31901K, committed 32256K, reserved 1114112K
  class space    used 3991K, committed 4160K, reserved 1048576K
}
Event: 4.567 GC heap after
{Heap after GC invocations=8 (full 0):
 garbage-first heap   total 51200K, used 17121K [0x0000000081600000, 0x0000000100000000)
  region size 1024K, 1 young (1024K), 1 survivors (1024K)
 Metaspace       used 31901K, committed 32256K, reserved 1114112K
  class space    used 3991K, committed 4160K, reserved 1048576K
}
Event: 4.853 GC heap before
{Heap before GC invocations=8 (full 0):
 garbage-first heap   total 51200K, used 31457K [0x0000000081600000, 0x0000000100000000)
  region size 1024K, 16 young (16384K), 1 survivors (1024K)
 Metaspace       used 35612K, committed 35968K, reserved 1114112K
  class space    used 4602K, committed 4800K, reserved 1048576K
}
Event: 4.855 GC heap after
{Heap after GC invocations=9 (full 0):
 garbage-first heap   total 51200K, used 17805K [0x0000000081600000, 0x0000000100000000)
  region size 1024K, 2 young (2048K), 2 survivors (2048K)
 Metaspace       used 35612K, committed 35968K, reserved 1114112K
  class space    used 4602K, committed 4800K, reserved 1048576K
}
Event: 5.352 GC heap before
{Heap before GC invocations=10 (full 0):
 garbage-first heap   total 51200K, used 38285K [0x0000000081600000, 0x0000000100000000)
  region size 1024K, 22 young (22528K), 2 survivors (2048K)
 Metaspace       used 42199K, committed 42624K, reserved 1114112K
  class space    used 5613K, committed 5824K, reserved 1048576K
}
Event: 5.356 GC heap after
{Heap after GC invocations=11 (full 0):
 garbage-first heap   total 51200K, used 18829K [0x0000000081600000, 0x0000000100000000)
  region size 1024K, 2 young (2048K), 2 survivors (2048K)
 Metaspace       used 42199K, committed 42624K, reserved 1114112K
  class space    used 5613K, committed 5824K, reserved 1048576K
}
Event: 5.385 GC heap before
{Heap before GC invocations=11 (full 0):
 garbage-first heap   total 51200K, used 19853K [0x0000000081600000, 0x0000000100000000)
  region size 1024K, 3 young (3072K), 2 survivors (2048K)
 Metaspace       used 42465K, committed 42880K, reserved 1114112K
  class space    used 5674K, committed 5888K, reserved 1048576K
}
Event: 5.391 GC heap after
{Heap after GC invocations=12 (full 0):
 garbage-first heap   total 51200K, used 18620K [0x0000000081600000, 0x0000000100000000)
  region size 1024K, 1 young (1024K), 1 survivors (1024K)
 Metaspace       used 42465K, committed 42880K, reserved 1114112K
  class space    used 5674K, committed 5888K, reserved 1048576K
}
Event: 5.923 GC heap before
{Heap before GC invocations=12 (full 0):
 garbage-first heap   total 51200K, used 37052K [0x0000000081600000, 0x0000000100000000)
  region size 1024K, 20 young (20480K), 1 survivors (1024K)
 Metaspace       used 47128K, committed 47552K, reserved 1114112K
  class space    used 6391K, committed 6592K, reserved 1048576K
}
Event: 5.925 GC heap after
{Heap after GC invocations=13 (full 0):
 garbage-first heap   total 51200K, used 19760K [0x0000000081600000, 0x0000000100000000)
  region size 1024K, 2 young (2048K), 2 survivors (2048K)
 Metaspace       used 47128K, committed 47552K, reserved 1114112K
  class space    used 6391K, committed 6592K, reserved 1048576K
}
Event: 6.316 GC heap before
{Heap before GC invocations=14 (full 0):
 garbage-first heap   total 51200K, used 38192K [0x0000000081600000, 0x0000000100000000)
  region size 1024K, 21 young (21504K), 2 survivors (2048K)
 Metaspace       used 49911K, committed 50432K, reserved 1114112K
  class space    used 6807K, committed 7040K, reserved 1048576K
}
Event: 6.319 GC heap after
{Heap after GC invocations=15 (full 0):
 garbage-first heap   total 51200K, used 21203K [0x0000000081600000, 0x0000000100000000)
  region size 1024K, 3 young (3072K), 3 survivors (3072K)
 Metaspace       used 49911K, committed 50432K, reserved 1114112K
  class space    used 6807K, committed 7040K, reserved 1048576K
}
Event: 6.349 GC heap before
{Heap before GC invocations=15 (full 0):
 garbage-first heap   total 51200K, used 22227K [0x0000000081600000, 0x0000000100000000)
  region size 1024K, 4 young (4096K), 3 survivors (3072K)
 Metaspace       used 50041K, committed 50560K, reserved 1114112K
  class space    used 6821K, committed 7104K, reserved 1048576K
}
Event: 6.355 GC heap after
{Heap after GC invocations=16 (full 0):
 garbage-first heap   total 51200K, used 21085K [0x0000000081600000, 0x0000000100000000)
  region size 1024K, 1 young (1024K), 1 survivors (1024K)
 Metaspace       used 50041K, committed 50560K, reserved 1114112K
  class space    used 6821K, committed 7104K, reserved 1048576K
}
Event: 6.810 GC heap before
{Heap before GC invocations=16 (full 0):
 garbage-first heap   total 51200K, used 39517K [0x0000000081600000, 0x0000000100000000)
  region size 1024K, 19 young (19456K), 1 survivors (1024K)
 Metaspace       used 52017K, committed 52480K, reserved 1114112K
  class space    used 7087K, committed 7296K, reserved 1048576K
}

Deoptimization events (20 events):
Event: 6.764 Thread 0x0000022490800080 DEOPT PACKING pc=0x000002243c39ac6c sp=0x000000a3987fdef0
Event: 6.764 Thread 0x0000022490800080 DEOPT UNPACKING pc=0x000002243bd223a3 sp=0x000000a3987fde20 mode 2
Event: 6.765 Thread 0x0000022490800080 Uncommon trap: trap_request=0xffffff45 fr.pc=0x000002243c2be164 relative=0x0000000000000324
Event: 6.765 Thread 0x0000022490800080 Uncommon trap: reason=unstable_if action=reinterpret pc=0x000002243c2be164 method=java.util.HashMap.getNode(Ljava/lang/Object;)Ljava/util/HashMap$Node; @ 66 c2
Event: 6.765 Thread 0x0000022490800080 DEOPT PACKING pc=0x000002243c2be164 sp=0x000000a3987fd770
Event: 6.765 Thread 0x0000022490800080 DEOPT UNPACKING pc=0x000002243bd223a3 sp=0x000000a3987fd700 mode 2
Event: 6.765 Thread 0x0000022490800080 Uncommon trap: trap_request=0xffffff45 fr.pc=0x000002243c3f792c relative=0x00000000000007cc
Event: 6.765 Thread 0x0000022490800080 Uncommon trap: reason=unstable_if action=reinterpret pc=0x000002243c3f792c method=java.util.HashMap.putVal(ILjava/lang/Object;Ljava/lang/Object;ZZ)Ljava/lang/Object; @ 94 c2
Event: 6.765 Thread 0x0000022490800080 DEOPT PACKING pc=0x000002243c3f792c sp=0x000000a3987fd710
Event: 6.765 Thread 0x0000022490800080 DEOPT UNPACKING pc=0x000002243bd223a3 sp=0x000000a3987fd698 mode 2
Event: 6.773 Thread 0x0000022490800080 DEOPT PACKING pc=0x00000224349d2123 sp=0x000000a3987fcaf0
Event: 6.773 Thread 0x0000022490800080 DEOPT UNPACKING pc=0x000002243bd22b43 sp=0x000000a3987fbf60 mode 0
Event: 6.789 Thread 0x0000022490800080 Uncommon trap: trap_request=0xffffff45 fr.pc=0x000002243c2e05e0 relative=0x0000000000000060
Event: 6.789 Thread 0x0000022490800080 Uncommon trap: reason=unstable_if action=reinterpret pc=0x000002243c2e05e0 method=org.springframework.util.ConcurrentReferenceHashMap$Segment.clear()V @ 7 c2
Event: 6.789 Thread 0x0000022490800080 DEOPT PACKING pc=0x000002243c2e05e0 sp=0x000000a3987fe250
Event: 6.789 Thread 0x0000022490800080 DEOPT UNPACKING pc=0x000002243bd223a3 sp=0x000000a3987fe1e0 mode 2
Event: 6.791 Thread 0x0000022490800080 Uncommon trap: trap_request=0xffffff54 fr.pc=0x000002243c2fc2a4 relative=0x0000000000000364
Event: 6.791 Thread 0x0000022490800080 Uncommon trap: reason=speculate_null_assert action=make_not_entrant pc=0x000002243c2fc2a4 method=org.springframework.util.ConcurrentReferenceHashMap$Segment.restructureIfNecessary(Z)V @ 41 c2
Event: 6.791 Thread 0x0000022490800080 DEOPT PACKING pc=0x000002243c2fc2a4 sp=0x000000a3987fe2b0
Event: 6.791 Thread 0x0000022490800080 DEOPT UNPACKING pc=0x000002243bd223a3 sp=0x000000a3987fe278 mode 2

Classes unloaded (0 events):
No events

Classes redefined (0 events):
No events

Internal exceptions (20 events):
Event: 5.727 Thread 0x0000022490800080 Exception <a 'java/lang/NoSuchMethodError'{0x0000000083c1db88}: 'java.lang.Object java.lang.invoke.DirectMethodHandle$Holder.newInvokeSpecial(java.lang.Object, java.lang.Object, java.lang.Object, java.lang.Object, java.lang.Object, java.lang.Object, java.lang.Object, java.lang.Object, java.lang.Object, java.lang.Object, java.lang.Object)'> (0x0000000083c1db88) 
thrown [s\open\src\hotspot\share\interpreter\linkResolver.cpp, line 759]
Event: 5.727 Thread 0x0000022490800080 Exception <a 'java/lang/NoSuchMethodError'{0x0000000083c22898}: 'java.lang.Object java.lang.invoke.DirectMethodHandle$Holder.invokeSpecial(java.lang.Object, java.lang.Object, java.lang.Object, java.lang.Object, java.lang.Object, java.lang.Object, java.lang.Object, java.lang.Object, java.lang.Object, java.lang.Object, java.lang.Object, java.lang.Object)'> (0x0000000083c22898) 
thrown [s\open\src\hotspot\share\interpreter\linkResolver.cpp, line 759]
Event: 5.727 Thread 0x0000022490800080 Exception <a 'java/lang/NoSuchMethodError'{0x0000000083c26e38}: 'java.lang.Object java.lang.invoke.Invokers$Holder.linkToTargetMethod(java.lang.Object, java.lang.Object, java.lang.Object, java.lang.Object, java.lang.Object, java.lang.Object, java.lang.Object, java.lang.Object, java.lang.Object, java.lang.Object, java.lang.Object)'> (0x0000000083c26e38) 
thrown [s\open\src\hotspot\share\interpreter\linkResolver.cpp, line 759]
Event: 5.759 Thread 0x0000022490800080 Exception <a 'java/lang/NoSuchMethodError'{0x0000000083b72830}: 'java.lang.Object java.lang.invoke.DirectMethodHandle$Holder.newInvokeSpecial(java.lang.Object, java.lang.Object, java.lang.Object, java.lang.Object, java.lang.Object, java.lang.Object)'> (0x0000000083b72830) 
thrown [s\open\src\hotspot\share\interpreter\linkResolver.cpp, line 759]
Event: 5.769 Thread 0x0000022490800080 Exception <a 'java/lang/NoSuchMethodError'{0x0000000083bdc838}: 'java.lang.Object java.lang.invoke.DirectMethodHandle$Holder.newInvokeSpecial(java.lang.Object, java.lang.Object, java.lang.Object, java.lang.Object, java.lang.Object, java.lang.Object, java.lang.Object, int)'> (0x0000000083bdc838) 
thrown [s\open\src\hotspot\share\interpreter\linkResolver.cpp, line 759]
Event: 5.770 Thread 0x0000022490800080 Exception <a 'java/lang/NoSuchMethodError'{0x0000000083be1830}: 'java.lang.Object java.lang.invoke.DirectMethodHandle$Holder.invokeSpecial(java.lang.Object, java.lang.Object, java.lang.Object, java.lang.Object, java.lang.Object, java.lang.Object, java.lang.Object, java.lang.Object, int)'> (0x0000000083be1830) 
thrown [s\open\src\hotspot\share\interpreter\linkResolver.cpp, line 759]
Event: 5.770 Thread 0x0000022490800080 Exception <a 'java/lang/NoSuchMethodError'{0x0000000083be62f8}: 'java.lang.Object java.lang.invoke.Invokers$Holder.linkToTargetMethod(java.lang.Object, java.lang.Object, java.lang.Object, java.lang.Object, java.lang.Object, java.lang.Object, int, java.lang.Object)'> (0x0000000083be62f8) 
thrown [s\open\src\hotspot\share\interpreter\linkResolver.cpp, line 759]
Event: 5.788 Thread 0x0000022490800080 Exception <a 'java/lang/NoSuchMethodError'{0x0000000083a7b308}: 'void java.lang.invoke.DirectMethodHandle$Holder.invokeInterface(java.lang.Object, java.lang.Object)'> (0x0000000083a7b308) 
thrown [s\open\src\hotspot\share\interpreter\linkResolver.cpp, line 759]
Event: 5.946 Thread 0x0000022490800080 Exception <a 'java/lang/IncompatibleClassChangeError'{0x0000000084f85640}: Found class java.lang.Object, but interface was expected> (0x0000000084f85640) 
thrown [s\open\src\hotspot\share\interpreter\linkResolver.cpp, line 826]
Event: 5.961 Thread 0x0000022490800080 Exception <a 'java/lang/IncompatibleClassChangeError'{0x0000000084fffab8}: Found class java.lang.Object, but interface was expected> (0x0000000084fffab8) 
thrown [s\open\src\hotspot\share\interpreter\linkResolver.cpp, line 826]
Event: 6.000 Thread 0x0000022490800080 Exception <a 'java/lang/IncompatibleClassChangeError'{0x0000000084d4c130}: Found class java.lang.Object, but interface was expected> (0x0000000084d4c130) 
thrown [s\open\src\hotspot\share\interpreter\linkResolver.cpp, line 826]
Event: 6.151 Thread 0x0000022490800080 Exception <a 'java/lang/IncompatibleClassChangeError'{0x0000000083e681c0}: Found class java.lang.Object, but interface was expected> (0x0000000083e681c0) 
thrown [s\open\src\hotspot\share\interpreter\linkResolver.cpp, line 826]
Event: 6.378 Thread 0x0000022490800080 Exception <a 'java/lang/NoSuchMethodError'{0x00000000895ccfb0}: 'int java.lang.invoke.DirectMethodHandle$Holder.invokeSpecialIFC(java.lang.Object, java.lang.Object, java.lang.Object)'> (0x00000000895ccfb0) 
thrown [s\open\src\hotspot\share\interpreter\linkResolver.cpp, line 759]
Event: 6.524 Thread 0x0000022490800080 Exception <a 'sun/nio/fs/WindowsException'{0x0000000084aaa250}> (0x0000000084aaa250) 
thrown [s\open\src\hotspot\share\prims\jni.cpp, line 516]
Event: 6.640 Thread 0x0000022490800080 Implicit null exception at 0x000002243c3ca6c0 to 0x000002243c3ca8cc
Event: 6.755 Thread 0x0000022490800080 Exception <a 'java/lang/NoSuchMethodError'{0x00000000837444e0}: 'java.lang.Object java.lang.invoke.DirectMethodHandle$Holder.newInvokeSpecial(java.lang.Object, java.lang.Object, int, java.lang.Object, java.lang.Object)'> (0x00000000837444e0) 
thrown [s\open\src\hotspot\share\interpreter\linkResolver.cpp, line 759]
Event: 6.756 Thread 0x0000022490800080 Exception <a 'java/lang/NoSuchMethodError'{0x00000000837509b8}: 'java.lang.Object java.lang.invoke.DirectMethodHandle$Holder.invokeSpecial(java.lang.Object, java.lang.Object, int, java.lang.Object, int, java.lang.Object)'> (0x00000000837509b8) 
thrown [s\open\src\hotspot\share\interpreter\linkResolver.cpp, line 759]
Event: 6.757 Thread 0x0000022490800080 Exception <a 'java/lang/NoSuchMethodError'{0x0000000083758a68}: 'java.lang.Object java.lang.invoke.DirectMethodHandle$Holder.newInvokeSpecial(java.lang.Object, java.lang.Object, int, java.lang.Object, int)'> (0x0000000083758a68) 
thrown [s\open\src\hotspot\share\interpreter\linkResolver.cpp, line 759]
Event: 6.757 Thread 0x0000022490800080 Exception <a 'java/lang/NoSuchMethodError'{0x000000008378af28}: 'java.lang.Object java.lang.invoke.DirectMethodHandle$Holder.invokeSpecial(java.lang.Object, java.lang.Object, java.lang.Object, int, java.lang.Object, int)'> (0x000000008378af28) 
thrown [s\open\src\hotspot\share\interpreter\linkResolver.cpp, line 759]
Event: 6.802 Thread 0x0000022491099780 Exception <a 'java/lang/InterruptedException'{0x00000000835b4c18}: sleep interrupted> (0x00000000835b4c18) 
thrown [s\open\src\hotspot\share\prims\jvm.cpp, line 3064]

VM Operations (20 events):
Event: 5.980 Executing VM operation: G1Concurrent done
Event: 5.993 Executing VM operation: G1Concurrent
Event: 5.993 Executing VM operation: G1Concurrent done
Event: 6.111 Executing VM operation: HandshakeAllThreads
Event: 6.111 Executing VM operation: HandshakeAllThreads done
Event: 6.184 Executing VM operation: HandshakeAllThreads
Event: 6.184 Executing VM operation: HandshakeAllThreads done
Event: 6.185 Executing VM operation: HandshakeAllThreads
Event: 6.185 Executing VM operation: HandshakeAllThreads done
Event: 6.315 Executing VM operation: G1CollectForAllocation
Event: 6.319 Executing VM operation: G1CollectForAllocation done
Event: 6.349 Executing VM operation: G1CollectForAllocation
Event: 6.355 Executing VM operation: G1CollectForAllocation done
Event: 6.477 Executing VM operation: HandshakeAllThreads
Event: 6.477 Executing VM operation: HandshakeAllThreads done
Event: 6.791 Executing VM operation: HandshakeAllThreads
Event: 6.791 Executing VM operation: HandshakeAllThreads done
Event: 6.808 Executing VM operation: HandshakeAllThreads
Event: 6.808 Executing VM operation: HandshakeAllThreads done
Event: 6.809 Executing VM operation: G1CollectForAllocation

Events (20 events):
Event: 6.797 loading class com/sun/beans/util/Cache$Kind$1 done
Event: 6.797 loading class com/sun/beans/util/Cache$Kind$2
Event: 6.797 loading class com/sun/beans/util/Cache$Kind$2 done
Event: 6.797 loading class com/sun/beans/util/Cache$Kind$3
Event: 6.797 loading class com/sun/beans/util/Cache$Kind$3 done
Event: 6.797 loading class com/sun/beans/util/Cache$CacheEntry
Event: 6.797 loading class com/sun/beans/util/Cache$CacheEntry done
Event: 6.798 Thread 0x00000224906877c0 Thread exited: 0x00000224906877c0
Event: 6.799 Thread 0x0000022491095fd0 Thread added: 0x0000022491095fd0
Event: 6.799 Thread 0x00000224910964e0 Thread added: 0x00000224910964e0
Event: 6.799 loading class java/util/WeakHashMap$KeyIterator
Event: 6.799 loading class java/util/WeakHashMap$KeyIterator done
Event: 6.800 Thread 0x00000224910964e0 Thread exited: 0x00000224910964e0
Event: 6.802 Thread 0x0000022491099780 Thread exited: 0x0000022491099780
Event: 6.807 loading class java/util/ArrayList$ListItr
Event: 6.807 loading class java/util/ArrayList$ListItr done
Event: 6.808 loading class java/util/AbstractMap$2
Event: 6.808 loading class java/util/AbstractMap$2 done
Event: 6.809 loading class java/util/AbstractMap$2$1
Event: 6.809 loading class java/util/AbstractMap$2$1 done


Dynamic libraries:
0x00007ff73a780000 - 0x00007ff73a790000 	C:\Program Files\Java\jdk-17\bin\java.exe
0x00007ffff5dd0000 - 0x00007ffff5fc8000 	C:\WINDOWS\SYSTEM32\ntdll.dll
0x00007ffff4ba0000 - 0x00007ffff4c5d000 	C:\WINDOWS\System32\KERNEL32.DLL
0x00007ffff3870000 - 0x00007ffff3b66000 	C:\WINDOWS\System32\KERNELBASE.dll
0x00007ffff3ba0000 - 0x00007ffff3ca0000 	C:\WINDOWS\System32\ucrtbase.dll
0x00007fffe3b10000 - 0x00007fffe3b29000 	C:\Program Files\Java\jdk-17\bin\jli.dll
0x00007fffe3b50000 - 0x00007fffe3b6b000 	C:\Program Files\Java\jdk-17\bin\VCRUNTIME140.dll
0x00007ffff46d0000 - 0x00007ffff477f000 	C:\WINDOWS\System32\ADVAPI32.dll
0x00007ffff4c60000 - 0x00007ffff4cfe000 	C:\WINDOWS\System32\msvcrt.dll
0x00007ffff57c0000 - 0x00007ffff585c000 	C:\WINDOWS\System32\sechost.dll
0x00007ffff4f90000 - 0x00007ffff50b6000 	C:\WINDOWS\System32\RPCRT4.dll
0x00007ffff48e0000 - 0x00007ffff4a7e000 	C:\WINDOWS\System32\USER32.dll
0x00007ffff34b0000 - 0x00007ffff34d2000 	C:\WINDOWS\System32\win32u.dll
0x00007ffff4780000 - 0x00007ffff47ac000 	C:\WINDOWS\System32\GDI32.dll
0x00007ffff3d10000 - 0x00007ffff3e2a000 	C:\WINDOWS\System32\gdi32full.dll
0x00007ffff34e0000 - 0x00007ffff357d000 	C:\WINDOWS\System32\msvcp_win.dll
0x00007fffdd4f0000 - 0x00007fffdd78a000 	C:\WINDOWS\WinSxS\amd64_microsoft.windows.common-controls_6595b64144ccf1df_6.0.19041.3636_none_60b6a03d71f818d5\COMCTL32.dll
0x00007fffeb550000 - 0x00007fffeb55a000 	C:\WINDOWS\SYSTEM32\VERSION.dll
0x00007ffff4f60000 - 0x00007ffff4f90000 	C:\WINDOWS\System32\IMM32.DLL
0x00007fffda0b0000 - 0x00007fffda241000 	C:\WINDOWS\system32\tmumh\20019\AddOn\8.55.0.1257\TmUmEvt64.dll
0x00007ffff4f50000 - 0x00007ffff4f58000 	C:\WINDOWS\System32\PSAPI.DLL
0x0000000058a00000 - 0x0000000058b73000 	C:\WINDOWS\system32\tmumh\20019\TmMon\2.9.0.1048\tmmon64.dll
0x00007fffef000000 - 0x00007fffef00c000 	C:\Program Files\Java\jdk-17\bin\vcruntime140_1.dll
0x00007fffe2b80000 - 0x00007fffe2c0e000 	C:\Program Files\Java\jdk-17\bin\msvcp140.dll
0x00007fffbc290000 - 0x00007fffbce6f000 	C:\Program Files\Java\jdk-17\bin\server\jvm.dll
0x00007fffe0ec0000 - 0x00007fffe0ec9000 	C:\WINDOWS\SYSTEM32\WSOCK32.dll
0x00007ffff4ec0000 - 0x00007ffff4f2b000 	C:\WINDOWS\System32\WS2_32.dll
0x00007fffe4890000 - 0x00007fffe48b7000 	C:\WINDOWS\SYSTEM32\WINMM.dll
0x00007ffff1390000 - 0x00007ffff13a2000 	C:\WINDOWS\SYSTEM32\kernel.appcore.dll
0x00007fffe3ab0000 - 0x00007fffe3aba000 	C:\Program Files\Java\jdk-17\bin\jimage.dll
0x00007fffeebb0000 - 0x00007fffeed94000 	C:\WINDOWS\SYSTEM32\DBGHELP.DLL
0x00007fffeeb30000 - 0x00007fffeeb64000 	C:\WINDOWS\SYSTEM32\dbgcore.DLL
0x00007ffff3630000 - 0x00007ffff36b2000 	C:\WINDOWS\System32\bcryptPrimitives.dll
0x00007fffe6510000 - 0x00007fffe651e000 	C:\Program Files\Java\jdk-17\bin\instrument.dll
0x00007fffe3a80000 - 0x00007fffe3aa5000 	C:\Program Files\Java\jdk-17\bin\java.dll
0x00007fffcebd0000 - 0x00007fffceca7000 	C:\Program Files\Java\jdk-17\bin\jsvml.dll
0x00007ffff3f80000 - 0x00007ffff46c5000 	C:\WINDOWS\System32\SHELL32.dll
0x00007ffff1590000 - 0x00007ffff1d2b000 	C:\WINDOWS\SYSTEM32\windows.storage.dll
0x00007ffff51f0000 - 0x00007ffff5544000 	C:\WINDOWS\System32\combase.dll
0x00007ffff2e20000 - 0x00007ffff2e4d000 	C:\WINDOWS\SYSTEM32\Wldp.dll
0x00007ffff5710000 - 0x00007ffff57bd000 	C:\WINDOWS\System32\SHCORE.dll
0x00007ffff5d30000 - 0x00007ffff5d85000 	C:\WINDOWS\System32\shlwapi.dll
0x00007ffff33e0000 - 0x00007ffff3405000 	C:\WINDOWS\SYSTEM32\profapi.dll
0x00007fffe1870000 - 0x00007fffe1888000 	C:\Program Files\Java\jdk-17\bin\zip.dll
0x00007fffe32e0000 - 0x00007fffe32f9000 	C:\Program Files\Java\jdk-17\bin\net.dll
0x00007fffe6c70000 - 0x00007fffe6d7a000 	C:\WINDOWS\SYSTEM32\WINHTTP.dll
0x00007ffff2b80000 - 0x00007ffff2bea000 	C:\WINDOWS\system32\mswsock.dll
0x00007fffe2760000 - 0x00007fffe2776000 	C:\Program Files\Java\jdk-17\bin\nio.dll
0x00007fffd8080000 - 0x00007fffd809a000 	C:\Program Files\Java\IntelliJ IDEA Community Edition 2022.3.2\bin\breakgen64.dll
0x00007fffe6500000 - 0x00007fffe650a000 	C:\Program Files\Java\jdk-17\bin\management.dll
0x00007fffe2c40000 - 0x00007fffe2c4b000 	C:\Program Files\Java\jdk-17\bin\management_ext.dll
0x00007ffff2d70000 - 0x00007ffff2d88000 	C:\WINDOWS\SYSTEM32\CRYPTSP.dll
0x00007ffff24b0000 - 0x00007ffff24e4000 	C:\WINDOWS\system32\rsaenh.dll
0x00007ffff3b70000 - 0x00007ffff3b97000 	C:\WINDOWS\System32\bcrypt.dll
0x00007ffff3360000 - 0x00007ffff338e000 	C:\WINDOWS\SYSTEM32\USERENV.dll
0x00007ffff2d90000 - 0x00007ffff2d9c000 	C:\WINDOWS\SYSTEM32\CRYPTBASE.dll
0x00007ffff2870000 - 0x00007ffff28ab000 	C:\WINDOWS\SYSTEM32\IPHLPAPI.DLL
0x00007ffff5700000 - 0x00007ffff5708000 	C:\WINDOWS\System32\NSI.dll
0x00007fffe76d0000 - 0x00007fffe76e7000 	C:\WINDOWS\SYSTEM32\dhcpcsvc6.DLL
0x00007fffe7710000 - 0x00007fffe772d000 	C:\WINDOWS\SYSTEM32\dhcpcsvc.DLL
0x00007ffff28b0000 - 0x00007ffff297a000 	C:\WINDOWS\SYSTEM32\DNSAPI.dll
0x00007ffff0c30000 - 0x00007ffff0c40000 	C:\Program Files\Java\jdk-17\bin\verify.dll

dbghelp: loaded successfully - version: 4.0.5 - missing functions: none
symbol engine: initialized successfully - sym options: 0x614 - pdb path: .;C:\Program Files\Java\jdk-17\bin;C:\WINDOWS\SYSTEM32;C:\WINDOWS\WinSxS\amd64_microsoft.windows.common-controls_6595b64144ccf1df_6.0.19041.3636_none_60b6a03d71f818d5;C:\WINDOWS\system32\tmumh\20019\AddOn\8.55.0.1257;C:\WINDOWS\system32\tmumh\20019\TmMon\2.9.0.1048;C:\Program Files\Java\jdk-17\bin\server;C:\Program Files\Java\IntelliJ IDEA Community Edition 2022.3.2\bin

VM Arguments:
jvm_args: -javaagent:C:\Program Files\Java\IntelliJ IDEA Community Edition 2022.3.2\lib\idea_rt.jar=53564:C:\Program Files\Java\IntelliJ IDEA Community Edition 2022.3.2\bin -Dfile.encoding=UTF-8 
java_command: com.financiera.springboot.app.springbootcrud.SpringbootCrudApplication
java_class_path (initial): C:\nuevo\springboot-crud\target\classes;C:\Users\usuario\.m2\repository\org\springframework\boot\spring-boot-starter-data-jpa\3.1.5\spring-boot-starter-data-jpa-3.1.5.jar;C:\Users\usuario\.m2\repository\org\springframework\boot\spring-boot-starter-aop\3.1.5\spring-boot-starter-aop-3.1.5.jar;C:\Users\usuario\.m2\repository\org\springframework\spring-aop\6.0.13\spring-aop-6.0.13.jar;C:\Users\usuario\.m2\repository\org\aspectj\aspectjweaver\1.9.20\aspectjweaver-1.9.20.jar;C:\Users\usuario\.m2\repository\org\springframework\boot\spring-boot-starter-jdbc\3.1.5\spring-boot-starter-jdbc-3.1.5.jar;C:\Users\usuario\.m2\repository\com\zaxxer\HikariCP\5.0.1\HikariCP-5.0.1.jar;C:\Users\usuario\.m2\repository\org\springframework\spring-jdbc\6.0.13\spring-jdbc-6.0.13.jar;C:\Users\usuario\.m2\repository\org\hibernate\orm\hibernate-core\6.2.13.Final\hibernate-core-6.2.13.Final.jar;C:\Users\usuario\.m2\repository\jakarta\persistence\jakarta.persistence-api\3.1.0\jakarta.persistence-api-3.1.0.jar;C:\Users\usuario\.m2\repository\jakarta\transaction\jakarta.transaction-api\2.0.1\jakarta.transaction-api-2.0.1.jar;C:\Users\usuario\.m2\repository\org\jboss\logging\jboss-logging\3.5.3.Final\jboss-logging-3.5.3.Final.jar;C:\Users\usuario\.m2\repository\org\hibernate\common\hibernate-commons-annotations\6.0.6.Final\hibernate-commons-annotations-6.0.6.Final.jar;C:\Users\usuario\.m2\repository\io\smallrye\jandex\3.0.5\jandex-3.0.5.jar;C:\Users\usuario\.m2\repository\net\bytebuddy\byte-buddy\1.14.9\byte-buddy-1.14.9.jar;C:\Users\usuario\.m2\repository\org\glassfish\jaxb\jaxb-runtime\4.0.3\jaxb-runtime-4.0.3.jar;C:\Users\usuario\.m2\repository\org\glassfish\jaxb\jaxb-core\4.0.3\jaxb-core-4.0.3.jar;C:\Users\usuario\.m2\repository\org\eclipse\angus\angus-activation\2.0.1\angus-activation-2.0.1.jar;C:\Users\usuario\.m2\repository\org\glassfish\jaxb\txw2\4.0.3\txw2-4.0.3.jar;C:\Users\usuario\.m2\repository\com\sun\istack\istack-commons-runtime\4.1.2\istack-commons-runtim
Launcher Type: SUN_STANDARD

[Global flags]
     intx CICompilerCount                          = 3                                         {product} {ergonomic}
     uint ConcGCThreads                            = 1                                         {product} {ergonomic}
     uint G1ConcRefinementThreads                  = 4                                         {product} {ergonomic}
   size_t G1HeapRegionSize                         = 1048576                                   {product} {ergonomic}
    uintx GCDrainStackTargetSize                   = 64                                        {product} {ergonomic}
   size_t InitialHeapSize                          = 134217728                                 {product} {ergonomic}
   size_t MarkStackSize                            = 4194304                                   {product} {ergonomic}
   size_t MaxHeapSize                              = 2124414976                                {product} {ergonomic}
   size_t MaxNewSize                               = 1274019840                                {product} {ergonomic}
   size_t MinHeapDeltaBytes                        = 1048576                                   {product} {ergonomic}
   size_t MinHeapSize                              = 8388608                                   {product} {ergonomic}
    uintx NonNMethodCodeHeapSize                   = 5832780                                {pd product} {ergonomic}
    uintx NonProfiledCodeHeapSize                  = 122912730                              {pd product} {ergonomic}
    uintx ProfiledCodeHeapSize                     = 122912730                              {pd product} {ergonomic}
    uintx ReservedCodeCacheSize                    = 251658240                              {pd product} {ergonomic}
     bool SegmentedCodeCache                       = true                                      {product} {ergonomic}
   size_t SoftMaxHeapSize                          = 2124414976                             {manageable} {ergonomic}
     bool UseCompressedClassPointers               = true                           {product lp64_product} {ergonomic}
     bool UseCompressedOops                        = true                           {product lp64_product} {ergonomic}
     bool UseG1GC                                  = true                                      {product} {ergonomic}
     bool UseLargePagesIndividualAllocation        = false                                  {pd product} {ergonomic}

Logging:
Log output configuration:
 #0: stdout all=warning uptime,level,tags
 #1: stderr all=off uptime,level,tags

Environment Variables:
JAVA_HOME=C:\Program Files\Java\jdk-17
PATH=c:\huawei\cti;c:\huawei\csp6;C:\WINDOWS\system32;C:\WINDOWS;C:\WINDOWS\System32\Wbem;C:\WINDOWS\System32\WindowsPowerShell\v1.0\;C:\WINDOWS\System32\OpenSSH\;C:\Program Files\Java\jdk-17\bin;C:\apache-maven-3.9.6\bin;C:\Python39\Scripts\;C:\Python39\;C:\Users\usuario\AppData\Local\Microsoft\WindowsApps;;C:\Program Files\Java\IntelliJ IDEA Community Edition 2022.3.2\bin;;C:\Users\usuario\AppData\Local\Programs\Microsoft VS Code\bin
USERNAME=usuario
OS=Windows_NT
PROCESSOR_IDENTIFIER=Intel64 Family 6 Model 94 Stepping 3, GenuineIntel



---------------  S Y S T E M  ---------------

OS:
 Windows 10 , 64 bit Build 19041 (10.0.19041.3636)
OS uptime: 0 days 2:36 hours

CPU: total 4 (initial active 4) (4 cores per cpu, 1 threads per core) family 6 model 94 stepping 3 microcode 0xcc, cx8, cmov, fxsr, mmx, 3dnowpref, sse, sse2, sse3, ssse3, sse4.1, sse4.2, popcnt, lzcnt, tsc, tscinvbit, avx, avx2, aes, erms, clmul, bmi1, bmi2, rtm, adx, fma, vzeroupper, clflush, clflushopt

Memory: 4k page, system-wide physical 8101M (673M free)
TotalPageFile size 10149M (AvailPageFile size 25M)
current process WorkingSet (physical memory assigned to process): 231M, peak: 239M
current process commit charge ("private bytes"): 272M, peak: 328M

vm_info: Java HotSpot(TM) 64-Bit Server VM (17.0.10+11-LTS-240) for windows-amd64 JRE (17.0.10+11-LTS-240), built on Dec 19 2023 21:47:25 by "mach5one" with MS VC++ 17.1 (VS2022)

END.
