#
# There is insufficient memory for the Java Runtime Environment to continue.
# Native memory allocation (mmap) failed to map 65536 bytes for Failed to commit metaspace.
# Possible reasons:
#   The system is out of physical RAM or swap space
#   The process is running with CompressedOops enabled, and the Java Heap may be blocking the growth of the native heap
# Possible solutions:
#   Reduce memory load on the system
#   Increase physical memory or swap space
#   Check if swap backing store is full
#   Decrease Java heap size (-Xmx/-Xms)
#   Decrease number of Java threads
#   Decrease Java thread stack sizes (-Xss)
#   Set larger code cache with -XX:ReservedCodeCacheSize=
#   JVM is running with Unscaled Compressed Oops mode in which the Java heap is
#     placed in the first 4GB address space. The Java Heap base address is the
#     maximum limit for the native heap growth. Please use -XX:HeapBaseMinAddress
#     to set the Java Heap base and to place the Java Heap above 4GB virtual address.
# This output file may be truncated or incomplete.
#
#  Out of Memory Error (virtualSpaceNode.cpp:110), pid=16156, tid=16256
#
# JRE version: Java(TM) SE Runtime Environment (17.0.10+11) (build 17.0.10+11-LTS-240)
# Java VM: Java HotSpot(TM) 64-Bit Server VM (17.0.10+11-LTS-240, mixed mode, sharing, tiered, compressed oops, compressed class ptrs, g1 gc, windows-amd64)
# No core dump will be written. Minidumps are not enabled by default on client versions of Windows
#

---------------  S U M M A R Y ------------

Command Line: -javaagent:C:\Program Files\Java\IntelliJ IDEA Community Edition 2022.3.2\lib\idea_rt.jar=53487:C:\Program Files\Java\IntelliJ IDEA Community Edition 2022.3.2\bin -Dfile.encoding=UTF-8 com.financiera.springboot.app.springbootcrud.SpringbootCrudApplication

Host: Intel(R) Core(TM) i5-6600 CPU @ 3.30GHz, 4 cores, 7G,  Windows 10 , 64 bit Build 19041 (10.0.19041.3636)
Time: Mon Jan 29 17:16:20 2024 Hora est. Pacífico, Sudamérica elapsed time: 0.414601 seconds (0d 0h 0m 0s)

---------------  T H R E A D  ---------------

Current thread (0x0000024656507790):  JavaThread "main" [_thread_in_vm, id=16256, stack(0x000000d134400000,0x000000d134500000)]

Stack: [0x000000d134400000,0x000000d134500000]
Native frames: (J=compiled Java code, j=interpreted, Vv=VM code, C=native code)
V  [jvm.dll+0x677a5a]
V  [jvm.dll+0x7d8b2d]
V  [jvm.dll+0x7da48e]
V  [jvm.dll+0x7daaf3]
V  [jvm.dll+0x2455ff]
V  [jvm.dll+0x7d483b]
V  [jvm.dll+0x61dc06]
V  [jvm.dll+0x1bfa87]
V  [jvm.dll+0x620570]
V  [jvm.dll+0x61e5c6]
V  [jvm.dll+0x239c1f]
V  [jvm.dll+0x628365]
V  [jvm.dll+0x1e92ed]
V  [jvm.dll+0x1e98b5]
V  [jvm.dll+0x1ea1fb]
V  [jvm.dll+0x1dfa01]
V  [jvm.dll+0x53d58c]
V  [jvm.dll+0x753438]
V  [jvm.dll+0x753524]
V  [jvm.dll+0x40babf]
V  [jvm.dll+0x411a89]
C  [java.dll+0x17ec]

Java frames: (J=compiled Java code, j=interpreted, Vv=VM code)
j  java.lang.ClassLoader.defineClass1(Ljava/lang/ClassLoader;Ljava/lang/String;[BIILjava/security/ProtectionDomain;Ljava/lang/String;)Ljava/lang/Class;+0 java.base@17.0.10
j  java.lang.ClassLoader.defineClass(Ljava/lang/String;[BIILjava/security/ProtectionDomain;)Ljava/lang/Class;+27 java.base@17.0.10
j  java.security.SecureClassLoader.defineClass(Ljava/lang/String;[BIILjava/security/CodeSource;)Ljava/lang/Class;+12 java.base@17.0.10
j  jdk.internal.loader.BuiltinClassLoader.defineClass(Ljava/lang/String;Ljdk/internal/loader/Resource;)Ljava/lang/Class;+117 java.base@17.0.10
j  jdk.internal.loader.BuiltinClassLoader.findClassOnClassPathOrNull(Ljava/lang/String;)Ljava/lang/Class;+37 java.base@17.0.10
j  jdk.internal.loader.BuiltinClassLoader.loadClassOrNull(Ljava/lang/String;Z)Ljava/lang/Class;+111 java.base@17.0.10
j  jdk.internal.loader.BuiltinClassLoader.loadClass(Ljava/lang/String;Z)Ljava/lang/Class;+3 java.base@17.0.10
j  jdk.internal.loader.ClassLoaders$AppClassLoader.loadClass(Ljava/lang/String;Z)Ljava/lang/Class;+36 java.base@17.0.10
j  java.lang.ClassLoader.loadClass(Ljava/lang/String;)Ljava/lang/Class;+3 java.base@17.0.10
v  ~StubRoutines::call_stub
j  org.apache.commons.logging.LogAdapter$Slf4jAdapter.createLocationAwareLog(Ljava/lang/String;)Lorg/apache/commons/logging/Log;+1
j  org.apache.commons.logging.LogAdapter$$Lambda$16+0x0000024601005a28.apply(Ljava/lang/Object;)Ljava/lang/Object;+4
j  org.apache.commons.logging.LogAdapter.createLog(Ljava/lang/String;)Lorg/apache/commons/logging/Log;+4
j  org.apache.commons.logging.LogFactory.getLog(Ljava/lang/String;)Lorg/apache/commons/logging/Log;+1
j  org.apache.commons.logging.LogFactory.getLog(Ljava/lang/Class;)Lorg/apache/commons/logging/Log;+4
j  org.springframework.boot.SpringApplication.<clinit>()V+2
v  ~StubRoutines::call_stub
j  com.financiera.springboot.app.springbootcrud.SpringbootCrudApplication.main([Ljava/lang/String;)V+3
v  ~StubRoutines::call_stub

---------------  P R O C E S S  ---------------

Threads class SMR info:
_java_thread_list=0x000002467813c230, length=14, elements={
0x0000024656507790, 0x0000024671a77370, 0x0000024671a79050, 0x0000024671a8ee20,
0x0000024671a917f0, 0x0000024671a92d20, 0x0000024671a94660, 0x0000024671a95ec0,
0x0000024671a9a930, 0x0000024671a9e690, 0x00000246780fce90, 0x0000024678262220,
0x00000246780fc470, 0x00000246780fc980
}

Java Threads: ( => current thread )
=>0x0000024656507790 JavaThread "main" [_thread_in_vm, id=16256, stack(0x000000d134400000,0x000000d134500000)]
  0x0000024671a77370 JavaThread "Reference Handler" daemon [_thread_blocked, id=16504, stack(0x000000d134b00000,0x000000d134c00000)]
  0x0000024671a79050 JavaThread "Finalizer" daemon [_thread_blocked, id=7508, stack(0x000000d134c00000,0x000000d134d00000)]
  0x0000024671a8ee20 JavaThread "Signal Dispatcher" daemon [_thread_blocked, id=840, stack(0x000000d134d00000,0x000000d134e00000)]
  0x0000024671a917f0 JavaThread "Attach Listener" daemon [_thread_blocked, id=3484, stack(0x000000d134e00000,0x000000d134f00000)]
  0x0000024671a92d20 JavaThread "Service Thread" daemon [_thread_blocked, id=15844, stack(0x000000d134f00000,0x000000d135000000)]
  0x0000024671a94660 JavaThread "Monitor Deflation Thread" daemon [_thread_blocked, id=12340, stack(0x000000d135000000,0x000000d135100000)]
  0x0000024671a95ec0 JavaThread "C2 CompilerThread0" daemon [_thread_blocked, id=13472, stack(0x000000d135100000,0x000000d135200000)]
  0x0000024671a9a930 JavaThread "C1 CompilerThread0" daemon [_thread_blocked, id=3300, stack(0x000000d135200000,0x000000d135300000)]
  0x0000024671a9e690 JavaThread "Sweeper thread" daemon [_thread_blocked, id=7512, stack(0x000000d135300000,0x000000d135400000)]
  0x00000246780fce90 JavaThread "Common-Cleaner" daemon [_thread_blocked, id=17396, stack(0x000000d135400000,0x000000d135500000)]
  0x0000024678262220 JavaThread "C2 CompilerThread1" daemon [_thread_blocked, id=10576, stack(0x000000d135500000,0x000000d135600000)]
  0x00000246780fc470 JavaThread "Monitor Ctrl-Break" daemon [_thread_in_native, id=17228, stack(0x000000d135600000,0x000000d135700000)]
  0x00000246780fc980 JavaThread "Notification Thread" daemon [_thread_blocked, id=17264, stack(0x000000d135700000,0x000000d135800000)]

Other Threads:
  0x0000024671a72290 VMThread "VM Thread" [stack: 0x000000d134a00000,0x000000d134b00000] [id=8592]
  0x00000246718c0b70 GCTaskThread "GC Thread#0" [stack: 0x000000d134500000,0x000000d134600000] [id=7860]
  0x0000024656550b30 ConcurrentGCThread "G1 Main Marker" [stack: 0x000000d134600000,0x000000d134700000] [id=8676]
  0x0000024656551540 ConcurrentGCThread "G1 Conc#0" [stack: 0x000000d134700000,0x000000d134800000] [id=11984]
  0x000002467192c140 ConcurrentGCThread "G1 Refine#0" [stack: 0x000000d134800000,0x000000d134900000] [id=17016]
  0x000002467192cb70 ConcurrentGCThread "G1 Service" [stack: 0x000000d134900000,0x000000d134a00000] [id=5216]

Threads with active compile tasks:

VM state: not at safepoint (normal execution)

VM Mutex/Monitor currently owned by a thread:  ([mutex/lock_event])
[0x00000246564f5430] Metaspace_lock - owner thread: 0x0000024656507790

Heap address: 0x0000000081600000, size: 2026 MB, Compressed Oops mode: 32-bit

CDS archive(s) mapped at: [0x0000024600000000-0x0000024600bd0000-0x0000024600bd0000), size 12386304, SharedBaseAddress: 0x0000024600000000, ArchiveRelocationMode: 1.
Compressed class space mapped at: 0x0000024601000000-0x0000024641000000, reserved size: 1073741824
Narrow klass base: 0x0000024600000000, Narrow klass shift: 0, Narrow klass range: 0x100000000

GC Precious Log:
 CPUs: 4 total, 4 available
 Memory: 8101M
 Large Page Support: Disabled
 NUMA Support: Disabled
 Compressed Oops: Enabled (32-bit)
 Heap Region Size: 1M
 Heap Min Capacity: 8M
 Heap Initial Capacity: 128M
 Heap Max Capacity: 2026M
 Pre-touch: Disabled
 Parallel Workers: 4
 Concurrent Workers: 1
 Concurrent Refinement Workers: 4
 Periodic GC: Disabled

Heap:
 garbage-first heap   total 131072K, used 6144K [0x0000000081600000, 0x0000000100000000)
  region size 1024K, 7 young (7168K), 0 survivors (0K)
 Metaspace       used 1176K, committed 1280K, reserved 1114112K
  class space    used 82K, committed 128K, reserved 1048576K

Heap Regions: E=young(eden), S=young(survivor), O=old, HS=humongous(starts), HC=humongous(continues), CS=collection set, F=free, OA=open archive, CA=closed archive, TAMS=top-at-mark-start (previous, next)
|   0|0x0000000081600000, 0x0000000081700000, 0x0000000081700000|100%|HS|  |TAMS 0x0000000081600000, 0x0000000081600000| Complete 
|   1|0x0000000081700000, 0x0000000081700000, 0x0000000081800000|  0%| F|  |TAMS 0x0000000081700000, 0x0000000081700000| Untracked 
|   2|0x0000000081800000, 0x0000000081800000, 0x0000000081900000|  0%| F|  |TAMS 0x0000000081800000, 0x0000000081800000| Untracked 
|   3|0x0000000081900000, 0x0000000081900000, 0x0000000081a00000|  0%| F|  |TAMS 0x0000000081900000, 0x0000000081900000| Untracked 
|   4|0x0000000081a00000, 0x0000000081a00000, 0x0000000081b00000|  0%| F|  |TAMS 0x0000000081a00000, 0x0000000081a00000| Untracked 
|   5|0x0000000081b00000, 0x0000000081b00000, 0x0000000081c00000|  0%| F|  |TAMS 0x0000000081b00000, 0x0000000081b00000| Untracked 
|   6|0x0000000081c00000, 0x0000000081c00000, 0x0000000081d00000|  0%| F|  |TAMS 0x0000000081c00000, 0x0000000081c00000| Untracked 
|   7|0x0000000081d00000, 0x0000000081d00000, 0x0000000081e00000|  0%| F|  |TAMS 0x0000000081d00000, 0x0000000081d00000| Untracked 
|   8|0x0000000081e00000, 0x0000000081e00000, 0x0000000081f00000|  0%| F|  |TAMS 0x0000000081e00000, 0x0000000081e00000| Untracked 
|   9|0x0000000081f00000, 0x0000000081f00000, 0x0000000082000000|  0%| F|  |TAMS 0x0000000081f00000, 0x0000000081f00000| Untracked 
|  10|0x0000000082000000, 0x0000000082000000, 0x0000000082100000|  0%| F|  |TAMS 0x0000000082000000, 0x0000000082000000| Untracked 
|  11|0x0000000082100000, 0x0000000082100000, 0x0000000082200000|  0%| F|  |TAMS 0x0000000082100000, 0x0000000082100000| Untracked 
|  12|0x0000000082200000, 0x0000000082200000, 0x0000000082300000|  0%| F|  |TAMS 0x0000000082200000, 0x0000000082200000| Untracked 
|  13|0x0000000082300000, 0x0000000082300000, 0x0000000082400000|  0%| F|  |TAMS 0x0000000082300000, 0x0000000082300000| Untracked 
|  14|0x0000000082400000, 0x0000000082400000, 0x0000000082500000|  0%| F|  |TAMS 0x0000000082400000, 0x0000000082400000| Untracked 
|  15|0x0000000082500000, 0x0000000082500000, 0x0000000082600000|  0%| F|  |TAMS 0x0000000082500000, 0x0000000082500000| Untracked 
|  16|0x0000000082600000, 0x0000000082600000, 0x0000000082700000|  0%| F|  |TAMS 0x0000000082600000, 0x0000000082600000| Untracked 
|  17|0x0000000082700000, 0x0000000082700000, 0x0000000082800000|  0%| F|  |TAMS 0x0000000082700000, 0x0000000082700000| Untracked 
|  18|0x0000000082800000, 0x0000000082800000, 0x0000000082900000|  0%| F|  |TAMS 0x0000000082800000, 0x0000000082800000| Untracked 
|  19|0x0000000082900000, 0x0000000082900000, 0x0000000082a00000|  0%| F|  |TAMS 0x0000000082900000, 0x0000000082900000| Untracked 
|  20|0x0000000082a00000, 0x0000000082a00000, 0x0000000082b00000|  0%| F|  |TAMS 0x0000000082a00000, 0x0000000082a00000| Untracked 
|  21|0x0000000082b00000, 0x0000000082b00000, 0x0000000082c00000|  0%| F|  |TAMS 0x0000000082b00000, 0x0000000082b00000| Untracked 
|  22|0x0000000082c00000, 0x0000000082c00000, 0x0000000082d00000|  0%| F|  |TAMS 0x0000000082c00000, 0x0000000082c00000| Untracked 
|  23|0x0000000082d00000, 0x0000000082d00000, 0x0000000082e00000|  0%| F|  |TAMS 0x0000000082d00000, 0x0000000082d00000| Untracked 
|  24|0x0000000082e00000, 0x0000000082e00000, 0x0000000082f00000|  0%| F|  |TAMS 0x0000000082e00000, 0x0000000082e00000| Untracked 
|  25|0x0000000082f00000, 0x0000000082f00000, 0x0000000083000000|  0%| F|  |TAMS 0x0000000082f00000, 0x0000000082f00000| Untracked 
|  26|0x0000000083000000, 0x0000000083000000, 0x0000000083100000|  0%| F|  |TAMS 0x0000000083000000, 0x0000000083000000| Untracked 
|  27|0x0000000083100000, 0x0000000083100000, 0x0000000083200000|  0%| F|  |TAMS 0x0000000083100000, 0x0000000083100000| Untracked 
|  28|0x0000000083200000, 0x0000000083200000, 0x0000000083300000|  0%| F|  |TAMS 0x0000000083200000, 0x0000000083200000| Untracked 
|  29|0x0000000083300000, 0x0000000083300000, 0x0000000083400000|  0%| F|  |TAMS 0x0000000083300000, 0x0000000083300000| Untracked 
|  30|0x0000000083400000, 0x0000000083400000, 0x0000000083500000|  0%| F|  |TAMS 0x0000000083400000, 0x0000000083400000| Untracked 
|  31|0x0000000083500000, 0x0000000083500000, 0x0000000083600000|  0%| F|  |TAMS 0x0000000083500000, 0x0000000083500000| Untracked 
|  32|0x0000000083600000, 0x0000000083600000, 0x0000000083700000|  0%| F|  |TAMS 0x0000000083600000, 0x0000000083600000| Untracked 
|  33|0x0000000083700000, 0x0000000083700000, 0x0000000083800000|  0%| F|  |TAMS 0x0000000083700000, 0x0000000083700000| Untracked 
|  34|0x0000000083800000, 0x0000000083800000, 0x0000000083900000|  0%| F|  |TAMS 0x0000000083800000, 0x0000000083800000| Untracked 
|  35|0x0000000083900000, 0x0000000083900000, 0x0000000083a00000|  0%| F|  |TAMS 0x0000000083900000, 0x0000000083900000| Untracked 
|  36|0x0000000083a00000, 0x0000000083a00000, 0x0000000083b00000|  0%| F|  |TAMS 0x0000000083a00000, 0x0000000083a00000| Untracked 
|  37|0x0000000083b00000, 0x0000000083b00000, 0x0000000083c00000|  0%| F|  |TAMS 0x0000000083b00000, 0x0000000083b00000| Untracked 
|  38|0x0000000083c00000, 0x0000000083c00000, 0x0000000083d00000|  0%| F|  |TAMS 0x0000000083c00000, 0x0000000083c00000| Untracked 
|  39|0x0000000083d00000, 0x0000000083d00000, 0x0000000083e00000|  0%| F|  |TAMS 0x0000000083d00000, 0x0000000083d00000| Untracked 
|  40|0x0000000083e00000, 0x0000000083e00000, 0x0000000083f00000|  0%| F|  |TAMS 0x0000000083e00000, 0x0000000083e00000| Untracked 
|  41|0x0000000083f00000, 0x0000000083f00000, 0x0000000084000000|  0%| F|  |TAMS 0x0000000083f00000, 0x0000000083f00000| Untracked 
|  42|0x0000000084000000, 0x0000000084000000, 0x0000000084100000|  0%| F|  |TAMS 0x0000000084000000, 0x0000000084000000| Untracked 
|  43|0x0000000084100000, 0x0000000084100000, 0x0000000084200000|  0%| F|  |TAMS 0x0000000084100000, 0x0000000084100000| Untracked 
|  44|0x0000000084200000, 0x0000000084200000, 0x0000000084300000|  0%| F|  |TAMS 0x0000000084200000, 0x0000000084200000| Untracked 
|  45|0x0000000084300000, 0x0000000084300000, 0x0000000084400000|  0%| F|  |TAMS 0x0000000084300000, 0x0000000084300000| Untracked 
|  46|0x0000000084400000, 0x0000000084400000, 0x0000000084500000|  0%| F|  |TAMS 0x0000000084400000, 0x0000000084400000| Untracked 
|  47|0x0000000084500000, 0x0000000084500000, 0x0000000084600000|  0%| F|  |TAMS 0x0000000084500000, 0x0000000084500000| Untracked 
|  48|0x0000000084600000, 0x0000000084600000, 0x0000000084700000|  0%| F|  |TAMS 0x0000000084600000, 0x0000000084600000| Untracked 
|  49|0x0000000084700000, 0x0000000084700000, 0x0000000084800000|  0%| F|  |TAMS 0x0000000084700000, 0x0000000084700000| Untracked 
|  50|0x0000000084800000, 0x0000000084800000, 0x0000000084900000|  0%| F|  |TAMS 0x0000000084800000, 0x0000000084800000| Untracked 
|  51|0x0000000084900000, 0x0000000084900000, 0x0000000084a00000|  0%| F|  |TAMS 0x0000000084900000, 0x0000000084900000| Untracked 
|  52|0x0000000084a00000, 0x0000000084a00000, 0x0000000084b00000|  0%| F|  |TAMS 0x0000000084a00000, 0x0000000084a00000| Untracked 
|  53|0x0000000084b00000, 0x0000000084b00000, 0x0000000084c00000|  0%| F|  |TAMS 0x0000000084b00000, 0x0000000084b00000| Untracked 
|  54|0x0000000084c00000, 0x0000000084c00000, 0x0000000084d00000|  0%| F|  |TAMS 0x0000000084c00000, 0x0000000084c00000| Untracked 
|  55|0x0000000084d00000, 0x0000000084d00000, 0x0000000084e00000|  0%| F|  |TAMS 0x0000000084d00000, 0x0000000084d00000| Untracked 
|  56|0x0000000084e00000, 0x0000000084e00000, 0x0000000084f00000|  0%| F|  |TAMS 0x0000000084e00000, 0x0000000084e00000| Untracked 
|  57|0x0000000084f00000, 0x0000000084f00000, 0x0000000085000000|  0%| F|  |TAMS 0x0000000084f00000, 0x0000000084f00000| Untracked 
|  58|0x0000000085000000, 0x0000000085000000, 0x0000000085100000|  0%| F|  |TAMS 0x0000000085000000, 0x0000000085000000| Untracked 
|  59|0x0000000085100000, 0x0000000085100000, 0x0000000085200000|  0%| F|  |TAMS 0x0000000085100000, 0x0000000085100000| Untracked 
|  60|0x0000000085200000, 0x0000000085200000, 0x0000000085300000|  0%| F|  |TAMS 0x0000000085200000, 0x0000000085200000| Untracked 
|  61|0x0000000085300000, 0x0000000085300000, 0x0000000085400000|  0%| F|  |TAMS 0x0000000085300000, 0x0000000085300000| Untracked 
|  62|0x0000000085400000, 0x0000000085400000, 0x0000000085500000|  0%| F|  |TAMS 0x0000000085400000, 0x0000000085400000| Untracked 
|  63|0x0000000085500000, 0x0000000085500000, 0x0000000085600000|  0%| F|  |TAMS 0x0000000085500000, 0x0000000085500000| Untracked 
|  64|0x0000000085600000, 0x0000000085600000, 0x0000000085700000|  0%| F|  |TAMS 0x0000000085600000, 0x0000000085600000| Untracked 
|  65|0x0000000085700000, 0x0000000085700000, 0x0000000085800000|  0%| F|  |TAMS 0x0000000085700000, 0x0000000085700000| Untracked 
|  66|0x0000000085800000, 0x0000000085800000, 0x0000000085900000|  0%| F|  |TAMS 0x0000000085800000, 0x0000000085800000| Untracked 
|  67|0x0000000085900000, 0x0000000085900000, 0x0000000085a00000|  0%| F|  |TAMS 0x0000000085900000, 0x0000000085900000| Untracked 
|  68|0x0000000085a00000, 0x0000000085a00000, 0x0000000085b00000|  0%| F|  |TAMS 0x0000000085a00000, 0x0000000085a00000| Untracked 
|  69|0x0000000085b00000, 0x0000000085b00000, 0x0000000085c00000|  0%| F|  |TAMS 0x0000000085b00000, 0x0000000085b00000| Untracked 
|  70|0x0000000085c00000, 0x0000000085c00000, 0x0000000085d00000|  0%| F|  |TAMS 0x0000000085c00000, 0x0000000085c00000| Untracked 
|  71|0x0000000085d00000, 0x0000000085d00000, 0x0000000085e00000|  0%| F|  |TAMS 0x0000000085d00000, 0x0000000085d00000| Untracked 
|  72|0x0000000085e00000, 0x0000000085e00000, 0x0000000085f00000|  0%| F|  |TAMS 0x0000000085e00000, 0x0000000085e00000| Untracked 
|  73|0x0000000085f00000, 0x0000000085f00000, 0x0000000086000000|  0%| F|  |TAMS 0x0000000085f00000, 0x0000000085f00000| Untracked 
|  74|0x0000000086000000, 0x0000000086000000, 0x0000000086100000|  0%| F|  |TAMS 0x0000000086000000, 0x0000000086000000| Untracked 
|  75|0x0000000086100000, 0x0000000086100000, 0x0000000086200000|  0%| F|  |TAMS 0x0000000086100000, 0x0000000086100000| Untracked 
|  76|0x0000000086200000, 0x0000000086200000, 0x0000000086300000|  0%| F|  |TAMS 0x0000000086200000, 0x0000000086200000| Untracked 
|  77|0x0000000086300000, 0x0000000086300000, 0x0000000086400000|  0%| F|  |TAMS 0x0000000086300000, 0x0000000086300000| Untracked 
|  78|0x0000000086400000, 0x0000000086400000, 0x0000000086500000|  0%| F|  |TAMS 0x0000000086400000, 0x0000000086400000| Untracked 
|  79|0x0000000086500000, 0x0000000086500000, 0x0000000086600000|  0%| F|  |TAMS 0x0000000086500000, 0x0000000086500000| Untracked 
|  80|0x0000000086600000, 0x0000000086600000, 0x0000000086700000|  0%| F|  |TAMS 0x0000000086600000, 0x0000000086600000| Untracked 
|  81|0x0000000086700000, 0x0000000086700000, 0x0000000086800000|  0%| F|  |TAMS 0x0000000086700000, 0x0000000086700000| Untracked 
|  82|0x0000000086800000, 0x0000000086800000, 0x0000000086900000|  0%| F|  |TAMS 0x0000000086800000, 0x0000000086800000| Untracked 
|  83|0x0000000086900000, 0x0000000086900000, 0x0000000086a00000|  0%| F|  |TAMS 0x0000000086900000, 0x0000000086900000| Untracked 
|  84|0x0000000086a00000, 0x0000000086a00000, 0x0000000086b00000|  0%| F|  |TAMS 0x0000000086a00000, 0x0000000086a00000| Untracked 
|  85|0x0000000086b00000, 0x0000000086b00000, 0x0000000086c00000|  0%| F|  |TAMS 0x0000000086b00000, 0x0000000086b00000| Untracked 
|  86|0x0000000086c00000, 0x0000000086c00000, 0x0000000086d00000|  0%| F|  |TAMS 0x0000000086c00000, 0x0000000086c00000| Untracked 
|  87|0x0000000086d00000, 0x0000000086d00000, 0x0000000086e00000|  0%| F|  |TAMS 0x0000000086d00000, 0x0000000086d00000| Untracked 
|  88|0x0000000086e00000, 0x0000000086e00000, 0x0000000086f00000|  0%| F|  |TAMS 0x0000000086e00000, 0x0000000086e00000| Untracked 
|  89|0x0000000086f00000, 0x0000000086f00000, 0x0000000087000000|  0%| F|  |TAMS 0x0000000086f00000, 0x0000000086f00000| Untracked 
|  90|0x0000000087000000, 0x0000000087000000, 0x0000000087100000|  0%| F|  |TAMS 0x0000000087000000, 0x0000000087000000| Untracked 
|  91|0x0000000087100000, 0x0000000087100000, 0x0000000087200000|  0%| F|  |TAMS 0x0000000087100000, 0x0000000087100000| Untracked 
|  92|0x0000000087200000, 0x0000000087200000, 0x0000000087300000|  0%| F|  |TAMS 0x0000000087200000, 0x0000000087200000| Untracked 
|  93|0x0000000087300000, 0x0000000087300000, 0x0000000087400000|  0%| F|  |TAMS 0x0000000087300000, 0x0000000087300000| Untracked 
|  94|0x0000000087400000, 0x0000000087400000, 0x0000000087500000|  0%| F|  |TAMS 0x0000000087400000, 0x0000000087400000| Untracked 
|  95|0x0000000087500000, 0x0000000087500000, 0x0000000087600000|  0%| F|  |TAMS 0x0000000087500000, 0x0000000087500000| Untracked 
|  96|0x0000000087600000, 0x0000000087600000, 0x0000000087700000|  0%| F|  |TAMS 0x0000000087600000, 0x0000000087600000| Untracked 
|  97|0x0000000087700000, 0x0000000087700000, 0x0000000087800000|  0%| F|  |TAMS 0x0000000087700000, 0x0000000087700000| Untracked 
|  98|0x0000000087800000, 0x0000000087800000, 0x0000000087900000|  0%| F|  |TAMS 0x0000000087800000, 0x0000000087800000| Untracked 
|  99|0x0000000087900000, 0x0000000087900000, 0x0000000087a00000|  0%| F|  |TAMS 0x0000000087900000, 0x0000000087900000| Untracked 
| 100|0x0000000087a00000, 0x0000000087a00000, 0x0000000087b00000|  0%| F|  |TAMS 0x0000000087a00000, 0x0000000087a00000| Untracked 
| 101|0x0000000087b00000, 0x0000000087b00000, 0x0000000087c00000|  0%| F|  |TAMS 0x0000000087b00000, 0x0000000087b00000| Untracked 
| 102|0x0000000087c00000, 0x0000000087c00000, 0x0000000087d00000|  0%| F|  |TAMS 0x0000000087c00000, 0x0000000087c00000| Untracked 
| 103|0x0000000087d00000, 0x0000000087d00000, 0x0000000087e00000|  0%| F|  |TAMS 0x0000000087d00000, 0x0000000087d00000| Untracked 
| 104|0x0000000087e00000, 0x0000000087e00000, 0x0000000087f00000|  0%| F|  |TAMS 0x0000000087e00000, 0x0000000087e00000| Untracked 
| 105|0x0000000087f00000, 0x0000000087f00000, 0x0000000088000000|  0%| F|  |TAMS 0x0000000087f00000, 0x0000000087f00000| Untracked 
| 106|0x0000000088000000, 0x0000000088000000, 0x0000000088100000|  0%| F|  |TAMS 0x0000000088000000, 0x0000000088000000| Untracked 
| 107|0x0000000088100000, 0x0000000088100000, 0x0000000088200000|  0%| F|  |TAMS 0x0000000088100000, 0x0000000088100000| Untracked 
| 108|0x0000000088200000, 0x0000000088200000, 0x0000000088300000|  0%| F|  |TAMS 0x0000000088200000, 0x0000000088200000| Untracked 
| 109|0x0000000088300000, 0x0000000088300000, 0x0000000088400000|  0%| F|  |TAMS 0x0000000088300000, 0x0000000088300000| Untracked 
| 110|0x0000000088400000, 0x0000000088400000, 0x0000000088500000|  0%| F|  |TAMS 0x0000000088400000, 0x0000000088400000| Untracked 
| 111|0x0000000088500000, 0x0000000088500000, 0x0000000088600000|  0%| F|  |TAMS 0x0000000088500000, 0x0000000088500000| Untracked 
| 112|0x0000000088600000, 0x0000000088600000, 0x0000000088700000|  0%| F|  |TAMS 0x0000000088600000, 0x0000000088600000| Untracked 
| 113|0x0000000088700000, 0x0000000088700000, 0x0000000088800000|  0%| F|  |TAMS 0x0000000088700000, 0x0000000088700000| Untracked 
| 114|0x0000000088800000, 0x0000000088800000, 0x0000000088900000|  0%| F|  |TAMS 0x0000000088800000, 0x0000000088800000| Untracked 
| 115|0x0000000088900000, 0x0000000088900000, 0x0000000088a00000|  0%| F|  |TAMS 0x0000000088900000, 0x0000000088900000| Untracked 
| 116|0x0000000088a00000, 0x0000000088a00000, 0x0000000088b00000|  0%| F|  |TAMS 0x0000000088a00000, 0x0000000088a00000| Untracked 
| 117|0x0000000088b00000, 0x0000000088b00000, 0x0000000088c00000|  0%| F|  |TAMS 0x0000000088b00000, 0x0000000088b00000| Untracked 
| 118|0x0000000088c00000, 0x0000000088c00000, 0x0000000088d00000|  0%| F|  |TAMS 0x0000000088c00000, 0x0000000088c00000| Untracked 
| 119|0x0000000088d00000, 0x0000000088d00000, 0x0000000088e00000|  0%| F|  |TAMS 0x0000000088d00000, 0x0000000088d00000| Untracked 
| 120|0x0000000088e00000, 0x0000000088e00000, 0x0000000088f00000|  0%| F|  |TAMS 0x0000000088e00000, 0x0000000088e00000| Untracked 
| 121|0x0000000088f00000, 0x0000000088fc8740, 0x0000000089000000| 78%| E|  |TAMS 0x0000000088f00000, 0x0000000088f00000| Complete 
| 122|0x0000000089000000, 0x0000000089100000, 0x0000000089100000|100%| E|CS|TAMS 0x0000000089000000, 0x0000000089000000| Complete 
| 123|0x0000000089100000, 0x0000000089200000, 0x0000000089200000|100%| E|  |TAMS 0x0000000089100000, 0x0000000089100000| Complete 
| 124|0x0000000089200000, 0x0000000089300000, 0x0000000089300000|100%| E|CS|TAMS 0x0000000089200000, 0x0000000089200000| Complete 
| 125|0x0000000089300000, 0x0000000089400000, 0x0000000089400000|100%| E|CS|TAMS 0x0000000089300000, 0x0000000089300000| Complete 
| 126|0x0000000089400000, 0x0000000089500000, 0x0000000089500000|100%| E|CS|TAMS 0x0000000089400000, 0x0000000089400000| Complete 
| 127|0x0000000089500000, 0x0000000089600000, 0x0000000089600000|100%| E|CS|TAMS 0x0000000089500000, 0x0000000089500000| Complete 

Card table byte_map: [0x000002466d140000,0x000002466d540000] _byte_map_base: 0x000002466cd35000

Marking Bits (Prev, Next): (CMBitMap*) 0x00000246565404c0, (CMBitMap*) 0x0000024656540500
 Prev Bits: [0x000002466d940000, 0x000002466f8e8000)
 Next Bits: [0x000002466f8f0000, 0x0000024671898000)

Polling page: 0x0000024653d20000

Metaspace:

Usage:
  Non-class:      1.07 MB used.
      Class:     82.45 KB used.
       Both:      1.15 MB used.

Virtual space:
  Non-class space:       64.00 MB reserved,       1.12 MB (  2%) committed,  1 nodes.
      Class space:        1.00 GB reserved,     128.00 KB ( <1%) committed,  1 nodes.
             Both:        1.06 GB reserved,       1.25 MB ( <1%) committed. 

Chunk freelists:
   Non-Class:  11.67 MB
       Class:  15.72 MB
        Both:  27.39 MB

MaxMetaspaceSize: unlimited
CompressedClassSpaceSize: 1.00 GB
Initial GC threshold: 21.00 MB
Current GC threshold: 21.00 MB
CDS: on
MetaspaceReclaimPolicy: balanced
 - commit_granule_bytes: 65536.
 - commit_granule_words: 8192.
 - virtual_space_node_default_size: 8388608.
 - enlarge_chunks_in_place: 1.
 - new_chunks_are_fully_committed: 0.
 - uncommit_free_chunks: 1.
 - use_allocation_guard: 0.
 - handle_deallocations: 1.


Internal statistics:

num_allocs_failed_limit: 0.
num_arena_births: 10.
num_arena_deaths: 0.
num_vsnodes_births: 2.
num_vsnodes_deaths: 0.
num_space_committed: 20.
num_space_uncommitted: 0.
num_chunks_returned_to_freelist: 0.
num_chunks_taken_from_freelist: 35.
num_chunk_merges: 0.
num_chunk_splits: 18.
num_chunks_enlarged: 11.
num_inconsistent_stats: 0.

CodeHeap 'non-profiled nmethods': size=120000Kb used=134Kb max_used=134Kb free=119865Kb
 bounds [0x0000024665810000, 0x0000024665a80000, 0x000002466cd40000]
CodeHeap 'profiled nmethods': size=120000Kb used=529Kb max_used=529Kb free=119470Kb
 bounds [0x000002465dd40000, 0x000002465dfb0000, 0x0000024665270000]
CodeHeap 'non-nmethods': size=5760Kb used=1120Kb max_used=1137Kb free=4639Kb
 bounds [0x0000024665270000, 0x00000246654e0000, 0x0000024665810000]
 total_blobs=795 nmethods=394 adapters=314
 compilation: enabled
              stopped_count=0, restarted_count=0
 full_count=0

Compilation events (20 events):
Event: 0.408 Thread 0x0000024671a9a930  386       3       java.util.zip.ZipUtils::CENLEN (9 bytes)
Event: 0.408 Thread 0x0000024671a9a930 nmethod 386 0x000002465ddc0c10 code [0x000002465ddc0dc0, 0x000002465ddc1098]
Event: 0.408 Thread 0x0000024671a9a930  388       3       java.util.WeakHashMap::remove (131 bytes)
Event: 0.409 Thread 0x0000024671a9a930 nmethod 388 0x000002465ddc1210 code [0x000002465ddc1460, 0x000002465ddc1fd8]
Event: 0.409 Thread 0x0000024671a9a930  389       3       java.lang.invoke.MethodType::parameterType (7 bytes)
Event: 0.409 Thread 0x0000024671a9a930 nmethod 389 0x000002465ddc2410 code [0x000002465ddc25a0, 0x000002465ddc26d8]
Event: 0.409 Thread 0x0000024671a9a930  387       3       java.util.Collections$SetFromMap::remove (19 bytes)
Event: 0.409 Thread 0x0000024671a9a930 nmethod 387 0x000002465ddc2790 code [0x000002465ddc2940, 0x000002465ddc2b68]
Event: 0.409 Thread 0x0000024671a9a930  390       1       java.lang.invoke.MethodHandle::type (5 bytes)
Event: 0.409 Thread 0x0000024671a9a930 nmethod 390 0x0000024665830410 code [0x00000246658305a0, 0x0000024665830678]
Event: 0.410 Thread 0x0000024671a9a930  391       1       java.nio.HeapByteBuffer::isDirect (2 bytes)
Event: 0.410 Thread 0x0000024671a9a930 nmethod 391 0x0000024665830710 code [0x00000246658308a0, 0x0000024665830978]
Event: 0.411 Thread 0x0000024671a9a930  392       3       java.lang.String::toLowerCase (8 bytes)
Event: 0.411 Thread 0x0000024671a9a930 nmethod 392 0x000002465ddc2c10 code [0x000002465ddc2de0, 0x000002465ddc3178]
Event: 0.411 Thread 0x0000024671a9a930  393       3       java.util.Locale::getDefault (4 bytes)
Event: 0.411 Thread 0x0000024671a9a930 nmethod 393 0x000002465ddc3290 code [0x000002465ddc3420, 0x000002465ddc3518]
Event: 0.411 Thread 0x0000024671a9a930  394       3       java.lang.ClassLoader::checkName (37 bytes)
Event: 0.412 Thread 0x0000024671a9a930 nmethod 394 0x000002465ddc3590 code [0x000002465ddc37e0, 0x000002465ddc41b8]
Event: 0.412 Thread 0x0000024671a9a930  395       1       java.net.URLStreamHandler::getDefaultPort (2 bytes)
Event: 0.412 Thread 0x0000024671a9a930 nmethod 395 0x0000024665830a10 code [0x0000024665830ba0, 0x0000024665830c78]

GC Heap History (0 events):
No events

Deoptimization events (18 events):
Event: 0.275 Thread 0x0000024656507790 Uncommon trap: trap_request=0xffffff45 fr.pc=0x0000024665820d10 relative=0x00000000000006d0
Event: 0.275 Thread 0x0000024656507790 Uncommon trap: reason=unstable_if action=reinterpret pc=0x0000024665820d10 method=java.util.zip.ZipFile$Source.checkAndAddEntry(II)I @ 50 c2
Event: 0.275 Thread 0x0000024656507790 DEOPT PACKING pc=0x0000024665820d10 sp=0x000000d1344fe130
Event: 0.275 Thread 0x0000024656507790 DEOPT UNPACKING pc=0x00000246652c23a3 sp=0x000000d1344fe0a0 mode 2
Event: 0.290 Thread 0x0000024656507790 DEOPT PACKING pc=0x000002465dd48767 sp=0x000000d1344fdeb0
Event: 0.290 Thread 0x0000024656507790 DEOPT UNPACKING pc=0x00000246652c2b43 sp=0x000000d1344fd2d0 mode 0
Event: 0.302 Thread 0x0000024656507790 Uncommon trap: trap_request=0xffffff45 fr.pc=0x000002466581dbe0 relative=0x0000000000000900
Event: 0.302 Thread 0x0000024656507790 Uncommon trap: reason=unstable_if action=reinterpret pc=0x000002466581dbe0 method=java.util.HashMap.putVal(ILjava/lang/Object;Ljava/lang/Object;ZZ)Ljava/lang/Object; @ 181 c2
Event: 0.302 Thread 0x0000024656507790 DEOPT PACKING pc=0x000002466581dbe0 sp=0x000000d1344fe9e0
Event: 0.302 Thread 0x0000024656507790 DEOPT UNPACKING pc=0x00000246652c23a3 sp=0x000000d1344fe990 mode 2
Event: 0.374 Thread 0x0000024656507790 Uncommon trap: trap_request=0xffffff45 fr.pc=0x00000246658250dc relative=0x000000000000005c
Event: 0.374 Thread 0x0000024656507790 Uncommon trap: reason=unstable_if action=reinterpret pc=0x00000246658250dc method=java.lang.String.isLatin1()Z @ 10 c2
Event: 0.374 Thread 0x0000024656507790 DEOPT PACKING pc=0x00000246658250dc sp=0x000000d1344fe5b0
Event: 0.374 Thread 0x0000024656507790 DEOPT UNPACKING pc=0x00000246652c23a3 sp=0x000000d1344fe540 mode 2
Event: 0.374 Thread 0x0000024656507790 Uncommon trap: trap_request=0xffffff45 fr.pc=0x00000246658115f8 relative=0x0000000000000078
Event: 0.374 Thread 0x0000024656507790 Uncommon trap: reason=unstable_if action=reinterpret pc=0x00000246658115f8 method=java.lang.String.isLatin1()Z @ 10 c2
Event: 0.374 Thread 0x0000024656507790 DEOPT PACKING pc=0x00000246658115f8 sp=0x000000d1344fef60
Event: 0.374 Thread 0x0000024656507790 DEOPT UNPACKING pc=0x00000246652c23a3 sp=0x000000d1344feea0 mode 2

Classes unloaded (0 events):
No events

Classes redefined (0 events):
No events

Internal exceptions (2 events):
Event: 0.377 Thread 0x00000246780fc470 Exception <a 'java/lang/NoSuchMethodError'{0x00000000890a9b50}: 'java.lang.Object java.lang.invoke.DirectMethodHandle$Holder.invokeStaticInit(java.lang.Object)'> (0x00000000890a9b50) 
thrown [s\open\src\hotspot\share\interpreter\linkResolver.cpp, line 759]
Event: 0.387 Thread 0x00000246780fc470 Exception <a 'java/lang/NoSuchMethodError'{0x00000000890b7810}: 'void java.lang.invoke.DirectMethodHandle$Holder.invokeStatic(java.lang.Object, java.lang.Object)'> (0x00000000890b7810) 
thrown [s\open\src\hotspot\share\interpreter\linkResolver.cpp, line 759]

VM Operations (2 events):
Event: 0.375 Executing VM operation: HandshakeAllThreads
Event: 0.375 Executing VM operation: HandshakeAllThreads done

Events (20 events):
Event: 0.395 loading class sun/nio/cs/US_ASCII$Decoder
Event: 0.395 loading class sun/nio/cs/US_ASCII$Decoder done
Event: 0.395 loading class sun/nio/ch/Util
Event: 0.396 loading class sun/nio/ch/Util done
Event: 0.396 loading class sun/nio/ch/Util$1
Event: 0.396 loading class sun/nio/ch/Util$1 done
Event: 0.397 loading class sun/nio/ch/Util$BufferCache
Event: 0.397 loading class sun/nio/ch/Util$BufferCache done
Event: 0.397 loading class java/nio/DirectByteBuffer$Deallocator
Event: 0.397 loading class java/nio/DirectByteBuffer$Deallocator done
Event: 0.411 loading class java/lang/InstantiationException
Event: 0.411 loading class java/lang/InstantiationException done
Event: 0.411 loading class java/lang/IllegalAccessException
Event: 0.411 loading class java/lang/IllegalAccessException done
Event: 0.411 loading class java/io/IOException
Event: 0.411 loading class java/io/IOException done
Event: 0.411 loading class java/lang/NoSuchFieldError
Event: 0.411 loading class java/lang/NoSuchFieldError done
Event: 0.412 loading class java/util/ServiceConfigurationError
Event: 0.412 loading class java/util/ServiceConfigurationError done


Dynamic libraries:
0x00007ff73a780000 - 0x00007ff73a790000 	C:\Program Files\Java\jdk-17\bin\java.exe
0x00007ffff5dd0000 - 0x00007ffff5fc8000 	C:\WINDOWS\SYSTEM32\ntdll.dll
0x00007ffff4ba0000 - 0x00007ffff4c5d000 	C:\WINDOWS\System32\KERNEL32.DLL
0x00007ffff3870000 - 0x00007ffff3b66000 	C:\WINDOWS\System32\KERNELBASE.dll
0x00007ffff3ba0000 - 0x00007ffff3ca0000 	C:\WINDOWS\System32\ucrtbase.dll
0x00007fffe3b50000 - 0x00007fffe3b6b000 	C:\Program Files\Java\jdk-17\bin\VCRUNTIME140.dll
0x00007fffe3b10000 - 0x00007fffe3b29000 	C:\Program Files\Java\jdk-17\bin\jli.dll
0x00007ffff46d0000 - 0x00007ffff477f000 	C:\WINDOWS\System32\ADVAPI32.dll
0x00007ffff4c60000 - 0x00007ffff4cfe000 	C:\WINDOWS\System32\msvcrt.dll
0x00007ffff57c0000 - 0x00007ffff585c000 	C:\WINDOWS\System32\sechost.dll
0x00007ffff4f90000 - 0x00007ffff50b6000 	C:\WINDOWS\System32\RPCRT4.dll
0x00007ffff48e0000 - 0x00007ffff4a7e000 	C:\WINDOWS\System32\USER32.dll
0x00007ffff34b0000 - 0x00007ffff34d2000 	C:\WINDOWS\System32\win32u.dll
0x00007ffff4780000 - 0x00007ffff47ac000 	C:\WINDOWS\System32\GDI32.dll
0x00007ffff3d10000 - 0x00007ffff3e2a000 	C:\WINDOWS\System32\gdi32full.dll
0x00007ffff34e0000 - 0x00007ffff357d000 	C:\WINDOWS\System32\msvcp_win.dll
0x00007fffdd4f0000 - 0x00007fffdd78a000 	C:\WINDOWS\WinSxS\amd64_microsoft.windows.common-controls_6595b64144ccf1df_6.0.19041.3636_none_60b6a03d71f818d5\COMCTL32.dll
0x00007fffeb550000 - 0x00007fffeb55a000 	C:\WINDOWS\SYSTEM32\VERSION.dll
0x00007ffff4f60000 - 0x00007ffff4f90000 	C:\WINDOWS\System32\IMM32.DLL
0x00007fffda0b0000 - 0x00007fffda241000 	C:\WINDOWS\system32\tmumh\20019\AddOn\8.55.0.1257\TmUmEvt64.dll
0x00007ffff4f50000 - 0x00007ffff4f58000 	C:\WINDOWS\System32\PSAPI.DLL
0x0000000058a00000 - 0x0000000058b73000 	C:\WINDOWS\system32\tmumh\20019\TmMon\2.9.0.1048\tmmon64.dll
0x00007fffef000000 - 0x00007fffef00c000 	C:\Program Files\Java\jdk-17\bin\vcruntime140_1.dll
0x00007fffe2b80000 - 0x00007fffe2c0e000 	C:\Program Files\Java\jdk-17\bin\msvcp140.dll
0x00007fffbc290000 - 0x00007fffbce6f000 	C:\Program Files\Java\jdk-17\bin\server\jvm.dll
0x00007fffe0ec0000 - 0x00007fffe0ec9000 	C:\WINDOWS\SYSTEM32\WSOCK32.dll
0x00007ffff4ec0000 - 0x00007ffff4f2b000 	C:\WINDOWS\System32\WS2_32.dll
0x00007fffe4890000 - 0x00007fffe48b7000 	C:\WINDOWS\SYSTEM32\WINMM.dll
0x00007ffff1390000 - 0x00007ffff13a2000 	C:\WINDOWS\SYSTEM32\kernel.appcore.dll
0x00007fffe3ab0000 - 0x00007fffe3aba000 	C:\Program Files\Java\jdk-17\bin\jimage.dll
0x00007fffeebb0000 - 0x00007fffeed94000 	C:\WINDOWS\SYSTEM32\DBGHELP.DLL
0x00007fffeeb30000 - 0x00007fffeeb64000 	C:\WINDOWS\SYSTEM32\dbgcore.DLL
0x00007ffff3630000 - 0x00007ffff36b2000 	C:\WINDOWS\System32\bcryptPrimitives.dll
0x00007fffe6500000 - 0x00007fffe650e000 	C:\Program Files\Java\jdk-17\bin\instrument.dll
0x00007fffe3a80000 - 0x00007fffe3aa5000 	C:\Program Files\Java\jdk-17\bin\java.dll
0x00007fffcebd0000 - 0x00007fffceca7000 	C:\Program Files\Java\jdk-17\bin\jsvml.dll
0x00007ffff3f80000 - 0x00007ffff46c5000 	C:\WINDOWS\System32\SHELL32.dll
0x00007ffff1590000 - 0x00007ffff1d2b000 	C:\WINDOWS\SYSTEM32\windows.storage.dll
0x00007ffff51f0000 - 0x00007ffff5544000 	C:\WINDOWS\System32\combase.dll
0x00007ffff2e20000 - 0x00007ffff2e4d000 	C:\WINDOWS\SYSTEM32\Wldp.dll
0x00007ffff5710000 - 0x00007ffff57bd000 	C:\WINDOWS\System32\SHCORE.dll
0x00007ffff5d30000 - 0x00007ffff5d85000 	C:\WINDOWS\System32\shlwapi.dll
0x00007ffff33e0000 - 0x00007ffff3405000 	C:\WINDOWS\SYSTEM32\profapi.dll
0x00007fffe1870000 - 0x00007fffe1888000 	C:\Program Files\Java\jdk-17\bin\zip.dll
0x00007fffe32e0000 - 0x00007fffe32f9000 	C:\Program Files\Java\jdk-17\bin\net.dll
0x00007fffe6c70000 - 0x00007fffe6d7a000 	C:\WINDOWS\SYSTEM32\WINHTTP.dll
0x00007ffff2b80000 - 0x00007ffff2bea000 	C:\WINDOWS\system32\mswsock.dll
0x00007fffe2760000 - 0x00007fffe2776000 	C:\Program Files\Java\jdk-17\bin\nio.dll
0x00007fffd7e40000 - 0x00007fffd7e5a000 	C:\Program Files\Java\IntelliJ IDEA Community Edition 2022.3.2\bin\breakgen64.dll

dbghelp: loaded successfully - version: 4.0.5 - missing functions: none
symbol engine: initialized successfully - sym options: 0x614 - pdb path: .;C:\Program Files\Java\jdk-17\bin;C:\WINDOWS\SYSTEM32;C:\WINDOWS\WinSxS\amd64_microsoft.windows.common-controls_6595b64144ccf1df_6.0.19041.3636_none_60b6a03d71f818d5;C:\WINDOWS\system32\tmumh\20019\AddOn\8.55.0.1257;C:\WINDOWS\system32\tmumh\20019\TmMon\2.9.0.1048;C:\Program Files\Java\jdk-17\bin\server;C:\Program Files\Java\IntelliJ IDEA Community Edition 2022.3.2\bin

VM Arguments:
jvm_args: -javaagent:C:\Program Files\Java\IntelliJ IDEA Community Edition 2022.3.2\lib\idea_rt.jar=53487:C:\Program Files\Java\IntelliJ IDEA Community Edition 2022.3.2\bin -Dfile.encoding=UTF-8 
java_command: com.financiera.springboot.app.springbootcrud.SpringbootCrudApplication
java_class_path (initial): C:\nuevo\springboot-crud\target\classes;C:\Users\usuario\.m2\repository\org\springframework\boot\spring-boot-starter-data-jpa\3.1.5\spring-boot-starter-data-jpa-3.1.5.jar;C:\Users\usuario\.m2\repository\org\springframework\boot\spring-boot-starter-aop\3.1.5\spring-boot-starter-aop-3.1.5.jar;C:\Users\usuario\.m2\repository\org\springframework\spring-aop\6.0.13\spring-aop-6.0.13.jar;C:\Users\usuario\.m2\repository\org\aspectj\aspectjweaver\1.9.20\aspectjweaver-1.9.20.jar;C:\Users\usuario\.m2\repository\org\springframework\boot\spring-boot-starter-jdbc\3.1.5\spring-boot-starter-jdbc-3.1.5.jar;C:\Users\usuario\.m2\repository\com\zaxxer\HikariCP\5.0.1\HikariCP-5.0.1.jar;C:\Users\usuario\.m2\repository\org\springframework\spring-jdbc\6.0.13\spring-jdbc-6.0.13.jar;C:\Users\usuario\.m2\repository\org\hibernate\orm\hibernate-core\6.2.13.Final\hibernate-core-6.2.13.Final.jar;C:\Users\usuario\.m2\repository\jakarta\persistence\jakarta.persistence-api\3.1.0\jakarta.persistence-api-3.1.0.jar;C:\Users\usuario\.m2\repository\jakarta\transaction\jakarta.transaction-api\2.0.1\jakarta.transaction-api-2.0.1.jar;C:\Users\usuario\.m2\repository\org\jboss\logging\jboss-logging\3.5.3.Final\jboss-logging-3.5.3.Final.jar;C:\Users\usuario\.m2\repository\org\hibernate\common\hibernate-commons-annotations\6.0.6.Final\hibernate-commons-annotations-6.0.6.Final.jar;C:\Users\usuario\.m2\repository\io\smallrye\jandex\3.0.5\jandex-3.0.5.jar;C:\Users\usuario\.m2\repository\net\bytebuddy\byte-buddy\1.14.9\byte-buddy-1.14.9.jar;C:\Users\usuario\.m2\repository\org\glassfish\jaxb\jaxb-runtime\4.0.3\jaxb-runtime-4.0.3.jar;C:\Users\usuario\.m2\repository\org\glassfish\jaxb\jaxb-core\4.0.3\jaxb-core-4.0.3.jar;C:\Users\usuario\.m2\repository\org\eclipse\angus\angus-activation\2.0.1\angus-activation-2.0.1.jar;C:\Users\usuario\.m2\repository\org\glassfish\jaxb\txw2\4.0.3\txw2-4.0.3.jar;C:\Users\usuario\.m2\repository\com\sun\istack\istack-commons-runtime\4.1.2\istack-commons-runtim
Launcher Type: SUN_STANDARD

[Global flags]
     intx CICompilerCount                          = 3                                         {product} {ergonomic}
     uint ConcGCThreads                            = 1                                         {product} {ergonomic}
     uint G1ConcRefinementThreads                  = 4                                         {product} {ergonomic}
   size_t G1HeapRegionSize                         = 1048576                                   {product} {ergonomic}
    uintx GCDrainStackTargetSize                   = 64                                        {product} {ergonomic}
   size_t InitialHeapSize                          = 134217728                                 {product} {ergonomic}
   size_t MarkStackSize                            = 4194304                                   {product} {ergonomic}
   size_t MaxHeapSize                              = 2124414976                                {product} {ergonomic}
   size_t MaxNewSize                               = 1274019840                                {product} {ergonomic}
   size_t MinHeapDeltaBytes                        = 1048576                                   {product} {ergonomic}
   size_t MinHeapSize                              = 8388608                                   {product} {ergonomic}
    uintx NonNMethodCodeHeapSize                   = 5832780                                {pd product} {ergonomic}
    uintx NonProfiledCodeHeapSize                  = 122912730                              {pd product} {ergonomic}
    uintx ProfiledCodeHeapSize                     = 122912730                              {pd product} {ergonomic}
    uintx ReservedCodeCacheSize                    = 251658240                              {pd product} {ergonomic}
     bool SegmentedCodeCache                       = true                                      {product} {ergonomic}
   size_t SoftMaxHeapSize                          = 2124414976                             {manageable} {ergonomic}
     bool UseCompressedClassPointers               = true                           {product lp64_product} {ergonomic}
     bool UseCompressedOops                        = true                           {product lp64_product} {ergonomic}
     bool UseG1GC                                  = true                                      {product} {ergonomic}
     bool UseLargePagesIndividualAllocation        = false                                  {pd product} {ergonomic}

Logging:
Log output configuration:
 #0: stdout all=warning uptime,level,tags
 #1: stderr all=off uptime,level,tags

Environment Variables:
JAVA_HOME=C:\Program Files\Java\jdk-17
PATH=c:\huawei\cti;c:\huawei\csp6;C:\WINDOWS\system32;C:\WINDOWS;C:\WINDOWS\System32\Wbem;C:\WINDOWS\System32\WindowsPowerShell\v1.0\;C:\WINDOWS\System32\OpenSSH\;C:\Program Files\Java\jdk-17\bin;C:\apache-maven-3.9.6\bin;C:\Python39\Scripts\;C:\Python39\;C:\Users\usuario\AppData\Local\Microsoft\WindowsApps;;C:\Program Files\Java\IntelliJ IDEA Community Edition 2022.3.2\bin;;C:\Users\usuario\AppData\Local\Programs\Microsoft VS Code\bin
USERNAME=usuario
OS=Windows_NT
PROCESSOR_IDENTIFIER=Intel64 Family 6 Model 94 Stepping 3, GenuineIntel



---------------  S Y S T E M  ---------------

OS:
 Windows 10 , 64 bit Build 19041 (10.0.19041.3636)
OS uptime: 0 days 2:33 hours

CPU: total 4 (initial active 4) (4 cores per cpu, 1 threads per core) family 6 model 94 stepping 3 microcode 0xcc, cx8, cmov, fxsr, mmx, 3dnowpref, sse, sse2, sse3, ssse3, sse4.1, sse4.2, popcnt, lzcnt, tsc, tscinvbit, avx, avx2, aes, erms, clmul, bmi1, bmi2, rtm, adx, fma, vzeroupper, clflush, clflushopt

Memory: 4k page, system-wide physical 8101M (783M free)
TotalPageFile size 10149M (AvailPageFile size 0M)
current process WorkingSet (physical memory assigned to process): 48M, peak: 48M
current process commit charge ("private bytes"): 209M, peak: 210M

vm_info: Java HotSpot(TM) 64-Bit Server VM (17.0.10+11-LTS-240) for windows-amd64 JRE (17.0.10+11-LTS-240), built on Dec 19 2023 21:47:25 by "mach5one" with MS VC++ 17.1 (VS2022)

END.
