#
# There is insufficient memory for the Java Runtime Environment to continue.
# Native memory allocation (malloc) failed to allocate 746896 bytes for Chunk::new
# Possible reasons:
#   The system is out of physical RAM or swap space
#   The process is running with CompressedOops enabled, and the Java Heap may be blocking the growth of the native heap
# Possible solutions:
#   Reduce memory load on the system
#   Increase physical memory or swap space
#   Check if swap backing store is full
#   Decrease Java heap size (-Xmx/-Xms)
#   Decrease number of Java threads
#   Decrease Java thread stack sizes (-Xss)
#   Set larger code cache with -XX:ReservedCodeCacheSize=
#   JVM is running with Unscaled Compressed Oops mode in which the Java heap is
#     placed in the first 4GB address space. The Java Heap base address is the
#     maximum limit for the native heap growth. Please use -XX:HeapBaseMinAddress
#     to set the Java Heap base and to place the Java Heap above 4GB virtual address.
# This output file may be truncated or incomplete.
#
#  Out of Memory Error (arena.cpp:189), pid=14568, tid=16864
#
# JRE version: Java(TM) SE Runtime Environment (17.0.10+11) (build 17.0.10+11-LTS-240)
# Java VM: Java HotSpot(TM) 64-Bit Server VM (17.0.10+11-LTS-240, mixed mode, sharing, tiered, compressed oops, compressed class ptrs, g1 gc, windows-amd64)
# No core dump will be written. Minidumps are not enabled by default on client versions of Windows
#

---------------  S U M M A R Y ------------

Command Line: -javaagent:C:\Program Files\Java\IntelliJ IDEA Community Edition 2022.3.2\lib\idea_rt.jar=53459:C:\Program Files\Java\IntelliJ IDEA Community Edition 2022.3.2\bin -Dfile.encoding=UTF-8 com.financiera.springboot.app.springbootcrud.SpringbootCrudApplication

Host: Intel(R) Core(TM) i5-6600 CPU @ 3.30GHz, 4 cores, 7G,  Windows 10 , 64 bit Build 19041 (10.0.19041.3636)
Time: Mon Jan 29 17:15:28 2024 Hora est. Pacífico, Sudamérica elapsed time: 1.455290 seconds (0d 0h 0m 1s)

---------------  T H R E A D  ---------------

Current thread (0x000002076e3d7c20):  JavaThread "C2 CompilerThread0" daemon [_thread_in_native, id=16864, stack(0x000000abba200000,0x000000abba300000)]


Current CompileTask:
C2:   1455 1638   !   4       java.net.URL::<init> (543 bytes)

Stack: [0x000000abba200000,0x000000abba300000]
Native frames: (J=compiled Java code, j=interpreted, Vv=VM code, C=native code)
V  [jvm.dll+0x677a5a]
V  [jvm.dll+0x7d8b2d]
V  [jvm.dll+0x7da48e]
V  [jvm.dll+0x7daaf3]
V  [jvm.dll+0x2455ff]
V  [jvm.dll+0xaaafb]
V  [jvm.dll+0xab09c]
V  [jvm.dll+0x361b5f]
V  [jvm.dll+0x32c211]
V  [jvm.dll+0x32b6aa]
V  [jvm.dll+0x21794f]
V  [jvm.dll+0x216d81]
V  [jvm.dll+0x1a3410]
V  [jvm.dll+0x226aeb]
V  [jvm.dll+0x224cab]
V  [jvm.dll+0x78e45c]
V  [jvm.dll+0x78888a]
V  [jvm.dll+0x676935]
C  [ucrtbase.dll+0x21bb2]
C  [KERNEL32.DLL+0x17344]
C  [ntdll.dll+0x526b1]


---------------  P R O C E S S  ---------------

Threads class SMR info:
_java_thread_list=0x0000020775888470, length=17, elements={
0x0000020752e47850, 0x000002076e3bfa00, 0x000002076e3c0880, 0x000002076e3d2ee0,
0x000002076e3d3aa0, 0x000002076e3d6570, 0x000002076e3d6f30, 0x000002076e3d7c20,
0x000002076e3dd770, 0x000002076e3de170, 0x000002077093ee60, 0x0000020770a6a910,
0x0000020770a6adf0, 0x00000207755a9a90, 0x0000020775844200, 0x0000020775708010,
0x0000020775986b80
}

Java Threads: ( => current thread )
  0x0000020752e47850 JavaThread "main" [_thread_blocked, id=1416, stack(0x000000abb9500000,0x000000abb9600000)]
  0x000002076e3bfa00 JavaThread "Reference Handler" daemon [_thread_blocked, id=7048, stack(0x000000abb9c00000,0x000000abb9d00000)]
  0x000002076e3c0880 JavaThread "Finalizer" daemon [_thread_blocked, id=13260, stack(0x000000abb9d00000,0x000000abb9e00000)]
  0x000002076e3d2ee0 JavaThread "Signal Dispatcher" daemon [_thread_blocked, id=13076, stack(0x000000abb9e00000,0x000000abb9f00000)]
  0x000002076e3d3aa0 JavaThread "Attach Listener" daemon [_thread_blocked, id=9136, stack(0x000000abb9f00000,0x000000abba000000)]
  0x000002076e3d6570 JavaThread "Service Thread" daemon [_thread_blocked, id=4032, stack(0x000000abba000000,0x000000abba100000)]
  0x000002076e3d6f30 JavaThread "Monitor Deflation Thread" daemon [_thread_blocked, id=4520, stack(0x000000abba100000,0x000000abba200000)]
=>0x000002076e3d7c20 JavaThread "C2 CompilerThread0" daemon [_thread_in_native, id=16864, stack(0x000000abba200000,0x000000abba300000)]
  0x000002076e3dd770 JavaThread "C1 CompilerThread0" daemon [_thread_blocked, id=8036, stack(0x000000abba300000,0x000000abba400000)]
  0x000002076e3de170 JavaThread "Sweeper thread" daemon [_thread_blocked, id=13176, stack(0x000000abba400000,0x000000abba500000)]
  0x000002077093ee60 JavaThread "Common-Cleaner" daemon [_thread_blocked, id=220, stack(0x000000abba500000,0x000000abba600000)]
  0x0000020770a6a910 JavaThread "Monitor Ctrl-Break" daemon [_thread_in_native, id=17188, stack(0x000000abba600000,0x000000abba700000)]
  0x0000020770a6adf0 JavaThread "Notification Thread" daemon [_thread_blocked, id=15664, stack(0x000000abba700000,0x000000abba800000)]
  0x00000207755a9a90 JavaThread "C2 CompilerThread1" daemon [_thread_blocked, id=3640, stack(0x000000abba900000,0x000000abbaa00000)]
  0x0000020775844200 JavaThread "Thread-0" [_thread_blocked, id=9940, stack(0x000000abbad00000,0x000000abbae00000)]
  0x0000020775708010 JavaThread "restartedMain" [_thread_in_vm, id=5768, stack(0x000000abbae00000,0x000000abbaf00000)]
  0x0000020775986b80 JavaThread "background-preinit" [_thread_in_vm, id=9764, stack(0x000000abbaf00000,0x000000abbb000000)]

Other Threads:
  0x000002076e3b7530 VMThread "VM Thread" [stack: 0x000000abb9b00000,0x000000abb9c00000] [id=16712]
  0x0000020752e9c020 WatcherThread [stack: 0x000000abba800000,0x000000abba900000] [id=6424]
  0x000002076e200b70 GCTaskThread "GC Thread#0" [stack: 0x000000abb9600000,0x000000abb9700000] [id=5864]
  0x000002077570a060 GCTaskThread "GC Thread#1" [stack: 0x000000abbaa00000,0x000000abbab00000] [id=13576]
  0x00000207757198b0 GCTaskThread "GC Thread#2" [stack: 0x000000abbab00000,0x000000abbac00000] [id=10500]
  0x00000207758120d0 GCTaskThread "GC Thread#3" [stack: 0x000000abbac00000,0x000000abbad00000] [id=748]
  0x0000020752e92d20 ConcurrentGCThread "G1 Main Marker" [stack: 0x000000abb9700000,0x000000abb9800000] [id=16056]
  0x0000020752e93ed0 ConcurrentGCThread "G1 Conc#0" [stack: 0x000000abb9800000,0x000000abb9900000] [id=244]
  0x000002076e2729e0 ConcurrentGCThread "G1 Refine#0" [stack: 0x000000abb9900000,0x000000abb9a00000] [id=9328]
  0x000002076e273320 ConcurrentGCThread "G1 Service" [stack: 0x000000abb9a00000,0x000000abb9b00000] [id=3792]

Threads with active compile tasks:
C2 CompilerThread0     1908 1638   !   4       java.net.URL::<init> (543 bytes)

VM state: not at safepoint (normal execution)

VM Mutex/Monitor currently owned by a thread:  ([mutex/lock_event])
[0x0000020752e35f60] Metaspace_lock - owner thread: 0x0000020775986b80

Heap address: 0x0000000081600000, size: 2026 MB, Compressed Oops mode: 32-bit

CDS archive(s) mapped at: [0x0000020700000000-0x0000020700bd0000-0x0000020700bd0000), size 12386304, SharedBaseAddress: 0x0000020700000000, ArchiveRelocationMode: 1.
Compressed class space mapped at: 0x0000020701000000-0x0000020741000000, reserved size: 1073741824
Narrow klass base: 0x0000020700000000, Narrow klass shift: 0, Narrow klass range: 0x100000000

GC Precious Log:
 CPUs: 4 total, 4 available
 Memory: 8101M
 Large Page Support: Disabled
 NUMA Support: Disabled
 Compressed Oops: Enabled (32-bit)
 Heap Region Size: 1M
 Heap Min Capacity: 8M
 Heap Initial Capacity: 128M
 Heap Max Capacity: 2026M
 Pre-touch: Disabled
 Parallel Workers: 4
 Concurrent Workers: 1
 Concurrent Refinement Workers: 4
 Periodic GC: Disabled

Heap:
 garbage-first heap   total 131072K, used 25119K [0x0000000081600000, 0x0000000100000000)
  region size 1024K, 21 young (21504K), 1 survivors (1024K)
 Metaspace       used 11507K, committed 11776K, reserved 1114112K
  class space    used 1371K, committed 1472K, reserved 1048576K

Heap Regions: E=young(eden), S=young(survivor), O=old, HS=humongous(starts), HC=humongous(continues), CS=collection set, F=free, OA=open archive, CA=closed archive, TAMS=top-at-mark-start (previous, next)
|   0|0x0000000081600000, 0x0000000081700000, 0x0000000081700000|100%|HS|  |TAMS 0x0000000081600000, 0x0000000081600000| Complete 
|   1|0x0000000081700000, 0x0000000081800000, 0x0000000081800000|100%| O|  |TAMS 0x0000000081700000, 0x0000000081700000| Untracked 
|   2|0x0000000081800000, 0x0000000081900000, 0x0000000081900000|100%| O|  |TAMS 0x0000000081800000, 0x0000000081800000| Untracked 
|   3|0x0000000081900000, 0x0000000081a00000, 0x0000000081a00000|100%| O|  |TAMS 0x0000000081900000, 0x0000000081900000| Untracked 
|   4|0x0000000081a00000, 0x0000000081b00000, 0x0000000081b00000|100%| O|  |TAMS 0x0000000081a00000, 0x0000000081a00000| Untracked 
|   5|0x0000000081b00000, 0x0000000081b9d000, 0x0000000081c00000| 61%| O|  |TAMS 0x0000000081b00000, 0x0000000081b00000| Untracked 
|   6|0x0000000081c00000, 0x0000000081c00000, 0x0000000081d00000|  0%| F|  |TAMS 0x0000000081c00000, 0x0000000081c00000| Untracked 
|   7|0x0000000081d00000, 0x0000000081d00000, 0x0000000081e00000|  0%| F|  |TAMS 0x0000000081d00000, 0x0000000081d00000| Untracked 
|   8|0x0000000081e00000, 0x0000000081e00000, 0x0000000081f00000|  0%| F|  |TAMS 0x0000000081e00000, 0x0000000081e00000| Untracked 
|   9|0x0000000081f00000, 0x0000000081f00000, 0x0000000082000000|  0%| F|  |TAMS 0x0000000081f00000, 0x0000000081f00000| Untracked 
|  10|0x0000000082000000, 0x0000000082000000, 0x0000000082100000|  0%| F|  |TAMS 0x0000000082000000, 0x0000000082000000| Untracked 
|  11|0x0000000082100000, 0x0000000082100000, 0x0000000082200000|  0%| F|  |TAMS 0x0000000082100000, 0x0000000082100000| Untracked 
|  12|0x0000000082200000, 0x0000000082200000, 0x0000000082300000|  0%| F|  |TAMS 0x0000000082200000, 0x0000000082200000| Untracked 
|  13|0x0000000082300000, 0x0000000082300000, 0x0000000082400000|  0%| F|  |TAMS 0x0000000082300000, 0x0000000082300000| Untracked 
|  14|0x0000000082400000, 0x0000000082400000, 0x0000000082500000|  0%| F|  |TAMS 0x0000000082400000, 0x0000000082400000| Untracked 
|  15|0x0000000082500000, 0x0000000082500000, 0x0000000082600000|  0%| F|  |TAMS 0x0000000082500000, 0x0000000082500000| Untracked 
|  16|0x0000000082600000, 0x0000000082600000, 0x0000000082700000|  0%| F|  |TAMS 0x0000000082600000, 0x0000000082600000| Untracked 
|  17|0x0000000082700000, 0x0000000082700000, 0x0000000082800000|  0%| F|  |TAMS 0x0000000082700000, 0x0000000082700000| Untracked 
|  18|0x0000000082800000, 0x0000000082800000, 0x0000000082900000|  0%| F|  |TAMS 0x0000000082800000, 0x0000000082800000| Untracked 
|  19|0x0000000082900000, 0x0000000082900000, 0x0000000082a00000|  0%| F|  |TAMS 0x0000000082900000, 0x0000000082900000| Untracked 
|  20|0x0000000082a00000, 0x0000000082a00000, 0x0000000082b00000|  0%| F|  |TAMS 0x0000000082a00000, 0x0000000082a00000| Untracked 
|  21|0x0000000082b00000, 0x0000000082b00000, 0x0000000082c00000|  0%| F|  |TAMS 0x0000000082b00000, 0x0000000082b00000| Untracked 
|  22|0x0000000082c00000, 0x0000000082c00000, 0x0000000082d00000|  0%| F|  |TAMS 0x0000000082c00000, 0x0000000082c00000| Untracked 
|  23|0x0000000082d00000, 0x0000000082d00000, 0x0000000082e00000|  0%| F|  |TAMS 0x0000000082d00000, 0x0000000082d00000| Untracked 
|  24|0x0000000082e00000, 0x0000000082e00000, 0x0000000082f00000|  0%| F|  |TAMS 0x0000000082e00000, 0x0000000082e00000| Untracked 
|  25|0x0000000082f00000, 0x0000000082f00000, 0x0000000083000000|  0%| F|  |TAMS 0x0000000082f00000, 0x0000000082f00000| Untracked 
|  26|0x0000000083000000, 0x0000000083000000, 0x0000000083100000|  0%| F|  |TAMS 0x0000000083000000, 0x0000000083000000| Untracked 
|  27|0x0000000083100000, 0x0000000083100000, 0x0000000083200000|  0%| F|  |TAMS 0x0000000083100000, 0x0000000083100000| Untracked 
|  28|0x0000000083200000, 0x0000000083200000, 0x0000000083300000|  0%| F|  |TAMS 0x0000000083200000, 0x0000000083200000| Untracked 
|  29|0x0000000083300000, 0x0000000083300000, 0x0000000083400000|  0%| F|  |TAMS 0x0000000083300000, 0x0000000083300000| Untracked 
|  30|0x0000000083400000, 0x0000000083400000, 0x0000000083500000|  0%| F|  |TAMS 0x0000000083400000, 0x0000000083400000| Untracked 
|  31|0x0000000083500000, 0x0000000083500000, 0x0000000083600000|  0%| F|  |TAMS 0x0000000083500000, 0x0000000083500000| Untracked 
|  32|0x0000000083600000, 0x0000000083600000, 0x0000000083700000|  0%| F|  |TAMS 0x0000000083600000, 0x0000000083600000| Untracked 
|  33|0x0000000083700000, 0x0000000083700000, 0x0000000083800000|  0%| F|  |TAMS 0x0000000083700000, 0x0000000083700000| Untracked 
|  34|0x0000000083800000, 0x0000000083800000, 0x0000000083900000|  0%| F|  |TAMS 0x0000000083800000, 0x0000000083800000| Untracked 
|  35|0x0000000083900000, 0x0000000083900000, 0x0000000083a00000|  0%| F|  |TAMS 0x0000000083900000, 0x0000000083900000| Untracked 
|  36|0x0000000083a00000, 0x0000000083a00000, 0x0000000083b00000|  0%| F|  |TAMS 0x0000000083a00000, 0x0000000083a00000| Untracked 
|  37|0x0000000083b00000, 0x0000000083b00000, 0x0000000083c00000|  0%| F|  |TAMS 0x0000000083b00000, 0x0000000083b00000| Untracked 
|  38|0x0000000083c00000, 0x0000000083c00000, 0x0000000083d00000|  0%| F|  |TAMS 0x0000000083c00000, 0x0000000083c00000| Untracked 
|  39|0x0000000083d00000, 0x0000000083d00000, 0x0000000083e00000|  0%| F|  |TAMS 0x0000000083d00000, 0x0000000083d00000| Untracked 
|  40|0x0000000083e00000, 0x0000000083e00000, 0x0000000083f00000|  0%| F|  |TAMS 0x0000000083e00000, 0x0000000083e00000| Untracked 
|  41|0x0000000083f00000, 0x0000000083f00000, 0x0000000084000000|  0%| F|  |TAMS 0x0000000083f00000, 0x0000000083f00000| Untracked 
|  42|0x0000000084000000, 0x0000000084000000, 0x0000000084100000|  0%| F|  |TAMS 0x0000000084000000, 0x0000000084000000| Untracked 
|  43|0x0000000084100000, 0x0000000084100000, 0x0000000084200000|  0%| F|  |TAMS 0x0000000084100000, 0x0000000084100000| Untracked 
|  44|0x0000000084200000, 0x0000000084200000, 0x0000000084300000|  0%| F|  |TAMS 0x0000000084200000, 0x0000000084200000| Untracked 
|  45|0x0000000084300000, 0x0000000084300000, 0x0000000084400000|  0%| F|  |TAMS 0x0000000084300000, 0x0000000084300000| Untracked 
|  46|0x0000000084400000, 0x0000000084400000, 0x0000000084500000|  0%| F|  |TAMS 0x0000000084400000, 0x0000000084400000| Untracked 
|  47|0x0000000084500000, 0x0000000084500000, 0x0000000084600000|  0%| F|  |TAMS 0x0000000084500000, 0x0000000084500000| Untracked 
|  48|0x0000000084600000, 0x0000000084600000, 0x0000000084700000|  0%| F|  |TAMS 0x0000000084600000, 0x0000000084600000| Untracked 
|  49|0x0000000084700000, 0x0000000084700000, 0x0000000084800000|  0%| F|  |TAMS 0x0000000084700000, 0x0000000084700000| Untracked 
|  50|0x0000000084800000, 0x0000000084800000, 0x0000000084900000|  0%| F|  |TAMS 0x0000000084800000, 0x0000000084800000| Untracked 
|  51|0x0000000084900000, 0x0000000084900000, 0x0000000084a00000|  0%| F|  |TAMS 0x0000000084900000, 0x0000000084900000| Untracked 
|  52|0x0000000084a00000, 0x0000000084a00000, 0x0000000084b00000|  0%| F|  |TAMS 0x0000000084a00000, 0x0000000084a00000| Untracked 
|  53|0x0000000084b00000, 0x0000000084b00000, 0x0000000084c00000|  0%| F|  |TAMS 0x0000000084b00000, 0x0000000084b00000| Untracked 
|  54|0x0000000084c00000, 0x0000000084c00000, 0x0000000084d00000|  0%| F|  |TAMS 0x0000000084c00000, 0x0000000084c00000| Untracked 
|  55|0x0000000084d00000, 0x0000000084d00000, 0x0000000084e00000|  0%| F|  |TAMS 0x0000000084d00000, 0x0000000084d00000| Untracked 
|  56|0x0000000084e00000, 0x0000000084e00000, 0x0000000084f00000|  0%| F|  |TAMS 0x0000000084e00000, 0x0000000084e00000| Untracked 
|  57|0x0000000084f00000, 0x0000000084f00000, 0x0000000085000000|  0%| F|  |TAMS 0x0000000084f00000, 0x0000000084f00000| Untracked 
|  58|0x0000000085000000, 0x0000000085000000, 0x0000000085100000|  0%| F|  |TAMS 0x0000000085000000, 0x0000000085000000| Untracked 
|  59|0x0000000085100000, 0x0000000085100000, 0x0000000085200000|  0%| F|  |TAMS 0x0000000085100000, 0x0000000085100000| Untracked 
|  60|0x0000000085200000, 0x0000000085200000, 0x0000000085300000|  0%| F|  |TAMS 0x0000000085200000, 0x0000000085200000| Untracked 
|  61|0x0000000085300000, 0x0000000085300000, 0x0000000085400000|  0%| F|  |TAMS 0x0000000085300000, 0x0000000085300000| Untracked 
|  62|0x0000000085400000, 0x0000000085400000, 0x0000000085500000|  0%| F|  |TAMS 0x0000000085400000, 0x0000000085400000| Untracked 
|  63|0x0000000085500000, 0x0000000085500000, 0x0000000085600000|  0%| F|  |TAMS 0x0000000085500000, 0x0000000085500000| Untracked 
|  64|0x0000000085600000, 0x0000000085600000, 0x0000000085700000|  0%| F|  |TAMS 0x0000000085600000, 0x0000000085600000| Untracked 
|  65|0x0000000085700000, 0x0000000085700000, 0x0000000085800000|  0%| F|  |TAMS 0x0000000085700000, 0x0000000085700000| Untracked 
|  66|0x0000000085800000, 0x0000000085800000, 0x0000000085900000|  0%| F|  |TAMS 0x0000000085800000, 0x0000000085800000| Untracked 
|  67|0x0000000085900000, 0x0000000085900000, 0x0000000085a00000|  0%| F|  |TAMS 0x0000000085900000, 0x0000000085900000| Untracked 
|  68|0x0000000085a00000, 0x0000000085a00000, 0x0000000085b00000|  0%| F|  |TAMS 0x0000000085a00000, 0x0000000085a00000| Untracked 
|  69|0x0000000085b00000, 0x0000000085b00000, 0x0000000085c00000|  0%| F|  |TAMS 0x0000000085b00000, 0x0000000085b00000| Untracked 
|  70|0x0000000085c00000, 0x0000000085c00000, 0x0000000085d00000|  0%| F|  |TAMS 0x0000000085c00000, 0x0000000085c00000| Untracked 
|  71|0x0000000085d00000, 0x0000000085d00000, 0x0000000085e00000|  0%| F|  |TAMS 0x0000000085d00000, 0x0000000085d00000| Untracked 
|  72|0x0000000085e00000, 0x0000000085e00000, 0x0000000085f00000|  0%| F|  |TAMS 0x0000000085e00000, 0x0000000085e00000| Untracked 
|  73|0x0000000085f00000, 0x0000000085f00000, 0x0000000086000000|  0%| F|  |TAMS 0x0000000085f00000, 0x0000000085f00000| Untracked 
|  74|0x0000000086000000, 0x0000000086000000, 0x0000000086100000|  0%| F|  |TAMS 0x0000000086000000, 0x0000000086000000| Untracked 
|  75|0x0000000086100000, 0x0000000086100000, 0x0000000086200000|  0%| F|  |TAMS 0x0000000086100000, 0x0000000086100000| Untracked 
|  76|0x0000000086200000, 0x0000000086200000, 0x0000000086300000|  0%| F|  |TAMS 0x0000000086200000, 0x0000000086200000| Untracked 
|  77|0x0000000086300000, 0x0000000086300000, 0x0000000086400000|  0%| F|  |TAMS 0x0000000086300000, 0x0000000086300000| Untracked 
|  78|0x0000000086400000, 0x0000000086400000, 0x0000000086500000|  0%| F|  |TAMS 0x0000000086400000, 0x0000000086400000| Untracked 
|  79|0x0000000086500000, 0x0000000086500000, 0x0000000086600000|  0%| F|  |TAMS 0x0000000086500000, 0x0000000086500000| Untracked 
|  80|0x0000000086600000, 0x0000000086600000, 0x0000000086700000|  0%| F|  |TAMS 0x0000000086600000, 0x0000000086600000| Untracked 
|  81|0x0000000086700000, 0x0000000086700000, 0x0000000086800000|  0%| F|  |TAMS 0x0000000086700000, 0x0000000086700000| Untracked 
|  82|0x0000000086800000, 0x0000000086800000, 0x0000000086900000|  0%| F|  |TAMS 0x0000000086800000, 0x0000000086800000| Untracked 
|  83|0x0000000086900000, 0x0000000086900000, 0x0000000086a00000|  0%| F|  |TAMS 0x0000000086900000, 0x0000000086900000| Untracked 
|  84|0x0000000086a00000, 0x0000000086a00000, 0x0000000086b00000|  0%| F|  |TAMS 0x0000000086a00000, 0x0000000086a00000| Untracked 
|  85|0x0000000086b00000, 0x0000000086b00000, 0x0000000086c00000|  0%| F|  |TAMS 0x0000000086b00000, 0x0000000086b00000| Untracked 
|  86|0x0000000086c00000, 0x0000000086c00000, 0x0000000086d00000|  0%| F|  |TAMS 0x0000000086c00000, 0x0000000086c00000| Untracked 
|  87|0x0000000086d00000, 0x0000000086d00000, 0x0000000086e00000|  0%| F|  |TAMS 0x0000000086d00000, 0x0000000086d00000| Untracked 
|  88|0x0000000086e00000, 0x0000000086e00000, 0x0000000086f00000|  0%| F|  |TAMS 0x0000000086e00000, 0x0000000086e00000| Untracked 
|  89|0x0000000086f00000, 0x0000000086f00000, 0x0000000087000000|  0%| F|  |TAMS 0x0000000086f00000, 0x0000000086f00000| Untracked 
|  90|0x0000000087000000, 0x0000000087000000, 0x0000000087100000|  0%| F|  |TAMS 0x0000000087000000, 0x0000000087000000| Untracked 
|  91|0x0000000087100000, 0x0000000087100000, 0x0000000087200000|  0%| F|  |TAMS 0x0000000087100000, 0x0000000087100000| Untracked 
|  92|0x0000000087200000, 0x0000000087200000, 0x0000000087300000|  0%| F|  |TAMS 0x0000000087200000, 0x0000000087200000| Untracked 
|  93|0x0000000087300000, 0x0000000087300000, 0x0000000087400000|  0%| F|  |TAMS 0x0000000087300000, 0x0000000087300000| Untracked 
|  94|0x0000000087400000, 0x0000000087400000, 0x0000000087500000|  0%| F|  |TAMS 0x0000000087400000, 0x0000000087400000| Untracked 
|  95|0x0000000087500000, 0x0000000087500000, 0x0000000087600000|  0%| F|  |TAMS 0x0000000087500000, 0x0000000087500000| Untracked 
|  96|0x0000000087600000, 0x0000000087600000, 0x0000000087700000|  0%| F|  |TAMS 0x0000000087600000, 0x0000000087600000| Untracked 
|  97|0x0000000087700000, 0x0000000087700000, 0x0000000087800000|  0%| F|  |TAMS 0x0000000087700000, 0x0000000087700000| Untracked 
|  98|0x0000000087800000, 0x0000000087800000, 0x0000000087900000|  0%| F|  |TAMS 0x0000000087800000, 0x0000000087800000| Untracked 
|  99|0x0000000087900000, 0x0000000087900000, 0x0000000087a00000|  0%| F|  |TAMS 0x0000000087900000, 0x0000000087900000| Untracked 
| 100|0x0000000087a00000, 0x0000000087a00000, 0x0000000087b00000|  0%| F|  |TAMS 0x0000000087a00000, 0x0000000087a00000| Untracked 
| 101|0x0000000087b00000, 0x0000000087b00000, 0x0000000087c00000|  0%| F|  |TAMS 0x0000000087b00000, 0x0000000087b00000| Untracked 
| 102|0x0000000087c00000, 0x0000000087c00000, 0x0000000087d00000|  0%| F|  |TAMS 0x0000000087c00000, 0x0000000087c00000| Untracked 
| 103|0x0000000087d00000, 0x0000000087d00000, 0x0000000087e00000|  0%| F|  |TAMS 0x0000000087d00000, 0x0000000087d00000| Untracked 
| 104|0x0000000087e00000, 0x0000000087e00000, 0x0000000087f00000|  0%| F|  |TAMS 0x0000000087e00000, 0x0000000087e00000| Untracked 
| 105|0x0000000087f00000, 0x0000000087f00000, 0x0000000088000000|  0%| F|  |TAMS 0x0000000087f00000, 0x0000000087f00000| Untracked 
| 106|0x0000000088000000, 0x0000000088000000, 0x0000000088100000|  0%| F|  |TAMS 0x0000000088000000, 0x0000000088000000| Untracked 
| 107|0x0000000088100000, 0x00000000881f5410, 0x0000000088200000| 95%| E|  |TAMS 0x0000000088100000, 0x0000000088100000| Complete 
| 108|0x0000000088200000, 0x0000000088300000, 0x0000000088300000|100%| E|CS|TAMS 0x0000000088200000, 0x0000000088200000| Complete 
| 109|0x0000000088300000, 0x0000000088400000, 0x0000000088400000|100%| E|CS|TAMS 0x0000000088300000, 0x0000000088300000| Complete 
| 110|0x0000000088400000, 0x0000000088500000, 0x0000000088500000|100%| E|CS|TAMS 0x0000000088400000, 0x0000000088400000| Complete 
| 111|0x0000000088500000, 0x0000000088600000, 0x0000000088600000|100%| E|CS|TAMS 0x0000000088500000, 0x0000000088500000| Complete 
| 112|0x0000000088600000, 0x0000000088700000, 0x0000000088700000|100%| E|CS|TAMS 0x0000000088600000, 0x0000000088600000| Complete 
| 113|0x0000000088700000, 0x0000000088800000, 0x0000000088800000|100%| E|CS|TAMS 0x0000000088700000, 0x0000000088700000| Complete 
| 114|0x0000000088800000, 0x0000000088900000, 0x0000000088900000|100%| E|CS|TAMS 0x0000000088800000, 0x0000000088800000| Complete 
| 115|0x0000000088900000, 0x00000000889eae70, 0x0000000088a00000| 91%| S|CS|TAMS 0x0000000088900000, 0x0000000088900000| Complete 
| 116|0x0000000088a00000, 0x0000000088b00000, 0x0000000088b00000|100%| E|CS|TAMS 0x0000000088a00000, 0x0000000088a00000| Complete 
| 117|0x0000000088b00000, 0x0000000088c00000, 0x0000000088c00000|100%| E|CS|TAMS 0x0000000088b00000, 0x0000000088b00000| Complete 
| 118|0x0000000088c00000, 0x0000000088d00000, 0x0000000088d00000|100%| E|  |TAMS 0x0000000088c00000, 0x0000000088c00000| Complete 
| 119|0x0000000088d00000, 0x0000000088e00000, 0x0000000088e00000|100%| E|CS|TAMS 0x0000000088d00000, 0x0000000088d00000| Complete 
| 120|0x0000000088e00000, 0x0000000088f00000, 0x0000000088f00000|100%| E|CS|TAMS 0x0000000088e00000, 0x0000000088e00000| Complete 
| 121|0x0000000088f00000, 0x0000000089000000, 0x0000000089000000|100%| E|CS|TAMS 0x0000000088f00000, 0x0000000088f00000| Complete 
| 122|0x0000000089000000, 0x0000000089100000, 0x0000000089100000|100%| E|CS|TAMS 0x0000000089000000, 0x0000000089000000| Complete 
| 123|0x0000000089100000, 0x0000000089200000, 0x0000000089200000|100%| E|CS|TAMS 0x0000000089100000, 0x0000000089100000| Complete 
| 124|0x0000000089200000, 0x0000000089300000, 0x0000000089300000|100%| E|CS|TAMS 0x0000000089200000, 0x0000000089200000| Complete 
| 125|0x0000000089300000, 0x0000000089400000, 0x0000000089400000|100%| E|CS|TAMS 0x0000000089300000, 0x0000000089300000| Complete 
| 126|0x0000000089400000, 0x0000000089500000, 0x0000000089500000|100%| E|CS|TAMS 0x0000000089400000, 0x0000000089400000| Complete 
| 127|0x0000000089500000, 0x0000000089600000, 0x0000000089600000|100%| E|CS|TAMS 0x0000000089500000, 0x0000000089500000| Complete 

Card table byte_map: [0x0000020769a80000,0x0000020769e80000] _byte_map_base: 0x0000020769675000

Marking Bits (Prev, Next): (CMBitMap*) 0x0000020752e826b0, (CMBitMap*) 0x0000020752e826f0
 Prev Bits: [0x000002076a280000, 0x000002076c228000)
 Next Bits: [0x000002076c230000, 0x000002076e1d8000)

Polling page: 0x00000207525a0000

Metaspace:

Usage:
  Non-class:      9.90 MB used.
      Class:      1.34 MB used.
       Both:     11.24 MB used.

Virtual space:
  Non-class space:       64.00 MB reserved,      10.06 MB ( 16%) committed,  1 nodes.
      Class space:        1.00 GB reserved,       1.44 MB ( <1%) committed,  1 nodes.
             Both:        1.06 GB reserved,      11.50 MB (  1%) committed. 

Chunk freelists:
   Non-Class:  5.80 MB
       Class:  14.48 MB
        Both:  20.28 MB

MaxMetaspaceSize: unlimited
CompressedClassSpaceSize: 1.00 GB
Initial GC threshold: 21.00 MB
Current GC threshold: 21.00 MB
CDS: on
MetaspaceReclaimPolicy: balanced
 - commit_granule_bytes: 65536.
 - commit_granule_words: 8192.
 - virtual_space_node_default_size: 8388608.
 - enlarge_chunks_in_place: 1.
 - new_chunks_are_fully_committed: 0.
 - uncommit_free_chunks: 1.
 - use_allocation_guard: 0.
 - handle_deallocations: 1.


Internal statistics:

num_allocs_failed_limit: 0.
num_arena_births: 182.
num_arena_deaths: 0.
num_vsnodes_births: 2.
num_vsnodes_deaths: 0.
num_space_committed: 184.
num_space_uncommitted: 0.
num_chunks_returned_to_freelist: 0.
num_chunks_taken_from_freelist: 514.
num_chunk_merges: 0.
num_chunk_splits: 345.
num_chunks_enlarged: 272.
num_inconsistent_stats: 0.

CodeHeap 'non-profiled nmethods': size=120000Kb used=654Kb max_used=654Kb free=119345Kb
 bounds [0x0000020762150000, 0x00000207623c0000, 0x0000020769680000]
CodeHeap 'profiled nmethods': size=120000Kb used=3167Kb max_used=3167Kb free=116832Kb
 bounds [0x000002075a680000, 0x000002075a9a0000, 0x0000020761bb0000]
CodeHeap 'non-nmethods': size=5760Kb used=1186Kb max_used=1209Kb free=4573Kb
 bounds [0x0000020761bb0000, 0x0000020761e20000, 0x0000020762150000]
 total_blobs=2194 nmethods=1712 adapters=394
 compilation: enabled
              stopped_count=0, restarted_count=0
 full_count=0

Compilation events (20 events):
Event: 1.448 Thread 0x000002076e3dd770 1696       3       sun.util.locale.LanguageTag::parseLanguage (55 bytes)
Event: 1.448 Thread 0x00000207755a9a90 1690       4       sun.util.locale.LocaleUtils::isUpper (18 bytes)
Event: 1.449 Thread 0x000002076e3dd770 nmethod 1696 0x000002075a990490 code [0x000002075a990680, 0x000002075a990cd8]
Event: 1.449 Thread 0x00000207755a9a90 nmethod 1690 0x00000207621f2410 code [0x00000207621f2580, 0x00000207621f25f8]
Event: 1.449 Thread 0x000002076e3dd770 1671       3       sun.util.locale.BaseLocale::convertOldISOCodes (238 bytes)
Event: 1.449 Thread 0x00000207755a9a90 1664   !   4       java.lang.ref.ReferenceQueue::poll (28 bytes)
Event: 1.450 Thread 0x000002076e3dd770 nmethod 1671 0x000002075a990f10 code [0x000002075a991140, 0x000002075a991888]
Event: 1.450 Thread 0x000002076e3dd770 1697       3       java.util.Locale$Cache::createObject (6 bytes)
Event: 1.450 Thread 0x000002076e3dd770 nmethod 1697 0x000002075a991a10 code [0x000002075a991ba0, 0x000002075a991ce8]
Event: 1.450 Thread 0x000002076e3dd770 1698       3       java.util.Locale$Cache::createObject (41 bytes)
Event: 1.450 Thread 0x000002076e3dd770 nmethod 1698 0x000002075a991d90 code [0x000002075a991f80, 0x000002075a9927d8]
Event: 1.450 Thread 0x000002076e3dd770 1710       3       java.util.Locale::equals (75 bytes)
Event: 1.450 Thread 0x000002076e3dd770 nmethod 1710 0x000002075a992a10 code [0x000002075a992c20, 0x000002075a993398]
Event: 1.450 Thread 0x000002076e3dd770 1708       3       sun.util.locale.BaseLocale::equals (71 bytes)
Event: 1.450 Thread 0x000002076e3dd770 nmethod 1708 0x000002075a993510 code [0x000002075a9936e0, 0x000002075a993bd8]
Event: 1.450 Thread 0x000002076e3dd770 1707       3       sun.util.locale.LocaleObjectCache::normalizeKey (2 bytes)
Event: 1.450 Thread 0x000002076e3dd770 nmethod 1707 0x000002075a993c90 code [0x000002075a993e20, 0x000002075a993f38]
Event: 1.450 Thread 0x000002076e3dd770 1685       3       sun.util.locale.LanguageTag::isScript (21 bytes)
Event: 1.451 Thread 0x000002076e3dd770 nmethod 1685 0x000002075a994010 code [0x000002075a994240, 0x000002075a994bb8]
Event: 1.451 Thread 0x000002076e3dd770 1699       3       sun.util.locale.LanguageTag::isRegion (36 bytes)

GC Heap History (4 events):
Event: 0.692 GC heap before
{Heap before GC invocations=0 (full 0):
 garbage-first heap   total 131072K, used 13312K [0x0000000081600000, 0x0000000100000000)
  region size 1024K, 13 young (13312K), 0 survivors (0K)
 Metaspace       used 3671K, committed 3904K, reserved 1114112K
  class space    used 390K, committed 512K, reserved 1048576K
}
Event: 0.696 GC heap after
{Heap after GC invocations=1 (full 0):
 garbage-first heap   total 131072K, used 5682K [0x0000000081600000, 0x0000000100000000)
  region size 1024K, 2 young (2048K), 2 survivors (2048K)
 Metaspace       used 3671K, committed 3904K, reserved 1114112K
  class space    used 390K, committed 512K, reserved 1048576K
}
Event: 1.016 GC heap before
{Heap before GC invocations=1 (full 0):
 garbage-first heap   total 131072K, used 16946K [0x0000000081600000, 0x0000000100000000)
  region size 1024K, 14 young (14336K), 2 survivors (2048K)
 Metaspace       used 6475K, committed 6656K, reserved 1114112K
  class space    used 766K, committed 832K, reserved 1048576K
}
Event: 1.019 GC heap after
{Heap after GC invocations=2 (full 0):
 garbage-first heap   total 131072K, used 6687K [0x0000000081600000, 0x0000000100000000)
  region size 1024K, 1 young (1024K), 1 survivors (1024K)
 Metaspace       used 6475K, committed 6656K, reserved 1114112K
  class space    used 766K, committed 832K, reserved 1048576K
}

Deoptimization events (20 events):
Event: 1.410 Thread 0x0000020775708010 Uncommon trap: trap_request=0xffffff45 fr.pc=0x00000207621c1f70 relative=0x00000000000001b0
Event: 1.410 Thread 0x0000020775708010 Uncommon trap: reason=unstable_if action=reinterpret pc=0x00000207621c1f70 method=java.util.concurrent.ConcurrentHashMap.addCount(JI)V @ 171 c2
Event: 1.410 Thread 0x0000020775708010 DEOPT PACKING pc=0x00000207621c1f70 sp=0x000000abbaefa630
Event: 1.410 Thread 0x0000020775708010 DEOPT UNPACKING pc=0x0000020761c023a3 sp=0x000000abbaefa570 mode 2
Event: 1.445 Thread 0x0000020775986b80 Uncommon trap: trap_request=0xffffff45 fr.pc=0x0000020762163768 relative=0x0000000000000448
Event: 1.445 Thread 0x0000020775986b80 Uncommon trap: reason=unstable_if action=reinterpret pc=0x0000020762163768 method=java.lang.StringLatin1.canEncode(I)Z @ 4 c2
Event: 1.445 Thread 0x0000020775986b80 DEOPT PACKING pc=0x0000020762163768 sp=0x000000abbaffdf20
Event: 1.445 Thread 0x0000020775986b80 DEOPT UNPACKING pc=0x0000020761c023a3 sp=0x000000abbaffde48 mode 2
Event: 1.445 Thread 0x0000020775986b80 Uncommon trap: trap_request=0xffffff45 fr.pc=0x000002076216b0cc relative=0x000000000000042c
Event: 1.445 Thread 0x0000020775986b80 Uncommon trap: reason=unstable_if action=reinterpret pc=0x000002076216b0cc method=java.lang.AbstractStringBuilder.isLatin1()Z @ 10 c2
Event: 1.445 Thread 0x0000020775986b80 DEOPT PACKING pc=0x000002076216b0cc sp=0x000000abbaffdf40
Event: 1.445 Thread 0x0000020775986b80 DEOPT UNPACKING pc=0x0000020761c023a3 sp=0x000000abbaffdec0 mode 2
Event: 1.445 Thread 0x0000020775986b80 Uncommon trap: trap_request=0xffffff45 fr.pc=0x000002076216dbdc relative=0x000000000000005c
Event: 1.445 Thread 0x0000020775986b80 Uncommon trap: reason=unstable_if action=reinterpret pc=0x000002076216dbdc method=java.lang.AbstractStringBuilder.isLatin1()Z @ 10 c2
Event: 1.445 Thread 0x0000020775986b80 DEOPT PACKING pc=0x000002076216dbdc sp=0x000000abbaffdf20
Event: 1.446 Thread 0x0000020775986b80 DEOPT UNPACKING pc=0x0000020761c023a3 sp=0x000000abbaffdeb0 mode 2
Event: 1.447 Thread 0x0000020775986b80 Uncommon trap: trap_request=0xffffff45 fr.pc=0x00000207621a0dc8 relative=0x0000000000000048
Event: 1.447 Thread 0x0000020775986b80 Uncommon trap: reason=unstable_if action=reinterpret pc=0x00000207621a0dc8 method=java.lang.CharacterData.of(I)Ljava/lang/CharacterData; @ 4 c2
Event: 1.447 Thread 0x0000020775986b80 DEOPT PACKING pc=0x00000207621a0dc8 sp=0x000000abbaffd6d0
Event: 1.447 Thread 0x0000020775986b80 DEOPT UNPACKING pc=0x0000020761c023a3 sp=0x000000abbaffd668 mode 2

Classes unloaded (0 events):
No events

Classes redefined (0 events):
No events

Internal exceptions (20 events):
Event: 1.062 Thread 0x0000020775708010 Exception <a 'java/lang/NoSuchMethodError'{0x000000008934b7d0}: 'java.lang.Object java.lang.invoke.DirectMethodHandle$Holder.newInvokeSpecial(java.lang.Object, java.lang.Object, java.lang.Object, java.lang.Object, java.lang.Object, java.lang.Object, int)'> (0x000000008934b7d0) 
thrown [s\open\src\hotspot\share\interpreter\linkResolver.cpp, line 759]
Event: 1.063 Thread 0x0000020775708010 Exception <a 'java/lang/NoSuchMethodError'{0x0000000089350810}: 'java.lang.Object java.lang.invoke.DirectMethodHandle$Holder.invokeSpecial(java.lang.Object, java.lang.Object, java.lang.Object, java.lang.Object, java.lang.Object, java.lang.Object, java.lang.Object, int)'> (0x0000000089350810) 
thrown [s\open\src\hotspot\share\interpreter\linkResolver.cpp, line 759]
Event: 1.095 Thread 0x0000020775708010 Exception <a 'java/lang/NoSuchMethodError'{0x0000000089286278}: 'int java.lang.invoke.DirectMethodHandle$Holder.invokeInterface(java.lang.Object, java.lang.Object)'> (0x0000000089286278) 
thrown [s\open\src\hotspot\share\interpreter\linkResolver.cpp, line 759]
Event: 1.161 Thread 0x0000020775708010 Exception <a 'java/lang/NoSuchMethodError'{0x00000000891a88c0}: 'java.lang.Object java.lang.invoke.DirectMethodHandle$Holder.invokeSpecial(java.lang.Object, java.lang.Object, java.lang.Object, int, java.lang.Object)'> (0x00000000891a88c0) 
thrown [s\open\src\hotspot\share\interpreter\linkResolver.cpp, line 759]
Event: 1.161 Thread 0x0000020775708010 Exception <a 'java/lang/NoSuchMethodError'{0x00000000891b0f20}: 'java.lang.Object java.lang.invoke.DirectMethodHandle$Holder.newInvokeSpecial(java.lang.Object, java.lang.Object, java.lang.Object, int, java.lang.Object)'> (0x00000000891b0f20) 
thrown [s\open\src\hotspot\share\interpreter\linkResolver.cpp, line 759]
Event: 1.162 Thread 0x0000020775708010 Exception <a 'java/lang/NoSuchMethodError'{0x00000000891b8b40}: 'java.lang.Object java.lang.invoke.Invokers$Holder.linkToTargetMethod(java.lang.Object, java.lang.Object, int, java.lang.Object, java.lang.Object)'> (0x00000000891b8b40) 
thrown [s\open\src\hotspot\share\interpreter\linkResolver.cpp, line 759]
Event: 1.164 Thread 0x0000020775708010 Exception <a 'java/lang/NoSuchMethodError'{0x00000000891c80f8}: 'java.lang.Object java.lang.invoke.DirectMethodHandle$Holder.newInvokeSpecial(java.lang.Object, int, java.lang.Object)'> (0x00000000891c80f8) 
thrown [s\open\src\hotspot\share\interpreter\linkResolver.cpp, line 759]
Event: 1.164 Thread 0x0000020775708010 Exception <a 'java/lang/NoSuchMethodError'{0x00000000891ccdd8}: 'int java.lang.invoke.DirectMethodHandle$Holder.invokeSpecialIFC(java.lang.Object, java.lang.Object, java.lang.Object, java.lang.Object)'> (0x00000000891ccdd8) 
thrown [s\open\src\hotspot\share\interpreter\linkResolver.cpp, line 759]
Event: 1.186 Thread 0x0000020775708010 Exception <a 'java/lang/NoSuchMethodError'{0x00000000890933e0}: 'void java.lang.invoke.DirectMethodHandle$Holder.invokeInterface(java.lang.Object, java.lang.Object, java.lang.Object)'> (0x00000000890933e0) 
thrown [s\open\src\hotspot\share\interpreter\linkResolver.cpp, line 759]
Event: 1.210 Thread 0x0000020775708010 Exception <a 'java/lang/NoSuchMethodError'{0x0000000088f30728}: 'void java.lang.invoke.DirectMethodHandle$Holder.invokeStaticInit(java.lang.Object, java.lang.Object)'> (0x0000000088f30728) 
thrown [s\open\src\hotspot\share\interpreter\linkResolver.cpp, line 759]
Event: 1.212 Thread 0x0000020775708010 Exception <a 'java/lang/NoSuchMethodError'{0x0000000088f3dd08}: 'void java.lang.invoke.DirectMethodHandle$Holder.invokeStaticInit(java.lang.Object, java.lang.Object, java.lang.Object)'> (0x0000000088f3dd08) 
thrown [s\open\src\hotspot\share\interpreter\linkResolver.cpp, line 759]
Event: 1.218 Thread 0x0000020775708010 Exception <a 'java/lang/NoSuchMethodError'{0x0000000088f7ab58}: 'java.lang.Object java.lang.invoke.DirectMethodHandle$Holder.invokeStatic(java.lang.Object, java.lang.Object, long, java.lang.Object)'> (0x0000000088f7ab58) 
thrown [s\open\src\hotspot\share\interpreter\linkResolver.cpp, line 759]
Event: 1.218 Thread 0x0000020775708010 Exception <a 'java/lang/NoSuchMethodError'{0x0000000088f7e5f0}: 'java.lang.Object java.lang.invoke.DirectMethodHandle$Holder.invokeStaticInit(java.lang.Object, java.lang.Object, long, java.lang.Object)'> (0x0000000088f7e5f0) 
thrown [s\open\src\hotspot\share\interpreter\linkResolver.cpp, line 759]
Event: 1.219 Thread 0x0000020775708010 Exception <a 'java/lang/NoSuchMethodError'{0x0000000088f84cf8}: 'java.lang.Object java.lang.invoke.DirectMethodHandle$Holder.newInvokeSpecial(java.lang.Object, java.lang.Object, long)'> (0x0000000088f84cf8) 
thrown [s\open\src\hotspot\share\interpreter\linkResolver.cpp, line 759]
Event: 1.219 Thread 0x0000020775708010 Exception <a 'java/lang/NoSuchMethodError'{0x0000000088f88868}: 'java.lang.Object java.lang.invoke.Invokers$Holder.linkToTargetMethod(java.lang.Object, long, java.lang.Object)'> (0x0000000088f88868) 
thrown [s\open\src\hotspot\share\interpreter\linkResolver.cpp, line 759]
Event: 1.232 Thread 0x0000020775708010 Exception <a 'java/lang/NoSuchMethodError'{0x0000000088fd8838}: 'void java.lang.invoke.DirectMethodHandle$Holder.invokeVirtual(java.lang.Object, java.lang.Object, java.lang.Object, java.lang.Object)'> (0x0000000088fd8838) 
thrown [s\open\src\hotspot\share\interpreter\linkResolver.cpp, line 759]
Event: 1.271 Thread 0x0000020775708010 Exception <a 'java/lang/NoSuchMethodError'{0x0000000088d2e380}: 'void java.lang.invoke.DirectMethodHandle$Holder.invokeSpecial(java.lang.Object, java.lang.Object, java.lang.Object)'> (0x0000000088d2e380) 
thrown [s\open\src\hotspot\share\interpreter\linkResolver.cpp, line 759]
Event: 1.272 Thread 0x0000020775708010 Exception <a 'java/lang/NoSuchMethodError'{0x0000000088d34958}: 'void java.lang.invoke.DirectMethodHandle$Holder.invokeSpecial(java.lang.Object, java.lang.Object, java.lang.Object, java.lang.Object, java.lang.Object)'> (0x0000000088d34958) 
thrown [s\open\src\hotspot\share\interpreter\linkResolver.cpp, line 759]
Event: 1.279 Thread 0x0000020775708010 Exception <a 'java/lang/IncompatibleClassChangeError'{0x0000000088d62580}: Found class java.lang.Object, but interface was expected> (0x0000000088d62580) 
thrown [s\open\src\hotspot\share\interpreter\linkResolver.cpp, line 826]
Event: 1.286 Thread 0x0000020775986b80 Exception <a 'java/lang/NoClassDefFoundError'{0x0000000088d8ba70}: jakarta/validation/Validation> (0x0000000088d8ba70) 
thrown [s\open\src\hotspot\share\classfile\systemDictionary.cpp, line 245]

VM Operations (20 events):
Event: 0.450 Executing VM operation: HandshakeAllThreads
Event: 0.450 Executing VM operation: HandshakeAllThreads done
Event: 0.559 Executing VM operation: HandshakeAllThreads
Event: 0.559 Executing VM operation: HandshakeAllThreads done
Event: 0.692 Executing VM operation: G1CollectForAllocation
Event: 0.696 Executing VM operation: G1CollectForAllocation done
Event: 0.890 Executing VM operation: HandshakeAllThreads
Event: 0.890 Executing VM operation: HandshakeAllThreads done
Event: 1.016 Executing VM operation: G1CollectForAllocation
Event: 1.019 Executing VM operation: G1CollectForAllocation done
Event: 1.111 Executing VM operation: HandshakeAllThreads
Event: 1.111 Executing VM operation: HandshakeAllThreads done
Event: 1.263 Executing VM operation: HandshakeAllThreads
Event: 1.263 Executing VM operation: HandshakeAllThreads done
Event: 1.268 Executing VM operation: HandshakeAllThreads
Event: 1.268 Executing VM operation: HandshakeAllThreads done
Event: 1.268 Executing VM operation: HandshakeAllThreads
Event: 1.268 Executing VM operation: HandshakeAllThreads done
Event: 1.448 Executing VM operation: HandshakeAllThreads
Event: 1.448 Executing VM operation: HandshakeAllThreads done

Events (20 events):
Event: 1.403 loading class java/util/concurrent/ConcurrentLinkedQueue$Node
Event: 1.403 loading class java/util/concurrent/ConcurrentLinkedQueue$Node done
Event: 1.404 loading class java/util/concurrent/atomic/AtomicLongArray
Event: 1.404 loading class java/util/concurrent/atomic/AtomicLongArray done
Event: 1.404 loading class java/lang/invoke/VarHandleLongs$Array
Event: 1.404 loading class java/lang/invoke/VarHandleLongs$Array done
Event: 1.405 loading class java/util/concurrent/atomic/AtomicReferenceArray
Event: 1.405 loading class java/util/concurrent/atomic/AtomicReferenceArray done
Event: 1.411 loading class org/xml/sax/ErrorHandler
Event: 1.411 loading class org/xml/sax/ErrorHandler done
Event: 1.411 loading class org/xml/sax/SAXParseException
Event: 1.411 loading class org/xml/sax/SAXParseException done
Event: 1.414 loading class jdk/internal/reflect/UnsafeQualifiedStaticIntegerFieldAccessorImpl
Event: 1.414 loading class jdk/internal/reflect/UnsafeQualifiedStaticIntegerFieldAccessorImpl done
Event: 1.429 loading class java/io/CharConversionException
Event: 1.429 loading class java/io/CharConversionException done
Event: 1.441 loading class sun/text/resources/cldr/FormatData_en
Event: 1.442 loading class sun/text/resources/cldr/FormatData_en done
Event: 1.444 loading class sun/text/resources/cldr/FormatData_en_US
Event: 1.444 loading class sun/text/resources/cldr/FormatData_en_US done


Dynamic libraries:
0x00007ff73a780000 - 0x00007ff73a790000 	C:\Program Files\Java\jdk-17\bin\java.exe
0x00007ffff5dd0000 - 0x00007ffff5fc8000 	C:\WINDOWS\SYSTEM32\ntdll.dll
0x00007ffff4ba0000 - 0x00007ffff4c5d000 	C:\WINDOWS\System32\KERNEL32.DLL
0x00007ffff3870000 - 0x00007ffff3b66000 	C:\WINDOWS\System32\KERNELBASE.dll
0x00007ffff3ba0000 - 0x00007ffff3ca0000 	C:\WINDOWS\System32\ucrtbase.dll
0x00007fffe3b50000 - 0x00007fffe3b6b000 	C:\Program Files\Java\jdk-17\bin\VCRUNTIME140.dll
0x00007fffe3b10000 - 0x00007fffe3b29000 	C:\Program Files\Java\jdk-17\bin\jli.dll
0x00007ffff46d0000 - 0x00007ffff477f000 	C:\WINDOWS\System32\ADVAPI32.dll
0x00007ffff4c60000 - 0x00007ffff4cfe000 	C:\WINDOWS\System32\msvcrt.dll
0x00007ffff57c0000 - 0x00007ffff585c000 	C:\WINDOWS\System32\sechost.dll
0x00007ffff4f90000 - 0x00007ffff50b6000 	C:\WINDOWS\System32\RPCRT4.dll
0x00007ffff48e0000 - 0x00007ffff4a7e000 	C:\WINDOWS\System32\USER32.dll
0x00007ffff34b0000 - 0x00007ffff34d2000 	C:\WINDOWS\System32\win32u.dll
0x00007ffff4780000 - 0x00007ffff47ac000 	C:\WINDOWS\System32\GDI32.dll
0x00007ffff3d10000 - 0x00007ffff3e2a000 	C:\WINDOWS\System32\gdi32full.dll
0x00007ffff34e0000 - 0x00007ffff357d000 	C:\WINDOWS\System32\msvcp_win.dll
0x00007fffdd4f0000 - 0x00007fffdd78a000 	C:\WINDOWS\WinSxS\amd64_microsoft.windows.common-controls_6595b64144ccf1df_6.0.19041.3636_none_60b6a03d71f818d5\COMCTL32.dll
0x00007fffeb550000 - 0x00007fffeb55a000 	C:\WINDOWS\SYSTEM32\VERSION.dll
0x00007ffff4f60000 - 0x00007ffff4f90000 	C:\WINDOWS\System32\IMM32.DLL
0x00007fffda0b0000 - 0x00007fffda241000 	C:\WINDOWS\system32\tmumh\20019\AddOn\8.55.0.1257\TmUmEvt64.dll
0x00007ffff4f50000 - 0x00007ffff4f58000 	C:\WINDOWS\System32\PSAPI.DLL
0x0000000058a00000 - 0x0000000058b73000 	C:\WINDOWS\system32\tmumh\20019\TmMon\2.9.0.1048\tmmon64.dll
0x00007fffef000000 - 0x00007fffef00c000 	C:\Program Files\Java\jdk-17\bin\vcruntime140_1.dll
0x00007fffe2b80000 - 0x00007fffe2c0e000 	C:\Program Files\Java\jdk-17\bin\msvcp140.dll
0x00007fffbc290000 - 0x00007fffbce6f000 	C:\Program Files\Java\jdk-17\bin\server\jvm.dll
0x00007fffe0ec0000 - 0x00007fffe0ec9000 	C:\WINDOWS\SYSTEM32\WSOCK32.dll
0x00007ffff4ec0000 - 0x00007ffff4f2b000 	C:\WINDOWS\System32\WS2_32.dll
0x00007fffe4890000 - 0x00007fffe48b7000 	C:\WINDOWS\SYSTEM32\WINMM.dll
0x00007ffff1390000 - 0x00007ffff13a2000 	C:\WINDOWS\SYSTEM32\kernel.appcore.dll
0x00007fffe3ab0000 - 0x00007fffe3aba000 	C:\Program Files\Java\jdk-17\bin\jimage.dll
0x00007fffeebb0000 - 0x00007fffeed94000 	C:\WINDOWS\SYSTEM32\DBGHELP.DLL
0x00007fffeeb30000 - 0x00007fffeeb64000 	C:\WINDOWS\SYSTEM32\dbgcore.DLL
0x00007ffff3630000 - 0x00007ffff36b2000 	C:\WINDOWS\System32\bcryptPrimitives.dll
0x00007fffe6500000 - 0x00007fffe650e000 	C:\Program Files\Java\jdk-17\bin\instrument.dll
0x00007fffe3a80000 - 0x00007fffe3aa5000 	C:\Program Files\Java\jdk-17\bin\java.dll
0x00007fffcebd0000 - 0x00007fffceca7000 	C:\Program Files\Java\jdk-17\bin\jsvml.dll
0x00007ffff3f80000 - 0x00007ffff46c5000 	C:\WINDOWS\System32\SHELL32.dll
0x00007ffff1590000 - 0x00007ffff1d2b000 	C:\WINDOWS\SYSTEM32\windows.storage.dll
0x00007ffff51f0000 - 0x00007ffff5544000 	C:\WINDOWS\System32\combase.dll
0x00007ffff2e20000 - 0x00007ffff2e4d000 	C:\WINDOWS\SYSTEM32\Wldp.dll
0x00007ffff5710000 - 0x00007ffff57bd000 	C:\WINDOWS\System32\SHCORE.dll
0x00007ffff5d30000 - 0x00007ffff5d85000 	C:\WINDOWS\System32\shlwapi.dll
0x00007ffff33e0000 - 0x00007ffff3405000 	C:\WINDOWS\SYSTEM32\profapi.dll
0x00007fffe1870000 - 0x00007fffe1888000 	C:\Program Files\Java\jdk-17\bin\zip.dll
0x00007fffe32e0000 - 0x00007fffe32f9000 	C:\Program Files\Java\jdk-17\bin\net.dll
0x00007fffe6c70000 - 0x00007fffe6d7a000 	C:\WINDOWS\SYSTEM32\WINHTTP.dll
0x00007ffff2b80000 - 0x00007ffff2bea000 	C:\WINDOWS\system32\mswsock.dll
0x00007fffe2760000 - 0x00007fffe2776000 	C:\Program Files\Java\jdk-17\bin\nio.dll
0x00007fffd7e40000 - 0x00007fffd7e5a000 	C:\Program Files\Java\IntelliJ IDEA Community Edition 2022.3.2\bin\breakgen64.dll
0x00007fffe2c40000 - 0x00007fffe2c4a000 	C:\Program Files\Java\jdk-17\bin\management.dll
0x00007fffe0d00000 - 0x00007fffe0d0b000 	C:\Program Files\Java\jdk-17\bin\management_ext.dll

dbghelp: loaded successfully - version: 4.0.5 - missing functions: none
symbol engine: initialized successfully - sym options: 0x614 - pdb path: .;C:\Program Files\Java\jdk-17\bin;C:\WINDOWS\SYSTEM32;C:\WINDOWS\WinSxS\amd64_microsoft.windows.common-controls_6595b64144ccf1df_6.0.19041.3636_none_60b6a03d71f818d5;C:\WINDOWS\system32\tmumh\20019\AddOn\8.55.0.1257;C:\WINDOWS\system32\tmumh\20019\TmMon\2.9.0.1048;C:\Program Files\Java\jdk-17\bin\server;C:\Program Files\Java\IntelliJ IDEA Community Edition 2022.3.2\bin

VM Arguments:
jvm_args: -javaagent:C:\Program Files\Java\IntelliJ IDEA Community Edition 2022.3.2\lib\idea_rt.jar=53459:C:\Program Files\Java\IntelliJ IDEA Community Edition 2022.3.2\bin -Dfile.encoding=UTF-8 
java_command: com.financiera.springboot.app.springbootcrud.SpringbootCrudApplication
java_class_path (initial): C:\nuevo\springboot-crud\target\classes;C:\Users\usuario\.m2\repository\org\springframework\boot\spring-boot-starter-data-jpa\3.1.5\spring-boot-starter-data-jpa-3.1.5.jar;C:\Users\usuario\.m2\repository\org\springframework\boot\spring-boot-starter-aop\3.1.5\spring-boot-starter-aop-3.1.5.jar;C:\Users\usuario\.m2\repository\org\springframework\spring-aop\6.0.13\spring-aop-6.0.13.jar;C:\Users\usuario\.m2\repository\org\aspectj\aspectjweaver\1.9.20\aspectjweaver-1.9.20.jar;C:\Users\usuario\.m2\repository\org\springframework\boot\spring-boot-starter-jdbc\3.1.5\spring-boot-starter-jdbc-3.1.5.jar;C:\Users\usuario\.m2\repository\com\zaxxer\HikariCP\5.0.1\HikariCP-5.0.1.jar;C:\Users\usuario\.m2\repository\org\springframework\spring-jdbc\6.0.13\spring-jdbc-6.0.13.jar;C:\Users\usuario\.m2\repository\org\hibernate\orm\hibernate-core\6.2.13.Final\hibernate-core-6.2.13.Final.jar;C:\Users\usuario\.m2\repository\jakarta\persistence\jakarta.persistence-api\3.1.0\jakarta.persistence-api-3.1.0.jar;C:\Users\usuario\.m2\repository\jakarta\transaction\jakarta.transaction-api\2.0.1\jakarta.transaction-api-2.0.1.jar;C:\Users\usuario\.m2\repository\org\jboss\logging\jboss-logging\3.5.3.Final\jboss-logging-3.5.3.Final.jar;C:\Users\usuario\.m2\repository\org\hibernate\common\hibernate-commons-annotations\6.0.6.Final\hibernate-commons-annotations-6.0.6.Final.jar;C:\Users\usuario\.m2\repository\io\smallrye\jandex\3.0.5\jandex-3.0.5.jar;C:\Users\usuario\.m2\repository\net\bytebuddy\byte-buddy\1.14.9\byte-buddy-1.14.9.jar;C:\Users\usuario\.m2\repository\org\glassfish\jaxb\jaxb-runtime\4.0.3\jaxb-runtime-4.0.3.jar;C:\Users\usuario\.m2\repository\org\glassfish\jaxb\jaxb-core\4.0.3\jaxb-core-4.0.3.jar;C:\Users\usuario\.m2\repository\org\eclipse\angus\angus-activation\2.0.1\angus-activation-2.0.1.jar;C:\Users\usuario\.m2\repository\org\glassfish\jaxb\txw2\4.0.3\txw2-4.0.3.jar;C:\Users\usuario\.m2\repository\com\sun\istack\istack-commons-runtime\4.1.2\istack-commons-runtim
Launcher Type: SUN_STANDARD

[Global flags]
     intx CICompilerCount                          = 3                                         {product} {ergonomic}
     uint ConcGCThreads                            = 1                                         {product} {ergonomic}
     uint G1ConcRefinementThreads                  = 4                                         {product} {ergonomic}
   size_t G1HeapRegionSize                         = 1048576                                   {product} {ergonomic}
    uintx GCDrainStackTargetSize                   = 64                                        {product} {ergonomic}
   size_t InitialHeapSize                          = 134217728                                 {product} {ergonomic}
   size_t MarkStackSize                            = 4194304                                   {product} {ergonomic}
   size_t MaxHeapSize                              = 2124414976                                {product} {ergonomic}
   size_t MaxNewSize                               = 1274019840                                {product} {ergonomic}
   size_t MinHeapDeltaBytes                        = 1048576                                   {product} {ergonomic}
   size_t MinHeapSize                              = 8388608                                   {product} {ergonomic}
    uintx NonNMethodCodeHeapSize                   = 5832780                                {pd product} {ergonomic}
    uintx NonProfiledCodeHeapSize                  = 122912730                              {pd product} {ergonomic}
    uintx ProfiledCodeHeapSize                     = 122912730                              {pd product} {ergonomic}
    uintx ReservedCodeCacheSize                    = 251658240                              {pd product} {ergonomic}
     bool SegmentedCodeCache                       = true                                      {product} {ergonomic}
   size_t SoftMaxHeapSize                          = 2124414976                             {manageable} {ergonomic}
     bool UseCompressedClassPointers               = true                           {product lp64_product} {ergonomic}
     bool UseCompressedOops                        = true                           {product lp64_product} {ergonomic}
     bool UseG1GC                                  = true                                      {product} {ergonomic}
     bool UseLargePagesIndividualAllocation        = false                                  {pd product} {ergonomic}

Logging:
Log output configuration:
 #0: stdout all=warning uptime,level,tags
 #1: stderr all=off uptime,level,tags

Environment Variables:
JAVA_HOME=C:\Program Files\Java\jdk-17
PATH=c:\huawei\cti;c:\huawei\csp6;C:\WINDOWS\system32;C:\WINDOWS;C:\WINDOWS\System32\Wbem;C:\WINDOWS\System32\WindowsPowerShell\v1.0\;C:\WINDOWS\System32\OpenSSH\;C:\Program Files\Java\jdk-17\bin;C:\apache-maven-3.9.6\bin;C:\Python39\Scripts\;C:\Python39\;C:\Users\usuario\AppData\Local\Microsoft\WindowsApps;;C:\Program Files\Java\IntelliJ IDEA Community Edition 2022.3.2\bin;;C:\Users\usuario\AppData\Local\Programs\Microsoft VS Code\bin
USERNAME=usuario
OS=Windows_NT
PROCESSOR_IDENTIFIER=Intel64 Family 6 Model 94 Stepping 3, GenuineIntel



---------------  S Y S T E M  ---------------

OS:
 Windows 10 , 64 bit Build 19041 (10.0.19041.3636)
OS uptime: 0 days 2:33 hours

CPU: total 4 (initial active 4) (4 cores per cpu, 1 threads per core) family 6 model 94 stepping 3 microcode 0xcc, cx8, cmov, fxsr, mmx, 3dnowpref, sse, sse2, sse3, ssse3, sse4.1, sse4.2, popcnt, lzcnt, tsc, tscinvbit, avx, avx2, aes, erms, clmul, bmi1, bmi2, rtm, adx, fma, vzeroupper, clflush, clflushopt

Memory: 4k page, system-wide physical 8101M (683M free)
TotalPageFile size 10149M (AvailPageFile size 2M)
current process WorkingSet (physical memory assigned to process): 95M, peak: 95M
current process commit charge ("private bytes"): 233M, peak: 234M

vm_info: Java HotSpot(TM) 64-Bit Server VM (17.0.10+11-LTS-240) for windows-amd64 JRE (17.0.10+11-LTS-240), built on Dec 19 2023 21:47:25 by "mach5one" with MS VC++ 17.1 (VS2022)

END.
